2021-02-21 22:40:52,193:INFO: Loading the datasets...
2021-02-21 22:45:34,811:INFO: - done.
2021-02-21 23:02:46,650:INFO: Loading the datasets...
2021-02-21 23:07:25,491:INFO: - done.
2021-02-21 23:07:26,887:INFO: Starting training for 100 epoch(s)
2021-02-21 23:07:26,887:INFO: Epoch 1/100
2021-02-22 11:17:01,406:INFO: Loading the datasets...
2021-02-22 11:21:42,137:INFO: - done.
2021-02-22 11:21:43,489:INFO: Starting training for 100 epoch(s)
2021-02-22 11:21:43,489:INFO: Epoch 1/100
2021-02-22 11:22:53,454:INFO: Loading the datasets...
2021-02-22 11:27:32,670:INFO: - done.
2021-02-22 11:27:34,057:INFO: Starting training for 100 epoch(s)
2021-02-22 11:27:34,057:INFO: Epoch 1/100
2021-02-22 11:27:37,391:INFO: - Train metrics: precison: 37.49; recall: 40.91; f1: 39.13; loss: 02.47
2021-02-22 11:27:37,592:INFO: - Eval metrics: precison: 38.81; recall: 42.51; f1: 40.58
2021-02-22 11:27:37,689:INFO: - Found new best F1
2021-02-22 11:27:37,689:INFO: Epoch 2/100
2021-02-22 11:27:40,961:INFO: - Train metrics: precison: 43.46; recall: 48.86; f1: 46.00; loss: 02.16
2021-02-22 11:27:41,166:INFO: - Eval metrics: precison: 45.66; recall: 50.96; f1: 48.16
2021-02-22 11:27:41,426:INFO: - Found new best F1
2021-02-22 11:27:41,426:INFO: Epoch 3/100
2021-02-22 11:27:44,591:INFO: - Train metrics: precison: 46.54; recall: 51.02; f1: 48.68; loss: 02.03
2021-02-22 11:27:44,800:INFO: - Eval metrics: precison: 48.13; recall: 52.02; f1: 50.00
2021-02-22 11:27:45,007:INFO: - Found new best F1
2021-02-22 11:27:45,007:INFO: Epoch 4/100
2021-02-22 11:27:48,412:INFO: - Train metrics: precison: 47.64; recall: 54.25; f1: 50.73; loss: 01.94
2021-02-22 11:27:48,644:INFO: - Eval metrics: precison: 48.50; recall: 54.69; f1: 51.41
2021-02-22 11:27:48,820:INFO: - Found new best F1
2021-02-22 11:27:48,820:INFO: Epoch 5/100
2021-02-22 11:27:52,177:INFO: - Train metrics: precison: 49.91; recall: 56.12; f1: 52.83; loss: 01.84
2021-02-22 11:27:52,420:INFO: - Eval metrics: precison: 50.66; recall: 55.94; f1: 53.17
2021-02-22 11:27:52,596:INFO: - Found new best F1
2021-02-22 11:27:52,596:INFO: Epoch 6/100
2021-02-22 11:27:56,167:INFO: - Train metrics: precison: 53.37; recall: 59.36; f1: 56.21; loss: 01.81
2021-02-22 11:27:56,406:INFO: - Eval metrics: precison: 53.20; recall: 58.38; f1: 55.67
2021-02-22 11:27:56,643:INFO: - Found new best F1
2021-02-22 11:27:56,643:INFO: Epoch 7/100
2021-02-22 11:28:00,124:INFO: - Train metrics: precison: 53.81; recall: 60.80; f1: 57.09; loss: 01.74
2021-02-22 11:28:00,332:INFO: - Eval metrics: precison: 53.29; recall: 59.00; f1: 56.00
2021-02-22 11:28:00,579:INFO: - Found new best F1
2021-02-22 11:28:00,579:INFO: Epoch 8/100
2021-02-22 11:28:03,873:INFO: - Train metrics: precison: 55.53; recall: 62.23; f1: 58.69; loss: 01.73
2021-02-22 11:28:04,082:INFO: - Eval metrics: precison: 54.55; recall: 60.03; f1: 57.15
2021-02-22 11:28:04,243:INFO: - Found new best F1
2021-02-22 11:28:04,243:INFO: Epoch 9/100
2021-02-22 11:28:07,500:INFO: - Train metrics: precison: 56.49; recall: 63.11; f1: 59.62; loss: 01.66
2021-02-22 11:28:07,702:INFO: - Eval metrics: precison: 55.58; recall: 61.09; f1: 58.21
2021-02-22 11:28:07,962:INFO: - Found new best F1
2021-02-22 11:28:07,963:INFO: Epoch 10/100
2021-02-22 11:28:11,345:INFO: - Train metrics: precison: 58.31; recall: 64.64; f1: 61.31; loss: 01.63
2021-02-22 11:28:11,569:INFO: - Eval metrics: precison: 56.24; recall: 61.27; f1: 58.65
2021-02-22 11:28:11,835:INFO: - Found new best F1
2021-02-22 11:28:11,835:INFO: Epoch 11/100
2021-02-22 11:28:15,110:INFO: - Train metrics: precison: 58.31; recall: 65.40; f1: 61.65; loss: 01.59
2021-02-22 11:28:15,314:INFO: - Eval metrics: precison: 57.10; recall: 62.56; f1: 59.71
2021-02-22 11:28:15,468:INFO: - Found new best F1
2021-02-22 11:28:15,468:INFO: Epoch 12/100
2021-02-22 11:28:18,720:INFO: - Train metrics: precison: 59.25; recall: 65.71; f1: 62.31; loss: 01.55
2021-02-22 11:28:18,922:INFO: - Eval metrics: precison: 58.01; recall: 62.34; f1: 60.09
2021-02-22 11:28:19,183:INFO: - Found new best F1
2021-02-22 11:28:19,183:INFO: Epoch 13/100
2021-02-22 11:28:22,441:INFO: - Train metrics: precison: 60.22; recall: 66.51; f1: 63.21; loss: 01.52
2021-02-22 11:28:22,645:INFO: - Eval metrics: precison: 59.17; recall: 63.41; f1: 61.21
2021-02-22 11:28:22,815:INFO: - Found new best F1
2021-02-22 11:28:22,815:INFO: Epoch 14/100
2021-02-22 11:28:26,071:INFO: - Train metrics: precison: 61.96; recall: 67.31; f1: 64.52; loss: 01.48
2021-02-22 11:28:26,273:INFO: - Eval metrics: precison: 60.21; recall: 63.32; f1: 61.73
2021-02-22 11:28:26,511:INFO: - Found new best F1
2021-02-22 11:28:26,511:INFO: Epoch 15/100
2021-02-22 11:28:29,757:INFO: - Train metrics: precison: 61.94; recall: 67.75; f1: 64.71; loss: 01.46
2021-02-22 11:28:29,959:INFO: - Eval metrics: precison: 59.18; recall: 62.52; f1: 60.80
2021-02-22 11:28:30,044:INFO: Epoch 16/100
2021-02-22 11:28:33,363:INFO: - Train metrics: precison: 62.54; recall: 68.24; f1: 65.26; loss: 01.44
2021-02-22 11:28:33,595:INFO: - Eval metrics: precison: 60.24; recall: 63.67; f1: 61.91
2021-02-22 11:28:33,855:INFO: - Found new best F1
2021-02-22 11:28:33,855:INFO: Epoch 17/100
2021-02-22 11:28:37,209:INFO: - Train metrics: precison: 64.06; recall: 69.61; f1: 66.72; loss: 01.40
2021-02-22 11:28:37,414:INFO: - Eval metrics: precison: 60.26; recall: 63.85; f1: 62.00
2021-02-22 11:28:37,626:INFO: - Found new best F1
2021-02-22 11:28:37,627:INFO: Epoch 18/100
2021-02-22 11:28:40,921:INFO: - Train metrics: precison: 64.22; recall: 70.41; f1: 67.17; loss: 01.37
2021-02-22 11:28:41,126:INFO: - Eval metrics: precison: 60.27; recall: 64.21; f1: 62.17
2021-02-22 11:28:41,299:INFO: - Found new best F1
2021-02-22 11:28:41,300:INFO: Epoch 19/100
2021-02-22 11:28:44,602:INFO: - Train metrics: precison: 65.29; recall: 71.38; f1: 68.20; loss: 01.36
2021-02-22 11:28:44,817:INFO: - Eval metrics: precison: 60.44; recall: 64.61; f1: 62.45
2021-02-22 11:28:45,066:INFO: - Found new best F1
2021-02-22 11:28:45,067:INFO: Epoch 20/100
2021-02-22 11:28:48,504:INFO: - Train metrics: precison: 66.80; recall: 72.17; f1: 69.38; loss: 01.32
2021-02-22 11:28:48,709:INFO: - Eval metrics: precison: 61.65; recall: 64.70; f1: 63.14
2021-02-22 11:28:48,865:INFO: - Found new best F1
2021-02-22 11:28:48,865:INFO: Epoch 21/100
2021-02-22 11:28:52,042:INFO: - Train metrics: precison: 66.41; recall: 72.79; f1: 69.46; loss: 01.32
2021-02-22 11:28:52,246:INFO: - Eval metrics: precison: 60.64; recall: 64.74; f1: 62.62
2021-02-22 11:28:52,322:INFO: Epoch 22/100
2021-02-22 11:28:55,650:INFO: - Train metrics: precison: 67.47; recall: 73.69; f1: 70.44; loss: 01.28
2021-02-22 11:28:55,857:INFO: - Eval metrics: precison: 62.20; recall: 65.76; f1: 63.93
2021-02-22 11:28:55,978:INFO: - Found new best F1
2021-02-22 11:28:55,979:INFO: Epoch 23/100
2021-02-22 11:28:59,270:INFO: - Train metrics: precison: 68.18; recall: 74.20; f1: 71.07; loss: 01.26
2021-02-22 11:28:59,507:INFO: - Eval metrics: precison: 62.30; recall: 65.18; f1: 63.71
2021-02-22 11:28:59,567:INFO: Epoch 24/100
2021-02-22 11:29:02,951:INFO: - Train metrics: precison: 69.38; recall: 75.04; f1: 72.10; loss: 01.25
2021-02-22 11:29:03,183:INFO: - Eval metrics: precison: 62.86; recall: 65.54; f1: 64.17
2021-02-22 11:29:03,352:INFO: - Found new best F1
2021-02-22 11:29:03,352:INFO: Epoch 25/100
2021-02-22 11:29:06,760:INFO: - Train metrics: precison: 69.33; recall: 75.28; f1: 72.18; loss: 01.24
2021-02-22 11:29:06,965:INFO: - Eval metrics: precison: 62.48; recall: 65.54; f1: 63.98
2021-02-22 11:29:07,084:INFO: Epoch 26/100
2021-02-22 11:29:10,423:INFO: - Train metrics: precison: 70.20; recall: 76.01; f1: 72.99; loss: 01.22
2021-02-22 11:29:10,626:INFO: - Eval metrics: precison: 62.55; recall: 65.94; f1: 64.20
2021-02-22 11:29:10,887:INFO: - Found new best F1
2021-02-22 11:29:10,887:INFO: Epoch 27/100
2021-02-22 11:29:14,237:INFO: - Train metrics: precison: 71.08; recall: 76.77; f1: 73.82; loss: 01.21
2021-02-22 11:29:14,440:INFO: - Eval metrics: precison: 62.66; recall: 65.58; f1: 64.09
2021-02-22 11:29:14,576:INFO: Epoch 28/100
2021-02-22 11:29:17,881:INFO: - Train metrics: precison: 71.16; recall: 77.18; f1: 74.05; loss: 01.19
2021-02-22 11:29:18,119:INFO: - Eval metrics: precison: 62.82; recall: 66.65; f1: 64.68
2021-02-22 11:29:18,297:INFO: - Found new best F1
2021-02-22 11:29:18,297:INFO: Epoch 29/100
2021-02-22 11:29:21,566:INFO: - Train metrics: precison: 71.91; recall: 77.86; f1: 74.77; loss: 01.16
2021-02-22 11:29:21,768:INFO: - Eval metrics: precison: 63.31; recall: 66.30; f1: 64.77
2021-02-22 11:29:21,944:INFO: - Found new best F1
2021-02-22 11:29:21,944:INFO: Epoch 30/100
2021-02-22 11:29:25,340:INFO: - Train metrics: precison: 71.54; recall: 77.88; f1: 74.57; loss: 01.17
2021-02-22 11:29:25,546:INFO: - Eval metrics: precison: 63.18; recall: 66.52; f1: 64.80
2021-02-22 11:29:25,712:INFO: - Found new best F1
2021-02-22 11:29:25,712:INFO: Epoch 31/100
2021-02-22 11:29:28,911:INFO: - Train metrics: precison: 73.20; recall: 78.45; f1: 75.73; loss: 01.16
2021-02-22 11:29:29,118:INFO: - Eval metrics: precison: 63.89; recall: 66.16; f1: 65.01
2021-02-22 11:29:29,374:INFO: - Found new best F1
2021-02-22 11:29:29,375:INFO: Epoch 32/100
2021-02-22 11:29:32,706:INFO: - Train metrics: precison: 72.99; recall: 79.23; f1: 75.98; loss: 01.14
2021-02-22 11:29:32,912:INFO: - Eval metrics: precison: 63.42; recall: 66.92; f1: 65.12
2021-02-22 11:29:33,086:INFO: - Found new best F1
2021-02-22 11:29:33,087:INFO: Epoch 33/100
2021-02-22 11:29:36,477:INFO: - Train metrics: precison: 73.55; recall: 78.89; f1: 76.13; loss: 01.13
2021-02-22 11:29:36,683:INFO: - Eval metrics: precison: 63.50; recall: 66.21; f1: 64.82
2021-02-22 11:29:36,842:INFO: Epoch 34/100
2021-02-22 11:29:40,253:INFO: - Train metrics: precison: 73.68; recall: 79.64; f1: 76.54; loss: 01.10
2021-02-22 11:29:40,495:INFO: - Eval metrics: precison: 63.76; recall: 66.96; f1: 65.32
2021-02-22 11:29:40,667:INFO: - Found new best F1
2021-02-22 11:29:40,667:INFO: Epoch 35/100
2021-02-22 11:29:43,951:INFO: - Train metrics: precison: 74.29; recall: 80.18; f1: 77.12; loss: 01.11
2021-02-22 11:29:44,154:INFO: - Eval metrics: precison: 63.91; recall: 66.92; f1: 65.38
2021-02-22 11:29:44,419:INFO: - Found new best F1
2021-02-22 11:29:44,419:INFO: Epoch 36/100
2021-02-22 11:29:47,695:INFO: - Train metrics: precison: 75.04; recall: 80.90; f1: 77.86; loss: 01.09
2021-02-22 11:29:47,897:INFO: - Eval metrics: precison: 63.71; recall: 66.74; f1: 65.19
2021-02-22 11:29:48,035:INFO: Epoch 37/100
2021-02-22 11:29:51,272:INFO: - Train metrics: precison: 75.79; recall: 81.12; f1: 78.36; loss: 01.07
2021-02-22 11:29:51,477:INFO: - Eval metrics: precison: 63.97; recall: 66.87; f1: 65.39
2021-02-22 11:29:51,739:INFO: - Found new best F1
2021-02-22 11:29:51,739:INFO: Epoch 38/100
2021-02-22 11:29:54,999:INFO: - Train metrics: precison: 75.85; recall: 81.64; f1: 78.64; loss: 01.06
2021-02-22 11:29:55,201:INFO: - Eval metrics: precison: 63.96; recall: 67.32; f1: 65.60
2021-02-22 11:29:55,372:INFO: - Found new best F1
2021-02-22 11:29:55,372:INFO: Epoch 39/100
2021-02-22 11:29:58,631:INFO: - Train metrics: precison: 76.73; recall: 82.22; f1: 79.38; loss: 01.06
2021-02-22 11:29:58,833:INFO: - Eval metrics: precison: 64.63; recall: 67.19; f1: 65.88
2021-02-22 11:29:59,095:INFO: - Found new best F1
2021-02-22 11:29:59,095:INFO: Epoch 40/100
2021-02-22 11:30:02,321:INFO: - Train metrics: precison: 76.67; recall: 82.82; f1: 79.63; loss: 01.03
2021-02-22 11:30:02,525:INFO: - Eval metrics: precison: 63.97; recall: 67.41; f1: 65.64
2021-02-22 11:30:02,607:INFO: Epoch 41/100
2021-02-22 11:30:05,910:INFO: - Train metrics: precison: 77.21; recall: 83.00; f1: 80.00; loss: 01.04
2021-02-22 11:30:06,124:INFO: - Eval metrics: precison: 63.84; recall: 67.19; f1: 65.47
2021-02-22 11:30:06,265:INFO: Epoch 42/100
2021-02-22 11:30:09,630:INFO: - Train metrics: precison: 77.20; recall: 83.07; f1: 80.02; loss: 01.02
2021-02-22 11:30:09,868:INFO: - Eval metrics: precison: 64.04; recall: 67.32; f1: 65.64
2021-02-22 11:30:10,009:INFO: Epoch 43/100
2021-02-22 11:30:13,463:INFO: - Train metrics: precison: 77.77; recall: 83.43; f1: 80.50; loss: 01.03
2021-02-22 11:30:13,668:INFO: - Eval metrics: precison: 64.28; recall: 66.96; f1: 65.59
2021-02-22 11:30:13,748:INFO: Epoch 44/100
2021-02-22 11:30:17,068:INFO: - Train metrics: precison: 78.14; recall: 83.76; f1: 80.86; loss: 00.99
2021-02-22 11:30:17,299:INFO: - Eval metrics: precison: 63.73; recall: 66.87; f1: 65.26
2021-02-22 11:30:17,388:INFO: Epoch 45/100
2021-02-22 11:30:20,678:INFO: - Train metrics: precison: 77.99; recall: 83.99; f1: 80.88; loss: 01.00
2021-02-22 11:30:20,881:INFO: - Eval metrics: precison: 64.04; recall: 67.54; f1: 65.74
2021-02-22 11:30:20,970:INFO: Epoch 46/100
2021-02-22 11:30:24,173:INFO: - Train metrics: precison: 78.66; recall: 84.58; f1: 81.52; loss: 00.99
2021-02-22 11:30:24,377:INFO: - Eval metrics: precison: 64.30; recall: 66.96; f1: 65.61
2021-02-22 11:30:24,464:INFO: Epoch 47/100
2021-02-22 11:30:27,708:INFO: - Train metrics: precison: 79.06; recall: 84.67; f1: 81.77; loss: 00.97
2021-02-22 11:30:27,912:INFO: - Eval metrics: precison: 64.15; recall: 67.01; f1: 65.55
2021-02-22 11:30:27,999:INFO: Epoch 48/100
2021-02-22 11:30:31,227:INFO: - Train metrics: precison: 78.52; recall: 84.89; f1: 81.58; loss: 00.97
2021-02-22 11:30:31,433:INFO: - Eval metrics: precison: 64.02; recall: 67.41; f1: 65.67
2021-02-22 11:30:31,543:INFO: Epoch 49/100
2021-02-22 11:30:34,743:INFO: - Train metrics: precison: 79.79; recall: 85.43; f1: 82.52; loss: 00.97
2021-02-22 11:30:34,948:INFO: - Eval metrics: precison: 64.46; recall: 67.10; f1: 65.75
2021-02-22 11:30:35,060:INFO: Epoch 50/100
2021-02-22 11:30:38,480:INFO: - Train metrics: precison: 79.51; recall: 85.66; f1: 82.47; loss: 00.94
2021-02-22 11:30:38,715:INFO: - Eval metrics: precison: 63.61; recall: 66.92; f1: 65.22
2021-02-22 11:30:38,861:INFO: Epoch 51/100
2021-02-22 11:30:42,200:INFO: - Train metrics: precison: 80.46; recall: 86.24; f1: 83.25; loss: 00.94
2021-02-22 11:30:42,401:INFO: - Eval metrics: precison: 64.29; recall: 66.83; f1: 65.53
2021-02-22 11:30:42,492:INFO: Epoch 52/100
2021-02-22 11:30:45,783:INFO: - Train metrics: precison: 80.51; recall: 86.02; f1: 83.18; loss: 00.94
2021-02-22 11:30:45,985:INFO: - Eval metrics: precison: 63.94; recall: 66.39; f1: 65.14
2021-02-22 11:30:46,076:INFO: Epoch 53/100
2021-02-22 11:30:49,178:INFO: - Train metrics: precison: 80.58; recall: 86.60; f1: 83.48; loss: 00.93
2021-02-22 11:30:49,379:INFO: - Eval metrics: precison: 63.78; recall: 67.19; f1: 65.44
2021-02-22 11:30:49,456:INFO: Epoch 54/100
2021-02-22 11:30:52,697:INFO: - Train metrics: precison: 81.34; recall: 87.10; f1: 84.12; loss: 00.91
2021-02-22 11:30:52,911:INFO: - Eval metrics: precison: 64.17; recall: 66.96; f1: 65.54
2021-02-22 11:30:53,001:INFO: Epoch 55/100
2021-02-22 11:30:56,356:INFO: - Train metrics: precison: 81.36; recall: 86.98; f1: 84.08; loss: 00.92
2021-02-22 11:30:56,560:INFO: - Eval metrics: precison: 64.37; recall: 66.92; f1: 65.62
2021-02-22 11:30:56,652:INFO: Epoch 56/100
2021-02-22 11:30:59,921:INFO: - Train metrics: precison: 81.28; recall: 86.95; f1: 84.02; loss: 00.91
2021-02-22 11:31:00,127:INFO: - Eval metrics: precison: 64.45; recall: 67.14; f1: 65.77
2021-02-22 11:31:00,262:INFO: Epoch 57/100
2021-02-22 11:31:03,571:INFO: - Train metrics: precison: 81.66; recall: 87.37; f1: 84.42; loss: 00.89
2021-02-22 11:31:03,779:INFO: - Eval metrics: precison: 63.85; recall: 67.14; f1: 65.45
2021-02-22 11:31:03,911:INFO: Epoch 58/100
2021-02-22 11:31:07,241:INFO: - Train metrics: precison: 82.15; recall: 87.78; f1: 84.87; loss: 00.89
2021-02-22 11:31:07,447:INFO: - Eval metrics: precison: 63.98; recall: 67.05; f1: 65.48
2021-02-22 11:31:07,547:INFO: Epoch 59/100
2021-02-22 11:31:10,825:INFO: - Train metrics: precison: 82.12; recall: 87.86; f1: 84.89; loss: 00.88
2021-02-22 11:31:11,032:INFO: - Eval metrics: precison: 63.81; recall: 66.79; f1: 65.26
2021-02-22 11:31:11,135:INFO: Epoch 60/100
2021-02-22 11:31:14,436:INFO: - Train metrics: precison: 81.60; recall: 87.66; f1: 84.52; loss: 00.89
2021-02-22 11:31:14,643:INFO: - Eval metrics: precison: 63.53; recall: 67.32; f1: 65.37
2021-02-22 11:31:14,739:INFO: Epoch 61/100
2021-02-22 11:31:18,003:INFO: - Train metrics: precison: 83.18; recall: 88.27; f1: 85.65; loss: 00.86
2021-02-22 11:31:18,215:INFO: - Eval metrics: precison: 64.24; recall: 66.61; f1: 65.40
2021-02-22 11:31:18,322:INFO: Epoch 62/100
2021-02-22 11:31:21,573:INFO: - Train metrics: precison: 83.25; recall: 88.68; f1: 85.88; loss: 00.89
2021-02-22 11:31:21,778:INFO: - Eval metrics: precison: 64.68; recall: 67.59; f1: 66.10
2021-02-22 11:31:21,977:INFO: - Found new best F1
2021-02-22 11:31:21,977:INFO: Epoch 63/100
2021-02-22 11:31:25,237:INFO: - Train metrics: precison: 82.94; recall: 88.50; f1: 85.63; loss: 00.86
2021-02-22 11:31:25,441:INFO: - Eval metrics: precison: 64.36; recall: 67.36; f1: 65.83
2021-02-22 11:31:25,531:INFO: Epoch 64/100
2021-02-22 11:31:28,847:INFO: - Train metrics: precison: 83.64; recall: 88.80; f1: 86.14; loss: 00.85
2021-02-22 11:31:29,065:INFO: - Eval metrics: precison: 64.73; recall: 67.32; f1: 66.00
2021-02-22 11:31:29,155:INFO: Epoch 65/100
2021-02-22 11:31:32,440:INFO: - Train metrics: precison: 83.49; recall: 89.10; f1: 86.21; loss: 00.84
2021-02-22 11:31:32,647:INFO: - Eval metrics: precison: 64.45; recall: 67.63; f1: 66.00
2021-02-22 11:31:32,736:INFO: Epoch 66/100
2021-02-22 11:31:35,994:INFO: - Train metrics: precison: 84.37; recall: 89.53; f1: 86.87; loss: 00.85
2021-02-22 11:31:36,209:INFO: - Eval metrics: precison: 64.43; recall: 67.01; f1: 65.69
2021-02-22 11:31:36,322:INFO: Epoch 67/100
2021-02-22 11:31:39,471:INFO: - Train metrics: precison: 84.43; recall: 89.56; f1: 86.92; loss: 00.82
2021-02-22 11:31:39,676:INFO: - Eval metrics: precison: 64.43; recall: 67.10; f1: 65.74
2021-02-22 11:31:39,804:INFO: Epoch 68/100
2021-02-22 11:31:43,033:INFO: - Train metrics: precison: 83.78; recall: 89.35; f1: 86.47; loss: 00.84
2021-02-22 11:31:43,240:INFO: - Eval metrics: precison: 63.45; recall: 66.92; f1: 65.14
2021-02-22 11:31:43,364:INFO: Epoch 69/100
2021-02-22 11:31:46,622:INFO: - Train metrics: precison: 84.55; recall: 90.02; f1: 87.20; loss: 00.81
2021-02-22 11:31:46,835:INFO: - Eval metrics: precison: 63.70; recall: 67.10; f1: 65.35
2021-02-22 11:31:46,959:INFO: Epoch 70/100
2021-02-22 11:31:50,240:INFO: - Train metrics: precison: 84.29; recall: 89.64; f1: 86.88; loss: 00.81
2021-02-22 11:31:50,466:INFO: - Eval metrics: precison: 63.85; recall: 67.32; f1: 65.54
2021-02-22 11:31:50,533:INFO: Epoch 71/100
2021-02-22 11:31:53,843:INFO: - Train metrics: precison: 84.40; recall: 90.06; f1: 87.14; loss: 00.80
2021-02-22 11:31:54,050:INFO: - Eval metrics: precison: 63.66; recall: 67.14; f1: 65.35
2021-02-22 11:31:54,150:INFO: Epoch 72/100
2021-02-22 11:31:57,424:INFO: - Train metrics: precison: 84.92; recall: 89.92; f1: 87.35; loss: 00.80
2021-02-22 11:31:57,634:INFO: - Eval metrics: precison: 63.79; recall: 67.05; f1: 65.38
2021-02-22 11:31:57,734:INFO: Epoch 73/100
2021-02-22 11:32:01,005:INFO: - Train metrics: precison: 85.26; recall: 90.23; f1: 87.67; loss: 00.79
2021-02-22 11:32:01,230:INFO: - Eval metrics: precison: 63.87; recall: 66.96; f1: 65.38
2021-02-22 11:32:01,343:INFO: Epoch 74/100
2021-02-22 11:32:04,794:INFO: - Train metrics: precison: 85.55; recall: 90.62; f1: 88.01; loss: 00.79
2021-02-22 11:32:05,008:INFO: - Eval metrics: precison: 63.88; recall: 66.92; f1: 65.36
2021-02-22 11:32:05,153:INFO: Epoch 75/100
2021-02-22 11:32:08,434:INFO: - Train metrics: precison: 85.61; recall: 90.71; f1: 88.09; loss: 00.79
2021-02-22 11:32:08,644:INFO: - Eval metrics: precison: 63.98; recall: 66.83; f1: 65.38
2021-02-22 11:32:08,746:INFO: Epoch 76/100
2021-02-22 11:32:12,103:INFO: - Train metrics: precison: 85.90; recall: 90.94; f1: 88.35; loss: 00.77
2021-02-22 11:32:12,314:INFO: - Eval metrics: precison: 64.19; recall: 66.96; f1: 65.55
2021-02-22 11:32:12,423:INFO: Epoch 77/100
2021-02-22 11:32:15,824:INFO: - Train metrics: precison: 85.71; recall: 90.96; f1: 88.26; loss: 00.78
2021-02-22 11:32:16,049:INFO: - Eval metrics: precison: 63.77; recall: 67.23; f1: 65.45
2021-02-22 11:32:16,131:INFO: Epoch 78/100
2021-02-22 11:32:19,481:INFO: - Train metrics: precison: 86.01; recall: 90.93; f1: 88.40; loss: 00.78
2021-02-22 11:32:19,711:INFO: - Eval metrics: precison: 64.29; recall: 67.23; f1: 65.72
2021-02-22 11:32:19,804:INFO: Epoch 79/100
2021-02-22 11:32:23,183:INFO: - Train metrics: precison: 86.18; recall: 91.06; f1: 88.56; loss: 00.76
2021-02-22 11:32:23,405:INFO: - Eval metrics: precison: 63.66; recall: 66.92; f1: 65.25
2021-02-22 11:32:23,500:INFO: Epoch 80/100
2021-02-22 11:32:26,925:INFO: - Train metrics: precison: 86.31; recall: 90.85; f1: 88.52; loss: 00.76
2021-02-22 11:32:27,149:INFO: - Eval metrics: precison: 64.29; recall: 67.01; f1: 65.62
2021-02-22 11:32:27,239:INFO: Epoch 81/100
2021-02-22 11:32:30,567:INFO: - Train metrics: precison: 85.71; recall: 91.11; f1: 88.33; loss: 00.76
2021-02-22 11:32:30,802:INFO: - Eval metrics: precison: 63.22; recall: 67.32; f1: 65.20
2021-02-22 11:32:30,918:INFO: Epoch 82/100
2021-02-22 11:32:34,244:INFO: - Train metrics: precison: 86.63; recall: 91.34; f1: 88.92; loss: 00.75
2021-02-22 11:32:34,450:INFO: - Eval metrics: precison: 64.04; recall: 67.23; f1: 65.60
2021-02-22 11:32:34,572:INFO: Epoch 83/100
2021-02-22 11:32:37,933:INFO: - Train metrics: precison: 86.85; recall: 91.32; f1: 89.03; loss: 00.75
2021-02-22 11:32:38,159:INFO: - Eval metrics: precison: 64.33; recall: 67.05; f1: 65.67
2021-02-22 11:32:38,277:INFO: Epoch 84/100
2021-02-22 11:32:41,799:INFO: - Train metrics: precison: 86.45; recall: 91.31; f1: 88.81; loss: 00.75
2021-02-22 11:32:42,025:INFO: - Eval metrics: precison: 64.12; recall: 67.23; f1: 65.64
2021-02-22 11:32:42,112:INFO: Epoch 85/100
2021-02-22 11:32:45,469:INFO: - Train metrics: precison: 87.13; recall: 91.62; f1: 89.32; loss: 00.74
2021-02-22 11:32:45,688:INFO: - Eval metrics: precison: 64.47; recall: 67.14; f1: 65.78
2021-02-22 11:32:45,776:INFO: Epoch 86/100
2021-02-22 11:32:49,195:INFO: - Train metrics: precison: 86.62; recall: 91.71; f1: 89.09; loss: 00.74
2021-02-22 11:32:49,420:INFO: - Eval metrics: precison: 63.58; recall: 67.23; f1: 65.36
2021-02-22 11:32:49,515:INFO: Epoch 87/100
2021-02-22 11:32:52,914:INFO: - Train metrics: precison: 87.37; recall: 91.99; f1: 89.62; loss: 00.74
2021-02-22 11:32:53,151:INFO: - Eval metrics: precison: 63.91; recall: 66.79; f1: 65.32
2021-02-22 11:32:53,239:INFO: Epoch 88/100
2021-02-22 11:32:56,660:INFO: - Train metrics: precison: 87.33; recall: 91.96; f1: 89.59; loss: 00.73
2021-02-22 11:32:56,889:INFO: - Eval metrics: precison: 63.56; recall: 66.70; f1: 65.09
2021-02-22 11:32:56,992:INFO: Epoch 89/100
2021-02-22 11:33:00,419:INFO: - Train metrics: precison: 87.45; recall: 92.09; f1: 89.71; loss: 00.71
2021-02-22 11:33:00,634:INFO: - Eval metrics: precison: 63.78; recall: 66.79; f1: 65.25
2021-02-22 11:33:00,733:INFO: Epoch 90/100
2021-02-22 11:33:04,080:INFO: - Train metrics: precison: 87.63; recall: 92.26; f1: 89.89; loss: 00.70
2021-02-22 11:33:04,293:INFO: - Eval metrics: precison: 64.15; recall: 67.14; f1: 65.61
2021-02-22 11:33:04,376:INFO: Epoch 91/100
2021-02-22 11:33:07,696:INFO: - Train metrics: precison: 87.62; recall: 92.28; f1: 89.89; loss: 00.70
2021-02-22 11:33:07,904:INFO: - Eval metrics: precison: 63.91; recall: 67.32; f1: 65.57
2021-02-22 11:33:08,022:INFO: Epoch 92/100
2021-02-22 11:33:11,264:INFO: - Train metrics: precison: 87.97; recall: 92.40; f1: 90.13; loss: 00.72
2021-02-22 11:33:11,472:INFO: - Eval metrics: precison: 63.98; recall: 67.05; f1: 65.48
2021-02-22 11:33:11,602:INFO: best val f1: 66.10
2021-02-22 11:34:26,803:INFO: Loading the datasets...
2021-02-22 11:39:09,115:INFO: - done.
2021-02-22 11:39:10,489:INFO: Starting training for 100 epoch(s)
2021-02-22 11:39:10,489:INFO: Epoch 1/100
2021-02-22 11:39:13,743:INFO: - Train metrics: precison: 40.38; recall: 40.24; f1: 40.31; loss: 02.46
2021-02-22 11:39:13,943:INFO: - Eval metrics: precison: 42.86; recall: 42.95; f1: 42.90
2021-02-22 11:39:14,119:INFO: - Found new best F1
2021-02-22 11:39:14,120:INFO: Epoch 2/100
2021-02-22 11:39:17,339:INFO: - Train metrics: precison: 44.29; recall: 48.18; f1: 46.15; loss: 02.14
2021-02-22 11:39:17,539:INFO: - Eval metrics: precison: 45.85; recall: 49.36; f1: 47.54
2021-02-22 11:39:17,696:INFO: - Found new best F1
2021-02-22 11:39:17,696:INFO: Epoch 3/100
2021-02-22 11:39:20,957:INFO: - Train metrics: precison: 46.50; recall: 52.09; f1: 49.14; loss: 02.03
2021-02-22 11:39:21,162:INFO: - Eval metrics: precison: 47.82; recall: 52.69; f1: 50.14
2021-02-22 11:39:21,339:INFO: - Found new best F1
2021-02-22 11:39:21,339:INFO: Epoch 4/100
2021-02-22 11:39:24,567:INFO: - Train metrics: precison: 47.53; recall: 53.66; f1: 50.41; loss: 01.94
2021-02-22 11:39:24,768:INFO: - Eval metrics: precison: 48.53; recall: 54.34; f1: 51.27
2021-02-22 11:39:24,939:INFO: - Found new best F1
2021-02-22 11:39:24,940:INFO: Epoch 5/100
2021-02-22 11:39:28,155:INFO: - Train metrics: precison: 49.27; recall: 55.48; f1: 52.19; loss: 01.88
2021-02-22 11:39:28,358:INFO: - Eval metrics: precison: 49.98; recall: 55.98; f1: 52.81
2021-02-22 11:39:28,610:INFO: - Found new best F1
2021-02-22 11:39:28,610:INFO: Epoch 6/100
2021-02-22 11:39:31,876:INFO: - Train metrics: precison: 50.34; recall: 57.13; f1: 53.52; loss: 01.81
2021-02-22 11:39:32,081:INFO: - Eval metrics: precison: 50.66; recall: 56.47; f1: 53.41
2021-02-22 11:39:32,343:INFO: - Found new best F1
2021-02-22 11:39:32,343:INFO: Epoch 7/100
2021-02-22 11:39:35,664:INFO: - Train metrics: precison: 51.43; recall: 58.60; f1: 54.78; loss: 01.77
2021-02-22 11:39:35,869:INFO: - Eval metrics: precison: 52.04; recall: 58.51; f1: 55.09
2021-02-22 11:39:36,110:INFO: - Found new best F1
2021-02-22 11:39:36,111:INFO: Epoch 8/100
2021-02-22 11:39:39,429:INFO: - Train metrics: precison: 52.23; recall: 59.67; f1: 55.70; loss: 01.72
2021-02-22 11:39:39,633:INFO: - Eval metrics: precison: 52.23; recall: 58.78; f1: 55.31
2021-02-22 11:39:39,807:INFO: - Found new best F1
2021-02-22 11:39:39,807:INFO: Epoch 9/100
2021-02-22 11:39:43,087:INFO: - Train metrics: precison: 55.21; recall: 62.03; f1: 58.42; loss: 01.65
2021-02-22 11:39:43,317:INFO: - Eval metrics: precison: 54.63; recall: 60.60; f1: 57.46
2021-02-22 11:39:43,575:INFO: - Found new best F1
2021-02-22 11:39:43,575:INFO: Epoch 10/100
2021-02-22 11:39:46,889:INFO: - Train metrics: precison: 56.38; recall: 63.25; f1: 59.62; loss: 01.63
2021-02-22 11:39:47,115:INFO: - Eval metrics: precison: 55.80; recall: 61.81; f1: 58.65
2021-02-22 11:39:47,389:INFO: - Found new best F1
2021-02-22 11:39:47,390:INFO: Epoch 11/100
2021-02-22 11:39:50,732:INFO: - Train metrics: precison: 57.61; recall: 64.28; f1: 60.76; loss: 01.57
2021-02-22 11:39:50,935:INFO: - Eval metrics: precison: 56.29; recall: 61.89; f1: 58.96
2021-02-22 11:39:51,108:INFO: - Found new best F1
2021-02-22 11:39:51,109:INFO: Epoch 12/100
2021-02-22 11:39:54,435:INFO: - Train metrics: precison: 58.93; recall: 65.68; f1: 62.12; loss: 01.54
2021-02-22 11:39:54,640:INFO: - Eval metrics: precison: 57.07; recall: 62.61; f1: 59.71
2021-02-22 11:39:54,815:INFO: - Found new best F1
2021-02-22 11:39:54,815:INFO: Epoch 13/100
2021-02-22 11:39:58,057:INFO: - Train metrics: precison: 59.54; recall: 66.59; f1: 62.87; loss: 01.51
2021-02-22 11:39:58,259:INFO: - Eval metrics: precison: 58.17; recall: 64.12; f1: 61.00
2021-02-22 11:39:58,412:INFO: - Found new best F1
2021-02-22 11:39:58,412:INFO: Epoch 14/100
2021-02-22 11:40:01,679:INFO: - Train metrics: precison: 61.29; recall: 67.74; f1: 64.35; loss: 01.46
2021-02-22 11:40:01,889:INFO: - Eval metrics: precison: 58.10; recall: 63.45; f1: 60.66
2021-02-22 11:40:02,022:INFO: Epoch 15/100
2021-02-22 11:40:05,226:INFO: - Train metrics: precison: 62.32; recall: 68.97; f1: 65.48; loss: 01.44
2021-02-22 11:40:05,431:INFO: - Eval metrics: precison: 58.35; recall: 63.36; f1: 60.75
2021-02-22 11:40:05,556:INFO: Epoch 16/100
2021-02-22 11:40:08,769:INFO: - Train metrics: precison: 63.09; recall: 70.24; f1: 66.48; loss: 01.40
2021-02-22 11:40:08,980:INFO: - Eval metrics: precison: 59.33; recall: 64.74; f1: 61.92
2021-02-22 11:40:09,223:INFO: - Found new best F1
2021-02-22 11:40:09,224:INFO: Epoch 17/100
2021-02-22 11:40:12,403:INFO: - Train metrics: precison: 64.31; recall: 71.00; f1: 67.49; loss: 01.36
2021-02-22 11:40:12,607:INFO: - Eval metrics: precison: 60.33; recall: 65.67; f1: 62.89
2021-02-22 11:40:12,850:INFO: - Found new best F1
2021-02-22 11:40:12,851:INFO: Epoch 18/100
2021-02-22 11:40:16,144:INFO: - Train metrics: precison: 65.21; recall: 72.15; f1: 68.51; loss: 01.35
2021-02-22 11:40:16,354:INFO: - Eval metrics: precison: 60.65; recall: 65.72; f1: 63.08
2021-02-22 11:40:16,619:INFO: - Found new best F1
2021-02-22 11:40:16,619:INFO: Epoch 19/100
2021-02-22 11:40:19,994:INFO: - Train metrics: precison: 65.25; recall: 72.73; f1: 68.79; loss: 01.32
2021-02-22 11:40:20,221:INFO: - Eval metrics: precison: 60.75; recall: 66.61; f1: 63.54
2021-02-22 11:40:20,483:INFO: - Found new best F1
2021-02-22 11:40:20,483:INFO: Epoch 20/100
2021-02-22 11:40:23,913:INFO: - Train metrics: precison: 66.68; recall: 73.72; f1: 70.02; loss: 01.31
2021-02-22 11:40:24,135:INFO: - Eval metrics: precison: 61.83; recall: 67.27; f1: 64.44
2021-02-22 11:40:24,373:INFO: - Found new best F1
2021-02-22 11:40:24,373:INFO: Epoch 21/100
2021-02-22 11:40:27,771:INFO: - Train metrics: precison: 67.00; recall: 74.23; f1: 70.43; loss: 01.29
2021-02-22 11:40:28,004:INFO: - Eval metrics: precison: 62.17; recall: 67.36; f1: 64.66
2021-02-22 11:40:28,163:INFO: - Found new best F1
2021-02-22 11:40:28,163:INFO: Epoch 22/100
2021-02-22 11:40:31,605:INFO: - Train metrics: precison: 67.64; recall: 75.42; f1: 71.32; loss: 01.27
2021-02-22 11:40:31,832:INFO: - Eval metrics: precison: 61.59; recall: 67.45; f1: 64.39
2021-02-22 11:40:31,921:INFO: Epoch 23/100
2021-02-22 11:40:35,322:INFO: - Train metrics: precison: 69.14; recall: 76.15; f1: 72.47; loss: 01.24
2021-02-22 11:40:35,551:INFO: - Eval metrics: precison: 61.76; recall: 67.27; f1: 64.40
2021-02-22 11:40:35,638:INFO: Epoch 24/100
2021-02-22 11:40:39,072:INFO: - Train metrics: precison: 69.41; recall: 76.54; f1: 72.80; loss: 01.22
2021-02-22 11:40:39,318:INFO: - Eval metrics: precison: 61.59; recall: 67.10; f1: 64.23
2021-02-22 11:40:39,406:INFO: Epoch 25/100
2021-02-22 11:40:42,851:INFO: - Train metrics: precison: 69.60; recall: 77.28; f1: 73.24; loss: 01.21
2021-02-22 11:40:43,084:INFO: - Eval metrics: precison: 61.60; recall: 67.63; f1: 64.48
2021-02-22 11:40:43,201:INFO: Epoch 26/100
2021-02-22 11:40:46,663:INFO: - Train metrics: precison: 70.63; recall: 77.68; f1: 73.98; loss: 01.19
2021-02-22 11:40:46,900:INFO: - Eval metrics: precison: 62.14; recall: 67.36; f1: 64.65
2021-02-22 11:40:47,020:INFO: Epoch 27/100
2021-02-22 11:40:50,417:INFO: - Train metrics: precison: 71.33; recall: 78.66; f1: 74.82; loss: 01.18
2021-02-22 11:40:50,622:INFO: - Eval metrics: precison: 62.02; recall: 67.10; f1: 64.46
2021-02-22 11:40:50,711:INFO: Epoch 28/100
2021-02-22 11:40:53,973:INFO: - Train metrics: precison: 71.23; recall: 78.54; f1: 74.71; loss: 01.17
2021-02-22 11:40:54,176:INFO: - Eval metrics: precison: 61.25; recall: 66.43; f1: 63.74
2021-02-22 11:40:54,263:INFO: Epoch 29/100
2021-02-22 11:40:57,514:INFO: - Train metrics: precison: 71.40; recall: 78.63; f1: 74.84; loss: 01.14
2021-02-22 11:40:57,718:INFO: - Eval metrics: precison: 61.63; recall: 66.79; f1: 64.11
2021-02-22 11:40:57,808:INFO: Epoch 30/100
2021-02-22 11:41:01,220:INFO: - Train metrics: precison: 71.73; recall: 79.06; f1: 75.22; loss: 01.14
2021-02-22 11:41:01,478:INFO: - Eval metrics: precison: 62.29; recall: 67.72; f1: 64.89
2021-02-22 11:41:01,637:INFO: - Found new best F1
2021-02-22 11:41:01,638:INFO: Epoch 31/100
2021-02-22 11:41:04,888:INFO: - Train metrics: precison: 73.43; recall: 80.38; f1: 76.75; loss: 01.12
2021-02-22 11:41:05,095:INFO: - Eval metrics: precison: 62.17; recall: 67.36; f1: 64.66
2021-02-22 11:41:05,206:INFO: Epoch 32/100
2021-02-22 11:41:08,477:INFO: - Train metrics: precison: 72.61; recall: 80.49; f1: 76.34; loss: 01.11
2021-02-22 11:41:08,680:INFO: - Eval metrics: precison: 61.62; recall: 67.54; f1: 64.45
2021-02-22 11:41:08,785:INFO: Epoch 33/100
2021-02-22 11:41:12,027:INFO: - Train metrics: precison: 72.87; recall: 79.98; f1: 76.26; loss: 01.10
2021-02-22 11:41:12,233:INFO: - Eval metrics: precison: 62.07; recall: 67.23; f1: 64.55
2021-02-22 11:41:12,336:INFO: Epoch 34/100
2021-02-22 11:41:15,620:INFO: - Train metrics: precison: 72.82; recall: 80.77; f1: 76.59; loss: 01.08
2021-02-22 11:41:15,824:INFO: - Eval metrics: precison: 61.62; recall: 67.54; f1: 64.45
2021-02-22 11:41:15,906:INFO: Epoch 35/100
2021-02-22 11:41:19,168:INFO: - Train metrics: precison: 73.96; recall: 81.15; f1: 77.39; loss: 01.07
2021-02-22 11:41:19,370:INFO: - Eval metrics: precison: 62.65; recall: 67.27; f1: 64.88
2021-02-22 11:41:19,470:INFO: Epoch 36/100
2021-02-22 11:41:22,772:INFO: - Train metrics: precison: 73.98; recall: 81.68; f1: 77.64; loss: 01.08
2021-02-22 11:41:22,993:INFO: - Eval metrics: precison: 62.09; recall: 67.59; f1: 64.72
2021-02-22 11:41:23,098:INFO: Epoch 37/100
2021-02-22 11:41:26,403:INFO: - Train metrics: precison: 75.43; recall: 82.38; f1: 78.76; loss: 01.04
2021-02-22 11:41:26,607:INFO: - Eval metrics: precison: 62.65; recall: 67.59; f1: 65.03
2021-02-22 11:41:26,798:INFO: - Found new best F1
2021-02-22 11:41:26,798:INFO: Epoch 38/100
2021-02-22 11:41:30,068:INFO: - Train metrics: precison: 76.01; recall: 83.10; f1: 79.40; loss: 01.03
2021-02-22 11:41:30,277:INFO: - Eval metrics: precison: 62.52; recall: 67.50; f1: 64.91
2021-02-22 11:41:30,400:INFO: Epoch 39/100
2021-02-22 11:41:33,640:INFO: - Train metrics: precison: 74.99; recall: 82.29; f1: 78.47; loss: 01.03
2021-02-22 11:41:33,857:INFO: - Eval metrics: precison: 61.87; recall: 67.10; f1: 64.38
2021-02-22 11:41:33,948:INFO: Epoch 40/100
2021-02-22 11:41:37,134:INFO: - Train metrics: precison: 76.80; recall: 83.67; f1: 80.09; loss: 01.00
2021-02-22 11:41:37,337:INFO: - Eval metrics: precison: 62.75; recall: 67.85; f1: 65.20
2021-02-22 11:41:37,510:INFO: - Found new best F1
2021-02-22 11:41:37,510:INFO: Epoch 41/100
2021-02-22 11:41:40,771:INFO: - Train metrics: precison: 77.08; recall: 83.99; f1: 80.39; loss: 01.00
2021-02-22 11:41:40,974:INFO: - Eval metrics: precison: 62.93; recall: 67.19; f1: 64.99
2021-02-22 11:41:41,067:INFO: Epoch 42/100
2021-02-22 11:41:44,265:INFO: - Train metrics: precison: 77.20; recall: 83.95; f1: 80.43; loss: 00.98
2021-02-22 11:41:44,470:INFO: - Eval metrics: precison: 62.81; recall: 66.92; f1: 64.80
2021-02-22 11:41:44,591:INFO: Epoch 43/100
2021-02-22 11:41:47,898:INFO: - Train metrics: precison: 78.08; recall: 84.45; f1: 81.14; loss: 00.98
2021-02-22 11:41:48,112:INFO: - Eval metrics: precison: 62.71; recall: 66.70; f1: 64.64
2021-02-22 11:41:48,243:INFO: Epoch 44/100
2021-02-22 11:41:51,674:INFO: - Train metrics: precison: 77.99; recall: 84.31; f1: 81.03; loss: 00.96
2021-02-22 11:41:52,006:INFO: - Eval metrics: precison: 62.77; recall: 66.65; f1: 64.65
2021-02-22 11:41:52,130:INFO: Epoch 45/100
2021-02-22 11:41:55,493:INFO: - Train metrics: precison: 78.96; recall: 85.01; f1: 81.87; loss: 00.97
2021-02-22 11:41:55,695:INFO: - Eval metrics: precison: 63.19; recall: 67.10; f1: 65.09
2021-02-22 11:41:55,836:INFO: Epoch 46/100
2021-02-22 11:41:59,207:INFO: - Train metrics: precison: 79.34; recall: 85.81; f1: 82.45; loss: 00.94
2021-02-22 11:41:59,414:INFO: - Eval metrics: precison: 63.42; recall: 67.45; f1: 65.37
2021-02-22 11:41:59,675:INFO: - Found new best F1
2021-02-22 11:41:59,675:INFO: Epoch 47/100
2021-02-22 11:42:02,975:INFO: - Train metrics: precison: 79.49; recall: 85.96; f1: 82.60; loss: 00.93
2021-02-22 11:42:03,179:INFO: - Eval metrics: precison: 63.13; recall: 67.14; f1: 65.07
2021-02-22 11:42:03,321:INFO: Epoch 48/100
2021-02-22 11:42:06,674:INFO: - Train metrics: precison: 79.08; recall: 85.86; f1: 82.33; loss: 00.93
2021-02-22 11:42:06,879:INFO: - Eval metrics: precison: 63.19; recall: 67.63; f1: 65.34
2021-02-22 11:42:06,959:INFO: Epoch 49/100
2021-02-22 11:42:10,195:INFO: - Train metrics: precison: 79.92; recall: 86.30; f1: 82.99; loss: 00.93
2021-02-22 11:42:10,400:INFO: - Eval metrics: precison: 63.63; recall: 67.36; f1: 65.44
2021-02-22 11:42:10,574:INFO: - Found new best F1
2021-02-22 11:42:10,574:INFO: Epoch 50/100
2021-02-22 11:42:13,983:INFO: - Train metrics: precison: 79.79; recall: 86.22; f1: 82.88; loss: 00.91
2021-02-22 11:42:14,201:INFO: - Eval metrics: precison: 63.13; recall: 67.14; f1: 65.07
2021-02-22 11:42:14,345:INFO: Epoch 51/100
2021-02-22 11:42:17,690:INFO: - Train metrics: precison: 80.04; recall: 86.83; f1: 83.30; loss: 00.91
2021-02-22 11:42:17,897:INFO: - Eval metrics: precison: 63.38; recall: 68.03; f1: 65.62
2021-02-22 11:42:18,076:INFO: - Found new best F1
2021-02-22 11:42:18,076:INFO: Epoch 52/100
2021-02-22 11:42:21,486:INFO: - Train metrics: precison: 80.61; recall: 86.90; f1: 83.64; loss: 00.90
2021-02-22 11:42:21,692:INFO: - Eval metrics: precison: 63.18; recall: 67.36; f1: 65.20
2021-02-22 11:42:21,833:INFO: Epoch 53/100
2021-02-22 11:42:25,291:INFO: - Train metrics: precison: 80.07; recall: 87.12; f1: 83.44; loss: 00.90
2021-02-22 11:42:25,499:INFO: - Eval metrics: precison: 62.72; recall: 67.76; f1: 65.14
2021-02-22 11:42:25,637:INFO: Epoch 54/100
2021-02-22 11:42:28,961:INFO: - Train metrics: precison: 81.53; recall: 87.60; f1: 84.46; loss: 00.88
2021-02-22 11:42:29,185:INFO: - Eval metrics: precison: 63.75; recall: 67.72; f1: 65.67
2021-02-22 11:42:29,374:INFO: - Found new best F1
2021-02-22 11:42:29,374:INFO: Epoch 55/100
2021-02-22 11:42:32,622:INFO: - Train metrics: precison: 82.00; recall: 87.77; f1: 84.78; loss: 00.89
2021-02-22 11:42:32,826:INFO: - Eval metrics: precison: 63.72; recall: 67.32; f1: 65.47
2021-02-22 11:42:32,915:INFO: Epoch 56/100
2021-02-22 11:42:36,248:INFO: - Train metrics: precison: 81.97; recall: 87.88; f1: 84.82; loss: 00.86
2021-02-22 11:42:36,453:INFO: - Eval metrics: precison: 63.64; recall: 67.23; f1: 65.38
2021-02-22 11:42:36,542:INFO: Epoch 57/100
2021-02-22 11:42:39,865:INFO: - Train metrics: precison: 82.02; recall: 88.59; f1: 85.18; loss: 00.86
2021-02-22 11:42:40,070:INFO: - Eval metrics: precison: 62.90; recall: 67.41; f1: 65.08
2021-02-22 11:42:40,158:INFO: Epoch 58/100
2021-02-22 11:42:43,445:INFO: - Train metrics: precison: 82.42; recall: 88.65; f1: 85.42; loss: 00.85
2021-02-22 11:42:43,659:INFO: - Eval metrics: precison: 63.45; recall: 67.63; f1: 65.48
2021-02-22 11:42:43,740:INFO: Epoch 59/100
2021-02-22 11:42:47,018:INFO: - Train metrics: precison: 82.14; recall: 88.22; f1: 85.07; loss: 00.84
2021-02-22 11:42:47,225:INFO: - Eval metrics: precison: 63.35; recall: 67.19; f1: 65.21
2021-02-22 11:42:47,314:INFO: Epoch 60/100
2021-02-22 11:42:50,658:INFO: - Train metrics: precison: 82.73; recall: 88.85; f1: 85.68; loss: 00.84
2021-02-22 11:42:50,879:INFO: - Eval metrics: precison: 63.09; recall: 67.41; f1: 65.18
2021-02-22 11:42:50,964:INFO: Epoch 61/100
2021-02-22 11:42:54,242:INFO: - Train metrics: precison: 82.92; recall: 89.23; f1: 85.96; loss: 00.83
2021-02-22 11:42:54,445:INFO: - Eval metrics: precison: 63.12; recall: 67.81; f1: 65.38
2021-02-22 11:42:54,533:INFO: Epoch 62/100
2021-02-22 11:43:00,839:INFO: Loading the datasets...
2021-02-22 11:44:45,603:INFO: Loading the datasets...
2021-02-22 11:49:30,967:INFO: - done.
2021-02-22 11:52:52,739:INFO: Loading the datasets...
2021-02-22 11:57:30,639:INFO: - done.
2021-02-22 12:07:51,133:INFO: Loading the datasets...
2021-02-22 12:12:36,692:INFO: - done.
2021-02-22 12:12:38,097:INFO: Starting training for 100 epoch(s)
2021-02-22 12:12:38,097:INFO: Epoch 1/100
2021-02-22 12:12:41,425:INFO: - Train metrics: precison: 46.30; recall: 54.92; f1: 50.24; loss: 02.09
2021-02-22 12:12:41,628:INFO: - Eval metrics: precison: 47.87; recall: 56.02; f1: 51.63
2021-02-22 12:12:41,789:INFO: - Found new best F1
2021-02-22 12:12:41,790:INFO: Epoch 2/100
2021-02-22 12:12:45,004:INFO: - Train metrics: precison: 53.09; recall: 61.87; f1: 57.14; loss: 01.70
2021-02-22 12:12:45,209:INFO: - Eval metrics: precison: 52.74; recall: 60.29; f1: 56.27
2021-02-22 12:12:45,388:INFO: - Found new best F1
2021-02-22 12:12:45,388:INFO: Epoch 3/100
2021-02-22 12:12:48,620:INFO: - Train metrics: precison: 56.79; recall: 66.60; f1: 61.31; loss: 01.58
2021-02-22 12:12:48,825:INFO: - Eval metrics: precison: 55.89; recall: 64.78; f1: 60.01
2021-02-22 12:12:49,075:INFO: - Found new best F1
2021-02-22 12:12:49,075:INFO: Epoch 4/100
2021-02-22 12:12:52,384:INFO: - Train metrics: precison: 58.45; recall: 68.29; f1: 62.99; loss: 01.48
2021-02-22 12:12:52,622:INFO: - Eval metrics: precison: 57.26; recall: 66.12; f1: 61.37
2021-02-22 12:12:52,804:INFO: - Found new best F1
2021-02-22 12:12:52,805:INFO: Epoch 5/100
2021-02-22 12:12:56,230:INFO: - Train metrics: precison: 61.12; recall: 70.90; f1: 65.65; loss: 01.41
2021-02-22 12:12:56,462:INFO: - Eval metrics: precison: 57.94; recall: 66.21; f1: 61.80
2021-02-22 12:12:56,629:INFO: - Found new best F1
2021-02-22 12:12:56,629:INFO: Epoch 6/100
2021-02-22 12:13:00,111:INFO: - Train metrics: precison: 62.00; recall: 72.11; f1: 66.68; loss: 01.37
2021-02-22 12:13:00,319:INFO: - Eval metrics: precison: 58.43; recall: 66.70; f1: 62.29
2021-02-22 12:13:00,470:INFO: - Found new best F1
2021-02-22 12:13:00,470:INFO: Epoch 7/100
2021-02-22 12:13:03,878:INFO: - Train metrics: precison: 63.77; recall: 73.66; f1: 68.36; loss: 01.33
2021-02-22 12:13:04,121:INFO: - Eval metrics: precison: 59.43; recall: 68.07; f1: 63.46
2021-02-22 12:13:04,335:INFO: - Found new best F1
2021-02-22 12:13:04,335:INFO: Epoch 8/100
2021-02-22 12:13:07,811:INFO: - Train metrics: precison: 65.25; recall: 74.93; f1: 69.76; loss: 01.28
2021-02-22 12:13:08,046:INFO: - Eval metrics: precison: 59.55; recall: 67.36; f1: 63.22
2021-02-22 12:13:08,126:INFO: Epoch 9/100
2021-02-22 12:13:11,692:INFO: - Train metrics: precison: 67.78; recall: 77.10; f1: 72.14; loss: 01.24
2021-02-22 12:13:11,933:INFO: - Eval metrics: precison: 61.37; recall: 68.88; f1: 64.91
2021-02-22 12:13:12,196:INFO: - Found new best F1
2021-02-22 12:13:12,196:INFO: Epoch 10/100
2021-02-22 12:13:15,585:INFO: - Train metrics: precison: 68.08; recall: 77.72; f1: 72.59; loss: 01.22
2021-02-22 12:13:15,802:INFO: - Eval metrics: precison: 59.93; recall: 67.36; f1: 63.43
2021-02-22 12:13:15,891:INFO: Epoch 11/100
2021-02-22 12:13:19,179:INFO: - Train metrics: precison: 68.93; recall: 78.48; f1: 73.40; loss: 01.17
2021-02-22 12:13:19,406:INFO: - Eval metrics: precison: 60.64; recall: 68.79; f1: 64.46
2021-02-22 12:13:19,497:INFO: Epoch 12/100
2021-02-22 12:13:22,853:INFO: - Train metrics: precison: 70.56; recall: 80.49; f1: 75.20; loss: 01.15
2021-02-22 12:13:23,057:INFO: - Eval metrics: precison: 61.13; recall: 69.36; f1: 64.99
2021-02-22 12:13:23,232:INFO: - Found new best F1
2021-02-22 12:13:23,232:INFO: Epoch 13/100
2021-02-22 12:13:26,533:INFO: - Train metrics: precison: 71.93; recall: 81.06; f1: 76.22; loss: 01.12
2021-02-22 12:13:26,771:INFO: - Eval metrics: precison: 61.05; recall: 68.43; f1: 64.53
2021-02-22 12:13:26,853:INFO: Epoch 14/100
2021-02-22 12:13:30,260:INFO: - Train metrics: precison: 72.11; recall: 81.55; f1: 76.54; loss: 01.08
2021-02-22 12:13:30,496:INFO: - Eval metrics: precison: 60.97; recall: 68.34; f1: 64.44
2021-02-22 12:13:30,578:INFO: Epoch 15/100
2021-02-22 12:13:34,024:INFO: - Train metrics: precison: 73.26; recall: 82.72; f1: 77.70; loss: 01.05
2021-02-22 12:13:34,250:INFO: - Eval metrics: precison: 61.54; recall: 68.65; f1: 64.90
2021-02-22 12:13:34,360:INFO: Epoch 16/100
2021-02-22 12:13:37,749:INFO: - Train metrics: precison: 73.70; recall: 83.16; f1: 78.14; loss: 01.04
2021-02-22 12:13:37,973:INFO: - Eval metrics: precison: 62.11; recall: 69.45; f1: 65.58
2021-02-22 12:13:38,212:INFO: - Found new best F1
2021-02-22 12:13:38,212:INFO: Epoch 17/100
2021-02-22 12:13:41,491:INFO: - Train metrics: precison: 74.71; recall: 83.63; f1: 78.91; loss: 01.01
2021-02-22 12:13:41,696:INFO: - Eval metrics: precison: 62.52; recall: 69.59; f1: 65.87
2021-02-22 12:13:41,959:INFO: - Found new best F1
2021-02-22 12:13:41,959:INFO: Epoch 18/100
2021-02-22 12:13:45,266:INFO: - Train metrics: precison: 75.31; recall: 84.69; f1: 79.72; loss: 00.99
2021-02-22 12:13:45,468:INFO: - Eval metrics: precison: 62.26; recall: 69.54; f1: 65.70
2021-02-22 12:13:45,578:INFO: Epoch 19/100
2021-02-22 12:13:48,922:INFO: - Train metrics: precison: 76.18; recall: 85.45; f1: 80.55; loss: 00.96
2021-02-22 12:13:49,132:INFO: - Eval metrics: precison: 62.29; recall: 69.05; f1: 65.50
2021-02-22 12:13:49,221:INFO: Epoch 20/100
2021-02-22 12:13:52,482:INFO: - Train metrics: precison: 77.19; recall: 86.24; f1: 81.47; loss: 00.93
2021-02-22 12:13:52,694:INFO: - Eval metrics: precison: 62.71; recall: 69.76; f1: 66.05
2021-02-22 12:13:52,865:INFO: - Found new best F1
2021-02-22 12:13:52,865:INFO: Epoch 21/100
2021-02-22 12:13:56,133:INFO: - Train metrics: precison: 78.12; recall: 86.81; f1: 82.24; loss: 00.93
2021-02-22 12:13:56,338:INFO: - Eval metrics: precison: 62.58; recall: 69.45; f1: 65.84
2021-02-22 12:13:56,430:INFO: Epoch 22/100
2021-02-22 12:13:59,671:INFO: - Train metrics: precison: 78.91; recall: 87.18; f1: 82.84; loss: 00.90
2021-02-22 12:13:59,878:INFO: - Eval metrics: precison: 62.97; recall: 69.28; f1: 65.98
2021-02-22 12:14:00,012:INFO: Epoch 23/100
2021-02-22 12:14:03,321:INFO: - Train metrics: precison: 80.14; recall: 87.94; f1: 83.86; loss: 00.89
2021-02-22 12:14:03,525:INFO: - Eval metrics: precison: 62.76; recall: 68.56; f1: 65.53
2021-02-22 12:14:03,660:INFO: Epoch 24/100
2021-02-22 12:14:06,947:INFO: - Train metrics: precison: 80.57; recall: 88.33; f1: 84.27; loss: 00.86
2021-02-22 12:14:07,152:INFO: - Eval metrics: precison: 62.59; recall: 68.52; f1: 65.42
2021-02-22 12:14:07,279:INFO: Epoch 25/100
2021-02-22 12:14:10,678:INFO: - Train metrics: precison: 81.09; recall: 88.79; f1: 84.77; loss: 00.85
2021-02-22 12:14:10,929:INFO: - Eval metrics: precison: 62.79; recall: 68.88; f1: 65.69
2021-02-22 12:14:11,060:INFO: Epoch 26/100
2021-02-22 12:14:14,398:INFO: - Train metrics: precison: 81.28; recall: 89.23; f1: 85.07; loss: 00.83
2021-02-22 12:14:14,603:INFO: - Eval metrics: precison: 62.23; recall: 68.43; f1: 65.18
2021-02-22 12:14:14,729:INFO: Epoch 27/100
2021-02-22 12:14:17,958:INFO: - Train metrics: precison: 82.16; recall: 89.51; f1: 85.68; loss: 00.82
2021-02-22 12:14:18,161:INFO: - Eval metrics: precison: 63.08; recall: 68.83; f1: 65.83
2021-02-22 12:14:18,247:INFO: Epoch 28/100
2021-02-22 12:14:21,468:INFO: - Train metrics: precison: 82.64; recall: 90.24; f1: 86.28; loss: 00.81
2021-02-22 12:14:21,671:INFO: - Eval metrics: precison: 62.35; recall: 68.47; f1: 65.27
2021-02-22 12:14:21,732:INFO: Epoch 29/100
2021-02-22 12:14:24,989:INFO: - Train metrics: precison: 83.25; recall: 90.36; f1: 86.66; loss: 00.81
2021-02-22 12:14:25,193:INFO: - Eval metrics: precison: 62.80; recall: 68.70; f1: 65.62
2021-02-22 12:14:25,283:INFO: Epoch 30/100
2021-02-22 12:14:28,522:INFO: - Train metrics: precison: 84.17; recall: 90.79; f1: 87.36; loss: 00.77
2021-02-22 12:14:28,725:INFO: - Eval metrics: precison: 62.82; recall: 68.43; f1: 65.50
2021-02-22 12:14:28,817:INFO: Epoch 31/100
2021-02-22 12:14:32,064:INFO: - Train metrics: precison: 85.30; recall: 90.97; f1: 88.05; loss: 00.76
2021-02-22 12:14:32,267:INFO: - Eval metrics: precison: 63.29; recall: 68.16; f1: 65.64
2021-02-22 12:14:32,359:INFO: Epoch 32/100
2021-02-22 12:14:35,585:INFO: - Train metrics: precison: 84.63; recall: 91.67; f1: 88.01; loss: 00.74
2021-02-22 12:14:35,790:INFO: - Eval metrics: precison: 62.75; recall: 68.61; f1: 65.55
2021-02-22 12:14:35,883:INFO: Epoch 33/100
2021-02-22 12:14:39,157:INFO: - Train metrics: precison: 84.43; recall: 91.53; f1: 87.84; loss: 00.73
2021-02-22 12:14:39,361:INFO: - Eval metrics: precison: 62.63; recall: 68.56; f1: 65.46
2021-02-22 12:14:39,498:INFO: Epoch 34/100
2021-02-22 12:14:42,729:INFO: - Train metrics: precison: 85.58; recall: 92.61; f1: 88.96; loss: 00.71
2021-02-22 12:14:42,934:INFO: - Eval metrics: precison: 62.79; recall: 68.65; f1: 65.59
2021-02-22 12:14:43,057:INFO: Epoch 35/100
2021-02-22 12:14:46,278:INFO: - Train metrics: precison: 86.65; recall: 92.67; f1: 89.56; loss: 00.70
2021-02-22 12:14:46,480:INFO: - Eval metrics: precison: 63.34; recall: 68.83; f1: 65.97
2021-02-22 12:14:46,601:INFO: Epoch 36/100
2021-02-22 12:14:49,859:INFO: - Train metrics: precison: 86.80; recall: 93.02; f1: 89.80; loss: 00.68
2021-02-22 12:14:50,065:INFO: - Eval metrics: precison: 62.68; recall: 68.03; f1: 65.25
2021-02-22 12:14:50,204:INFO: Epoch 37/100
2021-02-22 12:14:53,480:INFO: - Train metrics: precison: 87.76; recall: 93.37; f1: 90.48; loss: 00.69
2021-02-22 12:14:53,706:INFO: - Eval metrics: precison: 62.28; recall: 67.32; f1: 64.70
2021-02-22 12:14:53,794:INFO: Epoch 38/100
2021-02-22 12:14:57,072:INFO: - Train metrics: precison: 87.68; recall: 93.57; f1: 90.53; loss: 00.66
2021-02-22 12:14:57,279:INFO: - Eval metrics: precison: 62.18; recall: 67.54; f1: 64.75
2021-02-22 12:14:57,367:INFO: Epoch 39/100
2021-02-22 12:15:00,648:INFO: - Train metrics: precison: 87.92; recall: 93.54; f1: 90.64; loss: 00.65
2021-02-22 12:15:00,870:INFO: - Eval metrics: precison: 61.88; recall: 67.05; f1: 64.36
2021-02-22 12:15:00,957:INFO: Epoch 40/100
2021-02-22 12:15:04,200:INFO: - Train metrics: precison: 88.97; recall: 94.04; f1: 91.43; loss: 00.65
2021-02-22 12:15:04,410:INFO: - Eval metrics: precison: 62.31; recall: 67.05; f1: 64.60
2021-02-22 12:15:04,500:INFO: Epoch 41/100
2021-02-22 12:15:07,561:INFO: - Train metrics: precison: 89.11; recall: 94.39; f1: 91.67; loss: 00.62
2021-02-22 12:15:07,770:INFO: - Eval metrics: precison: 62.71; recall: 67.59; f1: 65.05
2021-02-22 12:15:07,854:INFO: Epoch 42/100
2021-02-22 12:15:11,093:INFO: - Train metrics: precison: 88.86; recall: 94.37; f1: 91.53; loss: 00.63
2021-02-22 12:15:11,323:INFO: - Eval metrics: precison: 62.61; recall: 68.12; f1: 65.25
2021-02-22 12:15:11,412:INFO: Epoch 43/100
2021-02-22 12:15:15,143:INFO: - Train metrics: precison: 89.09; recall: 94.70; f1: 91.81; loss: 00.62
2021-02-22 12:15:15,351:INFO: - Eval metrics: precison: 62.38; recall: 67.90; f1: 65.02
2021-02-22 12:15:15,444:INFO: Epoch 44/100
2021-02-22 12:15:18,716:INFO: - Train metrics: precison: 89.60; recall: 94.87; f1: 92.16; loss: 00.61
2021-02-22 12:15:18,926:INFO: - Eval metrics: precison: 62.51; recall: 67.76; f1: 65.03
2021-02-22 12:15:19,048:INFO: Epoch 45/100
2021-02-22 12:15:22,342:INFO: - Train metrics: precison: 90.00; recall: 95.01; f1: 92.43; loss: 00.62
2021-02-22 12:15:22,562:INFO: - Eval metrics: precison: 62.49; recall: 67.05; f1: 64.69
2021-02-22 12:15:22,698:INFO: Epoch 46/100
2021-02-22 12:15:25,915:INFO: - Train metrics: precison: 90.78; recall: 95.49; f1: 93.08; loss: 00.59
2021-02-22 12:15:26,122:INFO: - Eval metrics: precison: 62.50; recall: 66.92; f1: 64.63
2021-02-22 12:15:26,239:INFO: Epoch 47/100
2021-02-22 12:15:29,470:INFO: - Train metrics: precison: 90.59; recall: 95.30; f1: 92.89; loss: 00.57
2021-02-22 12:15:29,672:INFO: - Eval metrics: precison: 62.03; recall: 66.70; f1: 64.28
2021-02-22 12:15:29,786:INFO: Epoch 48/100
2021-02-22 12:15:32,960:INFO: - Train metrics: precison: 90.92; recall: 95.58; f1: 93.19; loss: 00.57
2021-02-22 12:15:33,164:INFO: - Eval metrics: precison: 62.58; recall: 67.45; f1: 64.93
2021-02-22 12:15:33,247:INFO: Epoch 49/100
2021-02-22 12:15:36,519:INFO: - Train metrics: precison: 91.76; recall: 95.93; f1: 93.80; loss: 00.57
2021-02-22 12:15:36,720:INFO: - Eval metrics: precison: 63.22; recall: 66.96; f1: 65.04
2021-02-22 12:15:36,812:INFO: Epoch 50/100
2021-02-22 12:15:40,070:INFO: - Train metrics: precison: 91.64; recall: 95.83; f1: 93.69; loss: 00.55
2021-02-22 12:15:40,282:INFO: - Eval metrics: precison: 62.75; recall: 67.27; f1: 64.94
2021-02-22 12:15:40,374:INFO: best val f1: 66.05
2021-02-22 12:16:56,736:INFO: Loading the datasets...
2021-02-22 12:21:38,366:INFO: - done.
2021-02-22 12:21:39,774:INFO: Starting training for 100 epoch(s)
2021-02-22 12:21:39,774:INFO: Epoch 1/100
2021-02-22 12:21:43,144:INFO: - Train metrics: precison: 27.77; recall: 27.31; f1: 27.54; loss: 02.62
2021-02-22 12:21:43,350:INFO: - Eval metrics: precison: 27.62; recall: 26.72; f1: 27.16
2021-02-22 12:21:43,603:INFO: - Found new best F1
2021-02-22 12:21:43,603:INFO: Epoch 2/100
2021-02-22 12:21:46,965:INFO: - Train metrics: precison: 43.01; recall: 46.10; f1: 44.50; loss: 02.21
2021-02-22 12:21:47,173:INFO: - Eval metrics: precison: 45.52; recall: 48.11; f1: 46.78
2021-02-22 12:21:47,435:INFO: - Found new best F1
2021-02-22 12:21:47,435:INFO: Epoch 3/100
2021-02-22 12:21:50,808:INFO: - Train metrics: precison: 48.09; recall: 53.49; f1: 50.65; loss: 01.96
2021-02-22 12:21:51,018:INFO: - Eval metrics: precison: 51.64; recall: 56.83; f1: 54.11
2021-02-22 12:21:51,264:INFO: - Found new best F1
2021-02-22 12:21:51,265:INFO: Epoch 4/100
2021-02-22 12:21:54,564:INFO: - Train metrics: precison: 50.99; recall: 58.06; f1: 54.30; loss: 01.80
2021-02-22 12:21:54,776:INFO: - Eval metrics: precison: 53.72; recall: 60.69; f1: 56.99
2021-02-22 12:21:54,950:INFO: - Found new best F1
2021-02-22 12:21:54,950:INFO: Epoch 5/100
2021-02-22 12:21:58,300:INFO: - Train metrics: precison: 55.78; recall: 64.98; f1: 60.03; loss: 01.67
2021-02-22 12:21:58,510:INFO: - Eval metrics: precison: 57.74; recall: 66.70; f1: 61.89
2021-02-22 12:21:58,673:INFO: - Found new best F1
2021-02-22 12:21:58,674:INFO: Epoch 6/100
2021-02-22 12:22:02,060:INFO: - Train metrics: precison: 58.95; recall: 69.39; f1: 63.75; loss: 01.55
2021-02-22 12:22:02,273:INFO: - Eval metrics: precison: 60.67; recall: 70.43; f1: 65.19
2021-02-22 12:22:02,502:INFO: - Found new best F1
2021-02-22 12:22:02,502:INFO: Epoch 7/100
2021-02-22 12:22:05,878:INFO: - Train metrics: precison: 61.08; recall: 70.83; f1: 65.59; loss: 01.51
2021-02-22 12:22:06,089:INFO: - Eval metrics: precison: 62.20; recall: 71.05; f1: 66.33
2021-02-22 12:22:06,328:INFO: - Found new best F1
2021-02-22 12:22:06,329:INFO: Epoch 8/100
2021-02-22 12:22:09,707:INFO: - Train metrics: precison: 62.95; recall: 73.54; f1: 67.83; loss: 01.46
2021-02-22 12:22:09,915:INFO: - Eval metrics: precison: 64.06; recall: 73.72; f1: 68.55
2021-02-22 12:22:10,173:INFO: - Found new best F1
2021-02-22 12:22:10,173:INFO: Epoch 9/100
2021-02-22 12:22:13,525:INFO: - Train metrics: precison: 64.07; recall: 74.43; f1: 68.86; loss: 01.42
2021-02-22 12:22:13,737:INFO: - Eval metrics: precison: 65.25; recall: 74.97; f1: 69.77
2021-02-22 12:22:13,910:INFO: - Found new best F1
2021-02-22 12:22:13,910:INFO: Epoch 10/100
2021-02-22 12:22:17,295:INFO: - Train metrics: precison: 64.62; recall: 75.68; f1: 69.71; loss: 01.36
2021-02-22 12:22:17,511:INFO: - Eval metrics: precison: 65.72; recall: 76.12; f1: 70.54
2021-02-22 12:22:17,684:INFO: - Found new best F1
2021-02-22 12:22:17,684:INFO: Epoch 11/100
2021-02-22 12:22:21,078:INFO: - Train metrics: precison: 65.53; recall: 76.57; f1: 70.62; loss: 01.33
2021-02-22 12:22:21,289:INFO: - Eval metrics: precison: 66.51; recall: 76.83; f1: 71.30
2021-02-22 12:22:21,547:INFO: - Found new best F1
2021-02-22 12:22:21,547:INFO: Epoch 12/100
2021-02-22 12:22:24,922:INFO: - Train metrics: precison: 66.75; recall: 77.57; f1: 71.75; loss: 01.29
2021-02-22 12:22:25,132:INFO: - Eval metrics: precison: 67.45; recall: 77.50; f1: 72.13
2021-02-22 12:22:25,344:INFO: - Found new best F1
2021-02-22 12:22:25,344:INFO: Epoch 13/100
2021-02-22 12:22:28,719:INFO: - Train metrics: precison: 67.56; recall: 78.45; f1: 72.60; loss: 01.26
2021-02-22 12:22:28,930:INFO: - Eval metrics: precison: 68.21; recall: 78.03; f1: 72.79
2021-02-22 12:22:29,156:INFO: - Found new best F1
2021-02-22 12:22:29,156:INFO: Epoch 14/100
2021-02-22 12:22:32,532:INFO: - Train metrics: precison: 68.70; recall: 78.73; f1: 73.37; loss: 01.23
2021-02-22 12:22:32,744:INFO: - Eval metrics: precison: 69.27; recall: 78.39; f1: 73.55
2021-02-22 12:22:32,919:INFO: - Found new best F1
2021-02-22 12:22:32,919:INFO: Epoch 15/100
2021-02-22 12:22:36,292:INFO: - Train metrics: precison: 68.67; recall: 79.73; f1: 73.79; loss: 01.22
2021-02-22 12:22:36,499:INFO: - Eval metrics: precison: 68.94; recall: 79.15; f1: 73.69
2021-02-22 12:22:36,681:INFO: - Found new best F1
2021-02-22 12:22:36,681:INFO: Epoch 16/100
2021-02-22 12:22:40,044:INFO: - Train metrics: precison: 69.27; recall: 79.85; f1: 74.19; loss: 01.20
2021-02-22 12:22:40,253:INFO: - Eval metrics: precison: 69.65; recall: 79.50; f1: 74.25
2021-02-22 12:22:40,466:INFO: - Found new best F1
2021-02-22 12:22:40,466:INFO: Epoch 17/100
2021-02-22 12:22:43,841:INFO: - Train metrics: precison: 70.08; recall: 80.64; f1: 74.99; loss: 01.17
2021-02-22 12:22:44,061:INFO: - Eval metrics: precison: 70.04; recall: 79.64; f1: 74.53
2021-02-22 12:22:44,309:INFO: - Found new best F1
2021-02-22 12:22:44,309:INFO: Epoch 18/100
2021-02-22 12:22:47,687:INFO: - Train metrics: precison: 70.33; recall: 81.29; f1: 75.41; loss: 01.15
2021-02-22 12:22:47,897:INFO: - Eval metrics: precison: 69.49; recall: 80.12; f1: 74.43
2021-02-22 12:22:47,985:INFO: Epoch 19/100
2021-02-22 12:22:51,337:INFO: - Train metrics: precison: 71.46; recall: 81.58; f1: 76.19; loss: 01.13
2021-02-22 12:22:51,548:INFO: - Eval metrics: precison: 71.08; recall: 80.52; f1: 75.51
2021-02-22 12:22:51,803:INFO: - Found new best F1
2021-02-22 12:22:51,803:INFO: Epoch 20/100
2021-02-22 12:22:55,136:INFO: - Train metrics: precison: 71.46; recall: 82.03; f1: 76.38; loss: 01.12
2021-02-22 12:22:55,347:INFO: - Eval metrics: precison: 71.02; recall: 81.28; f1: 75.80
2021-02-22 12:22:55,524:INFO: - Found new best F1
2021-02-22 12:22:55,524:INFO: Epoch 21/100
2021-02-22 12:22:58,682:INFO: - Train metrics: precison: 71.88; recall: 82.47; f1: 76.81; loss: 01.11
2021-02-22 12:22:58,894:INFO: - Eval metrics: precison: 71.87; recall: 81.68; f1: 76.46
2021-02-22 12:22:59,155:INFO: - Found new best F1
2021-02-22 12:22:59,155:INFO: Epoch 22/100
2021-02-22 12:23:02,542:INFO: - Train metrics: precison: 72.43; recall: 83.03; f1: 77.37; loss: 01.09
2021-02-22 12:23:02,762:INFO: - Eval metrics: precison: 71.78; recall: 81.77; f1: 76.45
2021-02-22 12:23:02,900:INFO: Epoch 23/100
2021-02-22 12:23:06,334:INFO: - Train metrics: precison: 72.55; recall: 83.22; f1: 77.52; loss: 01.06
2021-02-22 12:23:06,555:INFO: - Eval metrics: precison: 71.88; recall: 81.95; f1: 76.58
2021-02-22 12:23:06,739:INFO: - Found new best F1
2021-02-22 12:23:06,739:INFO: Epoch 24/100
2021-02-22 12:23:10,140:INFO: - Train metrics: precison: 74.20; recall: 83.67; f1: 78.65; loss: 01.07
2021-02-22 12:23:10,351:INFO: - Eval metrics: precison: 72.78; recall: 82.04; f1: 77.13
2021-02-22 12:23:10,615:INFO: - Found new best F1
2021-02-22 12:23:10,615:INFO: Epoch 25/100
2021-02-22 12:23:13,991:INFO: - Train metrics: precison: 73.75; recall: 84.22; f1: 78.64; loss: 01.04
2021-02-22 12:23:14,202:INFO: - Eval metrics: precison: 71.74; recall: 81.73; f1: 76.41
2021-02-22 12:23:14,286:INFO: Epoch 26/100
2021-02-22 12:23:17,645:INFO: - Train metrics: precison: 74.30; recall: 84.14; f1: 78.92; loss: 01.05
2021-02-22 12:23:17,856:INFO: - Eval metrics: precison: 71.86; recall: 81.64; f1: 76.44
2021-02-22 12:23:17,949:INFO: Epoch 27/100
2021-02-22 12:23:21,306:INFO: - Train metrics: precison: 75.38; recall: 84.75; f1: 79.79; loss: 01.03
2021-02-22 12:23:21,518:INFO: - Eval metrics: precison: 73.19; recall: 82.44; f1: 77.54
2021-02-22 12:23:21,697:INFO: - Found new best F1
2021-02-22 12:23:21,697:INFO: Epoch 28/100
2021-02-22 12:23:25,083:INFO: - Train metrics: precison: 75.19; recall: 85.10; f1: 79.84; loss: 01.01
2021-02-22 12:23:25,297:INFO: - Eval metrics: precison: 73.83; recall: 83.28; f1: 78.27
2021-02-22 12:23:25,560:INFO: - Found new best F1
2021-02-22 12:23:25,561:INFO: Epoch 29/100
2021-02-22 12:23:28,884:INFO: - Train metrics: precison: 74.86; recall: 85.39; f1: 79.78; loss: 01.01
2021-02-22 12:23:29,093:INFO: - Eval metrics: precison: 72.79; recall: 83.01; f1: 77.57
2021-02-22 12:23:29,183:INFO: Epoch 30/100
2021-02-22 12:23:32,546:INFO: - Train metrics: precison: 75.70; recall: 85.27; f1: 80.20; loss: 00.99
2021-02-22 12:23:32,756:INFO: - Eval metrics: precison: 73.84; recall: 82.97; f1: 78.14
2021-02-22 12:23:32,845:INFO: Epoch 31/100
2021-02-22 12:23:36,277:INFO: - Train metrics: precison: 76.68; recall: 85.83; f1: 81.00; loss: 00.99
2021-02-22 12:23:36,487:INFO: - Eval metrics: precison: 74.30; recall: 82.93; f1: 78.38
2021-02-22 12:23:36,693:INFO: - Found new best F1
2021-02-22 12:23:36,693:INFO: Epoch 32/100
2021-02-22 12:23:40,059:INFO: - Train metrics: precison: 76.51; recall: 86.27; f1: 81.10; loss: 00.99
2021-02-22 12:23:40,268:INFO: - Eval metrics: precison: 74.35; recall: 83.50; f1: 78.66
2021-02-22 12:23:40,516:INFO: - Found new best F1
2021-02-22 12:23:40,517:INFO: Epoch 33/100
2021-02-22 12:23:43,919:INFO: - Train metrics: precison: 76.86; recall: 86.84; f1: 81.55; loss: 00.97
2021-02-22 12:23:44,127:INFO: - Eval metrics: precison: 73.56; recall: 83.37; f1: 78.16
2021-02-22 12:23:44,220:INFO: Epoch 34/100
2021-02-22 12:23:47,617:INFO: - Train metrics: precison: 76.28; recall: 86.45; f1: 81.04; loss: 00.96
2021-02-22 12:23:47,824:INFO: - Eval metrics: precison: 73.16; recall: 83.01; f1: 77.78
2021-02-22 12:23:47,951:INFO: Epoch 35/100
2021-02-22 12:23:51,372:INFO: - Train metrics: precison: 76.80; recall: 86.81; f1: 81.50; loss: 00.96
2021-02-22 12:23:51,579:INFO: - Eval metrics: precison: 74.11; recall: 83.64; f1: 78.59
2021-02-22 12:23:51,683:INFO: Epoch 36/100
2021-02-22 12:23:55,098:INFO: - Train metrics: precison: 77.33; recall: 87.21; f1: 81.97; loss: 00.95
2021-02-22 12:23:55,305:INFO: - Eval metrics: precison: 74.19; recall: 83.59; f1: 78.61
2021-02-22 12:23:55,432:INFO: Epoch 37/100
2021-02-22 12:23:58,842:INFO: - Train metrics: precison: 77.44; recall: 86.90; f1: 81.90; loss: 00.94
2021-02-22 12:23:59,049:INFO: - Eval metrics: precison: 74.28; recall: 83.33; f1: 78.54
2021-02-22 12:23:59,177:INFO: Epoch 38/100
2021-02-22 12:24:02,544:INFO: - Train metrics: precison: 77.70; recall: 86.93; f1: 82.06; loss: 00.92
2021-02-22 12:24:02,756:INFO: - Eval metrics: precison: 74.49; recall: 83.10; f1: 78.56
2021-02-22 12:24:02,874:INFO: Epoch 39/100
2021-02-22 12:24:06,269:INFO: - Train metrics: precison: 77.78; recall: 87.74; f1: 82.46; loss: 00.93
2021-02-22 12:24:06,482:INFO: - Eval metrics: precison: 74.46; recall: 83.59; f1: 78.76
2021-02-22 12:24:06,708:INFO: - Found new best F1
2021-02-22 12:24:06,708:INFO: Epoch 40/100
2021-02-22 12:24:10,093:INFO: - Train metrics: precison: 78.46; recall: 87.50; f1: 82.73; loss: 00.92
2021-02-22 12:24:10,303:INFO: - Eval metrics: precison: 75.06; recall: 83.77; f1: 79.18
2021-02-22 12:24:10,530:INFO: - Found new best F1
2021-02-22 12:24:10,530:INFO: Epoch 41/100
2021-02-22 12:24:13,881:INFO: - Train metrics: precison: 78.60; recall: 87.91; f1: 82.99; loss: 00.90
2021-02-22 12:24:14,094:INFO: - Eval metrics: precison: 74.48; recall: 83.19; f1: 78.60
2021-02-22 12:24:14,178:INFO: Epoch 42/100
2021-02-22 12:24:17,555:INFO: - Train metrics: precison: 78.24; recall: 88.29; f1: 82.96; loss: 00.92
2021-02-22 12:24:17,768:INFO: - Eval metrics: precison: 74.54; recall: 84.08; f1: 79.02
2021-02-22 12:24:17,860:INFO: Epoch 43/100
2021-02-22 12:24:21,239:INFO: - Train metrics: precison: 78.20; recall: 88.71; f1: 83.12; loss: 00.89
2021-02-22 12:24:21,451:INFO: - Eval metrics: precison: 73.71; recall: 83.15; f1: 78.14
2021-02-22 12:24:21,573:INFO: Epoch 44/100
2021-02-22 12:24:24,899:INFO: - Train metrics: precison: 78.50; recall: 88.53; f1: 83.21; loss: 00.90
2021-02-22 12:24:25,110:INFO: - Eval metrics: precison: 73.86; recall: 83.06; f1: 78.19
2021-02-22 12:24:25,210:INFO: Epoch 45/100
2021-02-22 12:24:28,548:INFO: - Train metrics: precison: 79.25; recall: 88.80; f1: 83.76; loss: 00.88
2021-02-22 12:24:28,758:INFO: - Eval metrics: precison: 74.21; recall: 82.79; f1: 78.27
2021-02-22 12:24:28,897:INFO: Epoch 46/100
2021-02-22 12:24:32,316:INFO: - Train metrics: precison: 78.76; recall: 88.50; f1: 83.34; loss: 00.88
2021-02-22 12:24:32,537:INFO: - Eval metrics: precison: 74.30; recall: 83.41; f1: 78.59
2021-02-22 12:24:32,678:INFO: Epoch 47/100
2021-02-22 12:24:35,982:INFO: - Train metrics: precison: 79.50; recall: 88.80; f1: 83.89; loss: 00.87
2021-02-22 12:24:36,195:INFO: - Eval metrics: precison: 74.53; recall: 82.88; f1: 78.48
2021-02-22 12:24:36,281:INFO: Epoch 48/100
2021-02-22 12:24:39,660:INFO: - Train metrics: precison: 79.23; recall: 89.36; f1: 83.99; loss: 00.88
2021-02-22 12:24:39,872:INFO: - Eval metrics: precison: 73.91; recall: 83.77; f1: 78.53
2021-02-22 12:24:39,965:INFO: Epoch 49/100
2021-02-22 12:24:43,280:INFO: - Train metrics: precison: 80.30; recall: 89.32; f1: 84.57; loss: 00.85
2021-02-22 12:24:43,495:INFO: - Eval metrics: precison: 75.22; recall: 83.68; f1: 79.23
2021-02-22 12:24:43,741:INFO: - Found new best F1
2021-02-22 12:24:43,742:INFO: Epoch 50/100
2021-02-22 12:24:47,104:INFO: - Train metrics: precison: 80.22; recall: 89.30; f1: 84.52; loss: 00.85
2021-02-22 12:24:47,316:INFO: - Eval metrics: precison: 75.25; recall: 83.68; f1: 79.24
2021-02-22 12:24:47,485:INFO: - Found new best F1
2021-02-22 12:24:47,485:INFO: Epoch 51/100
2021-02-22 12:24:50,889:INFO: - Train metrics: precison: 80.50; recall: 89.62; f1: 84.81; loss: 00.84
2021-02-22 12:24:51,099:INFO: - Eval metrics: precison: 75.36; recall: 83.77; f1: 79.34
2021-02-22 12:24:51,272:INFO: - Found new best F1
2021-02-22 12:24:51,273:INFO: Epoch 52/100
2021-02-22 12:24:54,608:INFO: - Train metrics: precison: 80.29; recall: 89.65; f1: 84.71; loss: 00.83
2021-02-22 12:24:54,821:INFO: - Eval metrics: precison: 75.08; recall: 83.59; f1: 79.11
2021-02-22 12:24:54,913:INFO: Epoch 53/100
2021-02-22 12:24:58,286:INFO: - Train metrics: precison: 80.58; recall: 89.98; f1: 85.02; loss: 00.82
2021-02-22 12:24:58,495:INFO: - Eval metrics: precison: 75.52; recall: 84.35; f1: 79.69
2021-02-22 12:24:58,779:INFO: - Found new best F1
2021-02-22 12:24:58,779:INFO: Epoch 54/100
2021-02-22 12:25:02,146:INFO: - Train metrics: precison: 81.34; recall: 90.02; f1: 85.46; loss: 00.84
2021-02-22 12:25:02,360:INFO: - Eval metrics: precison: 75.69; recall: 83.77; f1: 79.53
2021-02-22 12:25:02,496:INFO: Epoch 55/100
2021-02-22 12:25:05,861:INFO: - Train metrics: precison: 81.38; recall: 90.09; f1: 85.52; loss: 00.83
2021-02-22 12:25:06,073:INFO: - Eval metrics: precison: 75.75; recall: 83.77; f1: 79.56
2021-02-22 12:25:06,166:INFO: Epoch 56/100
2021-02-22 12:25:09,474:INFO: - Train metrics: precison: 80.97; recall: 90.35; f1: 85.40; loss: 00.83
2021-02-22 12:25:09,688:INFO: - Eval metrics: precison: 75.04; recall: 83.55; f1: 79.07
2021-02-22 12:25:09,778:INFO: Epoch 57/100
2021-02-22 12:25:13,146:INFO: - Train metrics: precison: 81.62; recall: 90.29; f1: 85.73; loss: 00.81
2021-02-22 12:25:13,358:INFO: - Eval metrics: precison: 75.79; recall: 83.37; f1: 79.40
2021-02-22 12:25:13,449:INFO: Epoch 58/100
2021-02-22 12:25:16,817:INFO: - Train metrics: precison: 82.00; recall: 90.42; f1: 86.01; loss: 00.80
2021-02-22 12:25:17,027:INFO: - Eval metrics: precison: 75.85; recall: 83.37; f1: 79.43
2021-02-22 12:25:17,157:INFO: Epoch 59/100
2021-02-22 12:25:20,551:INFO: - Train metrics: precison: 81.42; recall: 90.70; f1: 85.81; loss: 00.81
2021-02-22 12:25:20,762:INFO: - Eval metrics: precison: 75.73; recall: 84.22; f1: 79.75
2021-02-22 12:25:21,027:INFO: - Found new best F1
2021-02-22 12:25:21,027:INFO: Epoch 60/100
2021-02-22 12:25:24,312:INFO: - Train metrics: precison: 81.73; recall: 90.53; f1: 85.90; loss: 00.81
2021-02-22 12:25:24,524:INFO: - Eval metrics: precison: 75.39; recall: 83.77; f1: 79.36
2021-02-22 12:25:24,660:INFO: Epoch 61/100
2021-02-22 12:25:28,007:INFO: - Train metrics: precison: 82.35; recall: 90.76; f1: 86.35; loss: 00.78
2021-02-22 12:25:28,220:INFO: - Eval metrics: precison: 75.82; recall: 83.82; f1: 79.62
2021-02-22 12:25:28,357:INFO: Epoch 62/100
2021-02-22 12:25:31,721:INFO: - Train metrics: precison: 82.26; recall: 90.61; f1: 86.23; loss: 00.80
2021-02-22 12:25:31,934:INFO: - Eval metrics: precison: 75.88; recall: 83.37; f1: 79.45
2021-02-22 12:25:32,076:INFO: Epoch 63/100
2021-02-22 12:25:35,462:INFO: - Train metrics: precison: 81.91; recall: 90.77; f1: 86.12; loss: 00.79
2021-02-22 12:25:35,676:INFO: - Eval metrics: precison: 75.81; recall: 83.59; f1: 79.51
2021-02-22 12:25:35,767:INFO: Epoch 64/100
2021-02-22 12:25:39,129:INFO: - Train metrics: precison: 82.61; recall: 91.11; f1: 86.65; loss: 00.77
2021-02-22 12:25:39,345:INFO: - Eval metrics: precison: 76.15; recall: 83.64; f1: 79.72
2021-02-22 12:25:39,435:INFO: Epoch 65/100
2021-02-22 12:25:42,774:INFO: - Train metrics: precison: 82.39; recall: 91.00; f1: 86.48; loss: 00.78
2021-02-22 12:25:42,987:INFO: - Eval metrics: precison: 75.76; recall: 83.37; f1: 79.38
2021-02-22 12:25:43,080:INFO: Epoch 66/100
2021-02-22 12:25:46,438:INFO: - Train metrics: precison: 82.48; recall: 91.00; f1: 86.53; loss: 00.77
2021-02-22 12:25:46,652:INFO: - Eval metrics: precison: 75.57; recall: 83.77; f1: 79.46
2021-02-22 12:25:46,790:INFO: Epoch 67/100
2021-02-22 12:25:50,158:INFO: - Train metrics: precison: 82.52; recall: 91.24; f1: 86.66; loss: 00.78
2021-02-22 12:25:50,373:INFO: - Eval metrics: precison: 75.56; recall: 83.46; f1: 79.32
2021-02-22 12:25:50,508:INFO: Epoch 68/100
2021-02-22 12:25:53,886:INFO: - Train metrics: precison: 83.16; recall: 91.21; f1: 87.00; loss: 00.77
2021-02-22 12:25:54,098:INFO: - Eval metrics: precison: 75.89; recall: 83.15; f1: 79.35
2021-02-22 12:25:54,189:INFO: Epoch 69/100
2021-02-22 12:25:57,522:INFO: - Train metrics: precison: 83.30; recall: 91.41; f1: 87.17; loss: 00.76
2021-02-22 12:25:57,733:INFO: - Eval metrics: precison: 76.26; recall: 83.68; f1: 79.80
2021-02-22 12:25:57,899:INFO: - Found new best F1
2021-02-22 12:25:57,899:INFO: Epoch 70/100
2021-02-22 12:26:01,262:INFO: - Train metrics: precison: 82.95; recall: 90.91; f1: 86.75; loss: 00.76
2021-02-22 12:26:01,475:INFO: - Eval metrics: precison: 76.10; recall: 83.24; f1: 79.51
2021-02-22 12:26:01,563:INFO: Epoch 71/100
2021-02-22 12:26:04,923:INFO: - Train metrics: precison: 83.32; recall: 91.59; f1: 87.26; loss: 00.76
2021-02-22 12:26:05,136:INFO: - Eval metrics: precison: 76.02; recall: 83.33; f1: 79.51
2021-02-22 12:26:05,255:INFO: Epoch 72/100
2021-02-22 12:26:08,614:INFO: - Train metrics: precison: 83.28; recall: 91.23; f1: 87.07; loss: 00.76
2021-02-22 12:26:08,828:INFO: - Eval metrics: precison: 76.39; recall: 84.04; f1: 80.03
2021-02-22 12:26:09,070:INFO: - Found new best F1
2021-02-22 12:26:09,070:INFO: Epoch 73/100
2021-02-22 12:26:12,434:INFO: - Train metrics: precison: 82.84; recall: 91.43; f1: 86.92; loss: 00.75
2021-02-22 12:26:12,653:INFO: - Eval metrics: precison: 75.58; recall: 84.08; f1: 79.60
2021-02-22 12:26:12,742:INFO: Epoch 74/100
2021-02-22 12:26:16,121:INFO: - Train metrics: precison: 83.00; recall: 91.64; f1: 87.11; loss: 00.75
2021-02-22 12:26:16,334:INFO: - Eval metrics: precison: 76.04; recall: 84.39; f1: 80.00
2021-02-22 12:26:16,452:INFO: Epoch 75/100
2021-02-22 12:26:19,828:INFO: - Train metrics: precison: 83.56; recall: 91.73; f1: 87.46; loss: 00.74
2021-02-22 12:26:20,041:INFO: - Eval metrics: precison: 76.29; recall: 84.26; f1: 80.08
2021-02-22 12:26:20,277:INFO: - Found new best F1
2021-02-22 12:26:20,278:INFO: Epoch 76/100
2021-02-22 12:26:23,631:INFO: - Train metrics: precison: 83.25; recall: 91.85; f1: 87.34; loss: 00.74
2021-02-22 12:26:23,844:INFO: - Eval metrics: precison: 75.81; recall: 84.17; f1: 79.77
2021-02-22 12:26:23,934:INFO: Epoch 77/100
2021-02-22 12:26:27,308:INFO: - Train metrics: precison: 83.52; recall: 91.96; f1: 87.53; loss: 00.73
2021-02-22 12:26:27,522:INFO: - Eval metrics: precison: 75.96; recall: 83.86; f1: 79.71
2021-02-22 12:26:27,610:INFO: Epoch 78/100
2021-02-22 12:26:30,980:INFO: - Train metrics: precison: 83.36; recall: 92.05; f1: 87.49; loss: 00.74
2021-02-22 12:26:31,192:INFO: - Eval metrics: precison: 75.47; recall: 83.73; f1: 79.38
2021-02-22 12:26:31,296:INFO: Epoch 79/100
2021-02-22 12:26:34,664:INFO: - Train metrics: precison: 83.19; recall: 91.91; f1: 87.33; loss: 00.73
2021-02-22 12:26:34,875:INFO: - Eval metrics: precison: 75.51; recall: 84.17; f1: 79.60
2021-02-22 12:26:34,980:INFO: Epoch 80/100
2021-02-22 12:26:38,355:INFO: - Train metrics: precison: 84.13; recall: 92.20; f1: 87.98; loss: 00.73
2021-02-22 12:26:38,571:INFO: - Eval metrics: precison: 76.46; recall: 83.90; f1: 80.01
2021-02-22 12:26:38,683:INFO: Epoch 81/100
2021-02-22 12:26:42,026:INFO: - Train metrics: precison: 84.03; recall: 92.43; f1: 88.03; loss: 00.72
2021-02-22 12:26:42,240:INFO: - Eval metrics: precison: 76.24; recall: 84.17; f1: 80.01
2021-02-22 12:26:42,365:INFO: Epoch 82/100
2021-02-22 12:26:45,745:INFO: - Train metrics: precison: 83.53; recall: 92.55; f1: 87.81; loss: 00.71
2021-02-22 12:26:45,959:INFO: - Eval metrics: precison: 75.68; recall: 84.13; f1: 79.68
2021-02-22 12:26:46,049:INFO: Epoch 83/100
2021-02-22 12:26:49,400:INFO: - Train metrics: precison: 84.54; recall: 92.70; f1: 88.43; loss: 00.72
2021-02-22 12:26:49,616:INFO: - Eval metrics: precison: 76.40; recall: 84.08; f1: 80.06
2021-02-22 12:26:49,705:INFO: Epoch 84/100
2021-02-22 12:26:53,045:INFO: - Train metrics: precison: 83.85; recall: 92.64; f1: 88.03; loss: 00.72
2021-02-22 12:26:53,258:INFO: - Eval metrics: precison: 75.87; recall: 84.30; f1: 79.87
2021-02-22 12:26:53,361:INFO: Epoch 85/100
2021-02-22 12:26:56,575:INFO: - Train metrics: precison: 84.57; recall: 92.72; f1: 88.45; loss: 00.71
2021-02-22 12:26:56,790:INFO: - Eval metrics: precison: 76.53; recall: 84.26; f1: 80.21
2021-02-22 12:26:56,979:INFO: - Found new best F1
2021-02-22 12:26:56,979:INFO: Epoch 86/100
2021-02-22 12:27:00,258:INFO: - Train metrics: precison: 84.27; recall: 92.70; f1: 88.29; loss: 00.72
2021-02-22 12:27:00,472:INFO: - Eval metrics: precison: 76.33; recall: 84.62; f1: 80.26
2021-02-22 12:27:00,638:INFO: - Found new best F1
2021-02-22 12:27:00,638:INFO: Epoch 87/100
2021-02-22 12:27:03,973:INFO: - Train metrics: precison: 84.53; recall: 92.93; f1: 88.53; loss: 00.71
2021-02-22 12:27:04,187:INFO: - Eval metrics: precison: 76.05; recall: 84.44; f1: 80.03
2021-02-22 12:27:04,309:INFO: Epoch 88/100
2021-02-22 12:27:07,675:INFO: - Train metrics: precison: 84.52; recall: 92.81; f1: 88.47; loss: 00.70
2021-02-22 12:27:07,889:INFO: - Eval metrics: precison: 75.59; recall: 83.86; f1: 79.51
2021-02-22 12:27:07,995:INFO: Epoch 89/100
2021-02-22 12:27:11,344:INFO: - Train metrics: precison: 84.84; recall: 92.96; f1: 88.71; loss: 00.70
2021-02-22 12:27:11,558:INFO: - Eval metrics: precison: 76.36; recall: 84.04; f1: 80.02
2021-02-22 12:27:11,649:INFO: Epoch 90/100
2021-02-22 12:27:15,025:INFO: - Train metrics: precison: 85.41; recall: 92.59; f1: 88.86; loss: 00.69
2021-02-22 12:27:15,241:INFO: - Eval metrics: precison: 77.09; recall: 83.64; f1: 80.23
2021-02-22 12:27:15,334:INFO: Epoch 91/100
2021-02-22 12:27:18,671:INFO: - Train metrics: precison: 84.81; recall: 92.85; f1: 88.65; loss: 00.70
2021-02-22 12:27:18,888:INFO: - Eval metrics: precison: 76.29; recall: 84.13; f1: 80.02
2021-02-22 12:27:18,970:INFO: Epoch 92/100
2021-02-22 12:27:22,311:INFO: - Train metrics: precison: 84.92; recall: 92.70; f1: 88.64; loss: 00.70
2021-02-22 12:27:22,522:INFO: - Eval metrics: precison: 75.80; recall: 83.41; f1: 79.42
2021-02-22 12:27:22,616:INFO: Epoch 93/100
2021-02-22 12:27:25,974:INFO: - Train metrics: precison: 85.13; recall: 92.79; f1: 88.80; loss: 00.69
2021-02-22 12:27:26,188:INFO: - Eval metrics: precison: 76.37; recall: 83.19; f1: 79.63
2021-02-22 12:27:26,295:INFO: Epoch 94/100
2021-02-22 12:27:29,687:INFO: - Train metrics: precison: 85.30; recall: 92.87; f1: 88.92; loss: 00.68
2021-02-22 12:27:29,902:INFO: - Eval metrics: precison: 76.88; recall: 83.55; f1: 80.08
2021-02-22 12:27:30,012:INFO: Epoch 95/100
2021-02-22 12:27:33,371:INFO: - Train metrics: precison: 85.18; recall: 93.26; f1: 89.04; loss: 00.68
2021-02-22 12:27:33,585:INFO: - Eval metrics: precison: 76.48; recall: 84.44; f1: 80.26
2021-02-22 12:27:33,758:INFO: - Found new best F1
2021-02-22 12:27:33,758:INFO: Epoch 96/100
2021-02-22 12:27:37,153:INFO: - Train metrics: precison: 85.53; recall: 93.26; f1: 89.23; loss: 00.66
2021-02-22 12:27:37,366:INFO: - Eval metrics: precison: 76.63; recall: 84.13; f1: 80.20
2021-02-22 12:27:37,455:INFO: Epoch 97/100
2021-02-22 12:27:40,801:INFO: - Train metrics: precison: 85.59; recall: 93.14; f1: 89.21; loss: 00.69
2021-02-22 12:27:41,016:INFO: - Eval metrics: precison: 76.42; recall: 83.59; f1: 79.85
2021-02-22 12:27:41,106:INFO: Epoch 98/100
2021-02-22 12:27:44,471:INFO: - Train metrics: precison: 85.24; recall: 93.13; f1: 89.01; loss: 00.67
2021-02-22 12:27:44,686:INFO: - Eval metrics: precison: 76.21; recall: 84.04; f1: 79.93
2021-02-22 12:27:44,795:INFO: Epoch 99/100
2021-02-22 12:27:48,149:INFO: - Train metrics: precison: 85.46; recall: 93.00; f1: 89.07; loss: 00.68
2021-02-22 12:27:48,363:INFO: - Eval metrics: precison: 76.49; recall: 83.46; f1: 79.82
2021-02-22 12:27:48,477:INFO: Epoch 100/100
2021-02-22 12:27:51,841:INFO: - Train metrics: precison: 85.87; recall: 93.23; f1: 89.40; loss: 00.67
2021-02-22 12:27:52,056:INFO: - Eval metrics: precison: 77.13; recall: 83.82; f1: 80.33
2021-02-22 12:27:52,277:INFO: - Found new best F1
2021-02-22 12:27:52,278:INFO: best val f1: 80.33
2021-02-22 12:31:51,382:INFO: Loading the datasets...
2021-02-22 12:36:30,451:INFO: - done.
2021-02-22 12:36:31,819:INFO: Starting training for 100 epoch(s)
2021-02-22 12:36:31,819:INFO: Epoch 1/100
2021-02-22 12:36:35,179:INFO: - Train metrics: precison: 55.59; recall: 65.30; f1: 60.05; loss: 01.99
2021-02-22 12:36:35,391:INFO: - Eval metrics: precison: 58.05; recall: 67.32; f1: 62.34
2021-02-22 12:36:35,622:INFO: - Found new best F1
2021-02-22 12:36:35,623:INFO: Epoch 2/100
2021-02-22 12:36:38,874:INFO: - Train metrics: precison: 63.60; recall: 74.64; f1: 68.68; loss: 01.48
2021-02-22 12:36:39,082:INFO: - Eval metrics: precison: 65.02; recall: 75.46; f1: 69.85
2021-02-22 12:36:39,295:INFO: - Found new best F1
2021-02-22 12:36:39,295:INFO: Epoch 3/100
2021-02-22 12:36:42,657:INFO: - Train metrics: precison: 66.56; recall: 77.75; f1: 71.72; loss: 01.33
2021-02-22 12:36:42,867:INFO: - Eval metrics: precison: 68.14; recall: 78.84; f1: 73.10
2021-02-22 12:36:43,035:INFO: - Found new best F1
2021-02-22 12:36:43,035:INFO: Epoch 4/100
2021-02-22 12:36:46,357:INFO: - Train metrics: precison: 69.54; recall: 81.06; f1: 74.86; loss: 01.22
2021-02-22 12:36:46,563:INFO: - Eval metrics: precison: 69.43; recall: 80.30; f1: 74.47
2021-02-22 12:36:46,728:INFO: - Found new best F1
2021-02-22 12:36:46,728:INFO: Epoch 5/100
2021-02-22 12:36:49,985:INFO: - Train metrics: precison: 71.49; recall: 83.19; f1: 76.90; loss: 01.14
2021-02-22 12:36:50,197:INFO: - Eval metrics: precison: 71.03; recall: 81.64; f1: 75.96
2021-02-22 12:36:50,436:INFO: - Found new best F1
2021-02-22 12:36:50,436:INFO: Epoch 6/100
2021-02-22 12:36:53,802:INFO: - Train metrics: precison: 74.54; recall: 84.84; f1: 79.36; loss: 01.09
2021-02-22 12:36:54,009:INFO: - Eval metrics: precison: 73.02; recall: 81.73; f1: 77.13
2021-02-22 12:36:54,243:INFO: - Found new best F1
2021-02-22 12:36:54,243:INFO: Epoch 7/100
2021-02-22 12:36:57,582:INFO: - Train metrics: precison: 73.94; recall: 84.69; f1: 78.95; loss: 01.04
2021-02-22 12:36:57,787:INFO: - Eval metrics: precison: 71.96; recall: 81.95; f1: 76.63
2021-02-22 12:36:57,901:INFO: Epoch 8/100
2021-02-22 12:37:01,206:INFO: - Train metrics: precison: 76.09; recall: 85.96; f1: 80.73; loss: 00.99
2021-02-22 12:37:01,411:INFO: - Eval metrics: precison: 74.01; recall: 82.44; f1: 78.00
2021-02-22 12:37:01,639:INFO: - Found new best F1
2021-02-22 12:37:01,639:INFO: Epoch 9/100
2021-02-22 12:37:04,852:INFO: - Train metrics: precison: 77.42; recall: 87.16; f1: 82.00; loss: 00.97
2021-02-22 12:37:05,057:INFO: - Eval metrics: precison: 74.63; recall: 82.93; f1: 78.56
2021-02-22 12:37:05,217:INFO: - Found new best F1
2021-02-22 12:37:05,218:INFO: Epoch 10/100
2021-02-22 12:37:08,538:INFO: - Train metrics: precison: 78.18; recall: 88.04; f1: 82.82; loss: 00.92
2021-02-22 12:37:08,743:INFO: - Eval metrics: precison: 74.40; recall: 83.46; f1: 78.67
2021-02-22 12:37:08,957:INFO: - Found new best F1
2021-02-22 12:37:08,957:INFO: Epoch 11/100
2021-02-22 12:37:12,340:INFO: - Train metrics: precison: 78.70; recall: 88.38; f1: 83.26; loss: 00.92
2021-02-22 12:37:12,544:INFO: - Eval metrics: precison: 74.57; recall: 83.33; f1: 78.71
2021-02-22 12:37:12,815:INFO: - Found new best F1
2021-02-22 12:37:12,815:INFO: Epoch 12/100
2021-02-22 12:37:16,029:INFO: - Train metrics: precison: 79.47; recall: 88.97; f1: 83.95; loss: 00.87
2021-02-22 12:37:16,235:INFO: - Eval metrics: precison: 74.88; recall: 83.64; f1: 79.02
2021-02-22 12:37:16,496:INFO: - Found new best F1
2021-02-22 12:37:16,497:INFO: Epoch 13/100
2021-02-22 12:37:19,760:INFO: - Train metrics: precison: 80.78; recall: 89.23; f1: 84.79; loss: 00.85
2021-02-22 12:37:19,964:INFO: - Eval metrics: precison: 75.94; recall: 83.50; f1: 79.54
2021-02-22 12:37:20,116:INFO: - Found new best F1
2021-02-22 12:37:20,116:INFO: Epoch 14/100
2021-02-22 12:37:23,513:INFO: - Train metrics: precison: 81.68; recall: 90.11; f1: 85.69; loss: 00.84
2021-02-22 12:37:23,718:INFO: - Eval metrics: precison: 75.51; recall: 82.93; f1: 79.04
2021-02-22 12:37:23,816:INFO: Epoch 15/100
2021-02-22 12:37:27,163:INFO: - Train metrics: precison: 82.35; recall: 90.36; f1: 86.17; loss: 00.81
2021-02-22 12:37:27,371:INFO: - Eval metrics: precison: 75.73; recall: 82.84; f1: 79.13
2021-02-22 12:37:27,460:INFO: Epoch 16/100
2021-02-22 12:37:30,763:INFO: - Train metrics: precison: 82.52; recall: 90.93; f1: 86.52; loss: 00.79
2021-02-22 12:37:30,968:INFO: - Eval metrics: precison: 75.82; recall: 83.50; f1: 79.48
2021-02-22 12:37:31,059:INFO: Epoch 17/100
2021-02-22 12:37:34,412:INFO: - Train metrics: precison: 82.94; recall: 91.15; f1: 86.85; loss: 00.77
2021-02-22 12:37:34,619:INFO: - Eval metrics: precison: 75.69; recall: 83.46; f1: 79.38
2021-02-22 12:37:34,759:INFO: Epoch 18/100
2021-02-22 12:37:38,116:INFO: - Train metrics: precison: 84.21; recall: 91.61; f1: 87.75; loss: 00.76
2021-02-22 12:37:38,327:INFO: - Eval metrics: precison: 76.41; recall: 83.24; f1: 79.68
2021-02-22 12:37:38,586:INFO: - Found new best F1
2021-02-22 12:37:38,586:INFO: Epoch 19/100
2021-02-22 12:37:41,929:INFO: - Train metrics: precison: 84.87; recall: 92.29; f1: 88.43; loss: 00.74
2021-02-22 12:37:42,136:INFO: - Eval metrics: precison: 76.44; recall: 83.37; f1: 79.75
2021-02-22 12:37:42,372:INFO: - Found new best F1
2021-02-22 12:37:42,372:INFO: Epoch 20/100
2021-02-22 12:37:45,576:INFO: - Train metrics: precison: 84.37; recall: 92.31; f1: 88.16; loss: 00.73
2021-02-22 12:37:45,780:INFO: - Eval metrics: precison: 76.14; recall: 83.86; f1: 79.81
2021-02-22 12:37:46,029:INFO: - Found new best F1
2021-02-22 12:37:46,029:INFO: Epoch 21/100
2021-02-22 12:37:49,206:INFO: - Train metrics: precison: 85.43; recall: 92.50; f1: 88.82; loss: 00.71
2021-02-22 12:37:49,414:INFO: - Eval metrics: precison: 76.39; recall: 83.28; f1: 79.69
2021-02-22 12:37:49,503:INFO: Epoch 22/100
2021-02-22 12:37:52,828:INFO: - Train metrics: precison: 86.04; recall: 92.76; f1: 89.27; loss: 00.69
2021-02-22 12:37:53,034:INFO: - Eval metrics: precison: 76.57; recall: 83.28; f1: 79.79
2021-02-22 12:37:53,125:INFO: Epoch 23/100
2021-02-22 12:37:56,276:INFO: - Train metrics: precison: 85.89; recall: 93.13; f1: 89.36; loss: 00.67
2021-02-22 12:37:56,492:INFO: - Eval metrics: precison: 76.74; recall: 83.90; f1: 80.16
2021-02-22 12:37:56,658:INFO: - Found new best F1
2021-02-22 12:37:56,658:INFO: Epoch 24/100
2021-02-22 12:37:59,999:INFO: - Train metrics: precison: 86.54; recall: 93.26; f1: 89.78; loss: 00.67
2021-02-22 12:38:00,205:INFO: - Eval metrics: precison: 76.90; recall: 83.50; f1: 80.07
2021-02-22 12:38:00,293:INFO: Epoch 25/100
2021-02-22 12:38:03,618:INFO: - Train metrics: precison: 86.80; recall: 93.43; f1: 89.99; loss: 00.66
2021-02-22 12:38:03,823:INFO: - Eval metrics: precison: 76.76; recall: 83.55; f1: 80.01
2021-02-22 12:38:03,915:INFO: Epoch 26/100
2021-02-22 12:38:07,251:INFO: - Train metrics: precison: 87.75; recall: 93.72; f1: 90.64; loss: 00.66
2021-02-22 12:38:07,464:INFO: - Eval metrics: precison: 76.98; recall: 82.97; f1: 79.86
2021-02-22 12:38:07,586:INFO: Epoch 27/100
2021-02-22 12:38:10,916:INFO: - Train metrics: precison: 88.05; recall: 93.96; f1: 90.91; loss: 00.64
2021-02-22 12:38:11,123:INFO: - Eval metrics: precison: 77.29; recall: 83.24; f1: 80.15
2021-02-22 12:38:11,213:INFO: Epoch 28/100
2021-02-22 12:38:14,555:INFO: - Train metrics: precison: 87.78; recall: 94.07; f1: 90.81; loss: 00.63
2021-02-22 12:38:14,763:INFO: - Eval metrics: precison: 76.85; recall: 83.10; f1: 79.85
2021-02-22 12:38:14,851:INFO: Epoch 29/100
2021-02-22 12:38:18,108:INFO: - Train metrics: precison: 89.02; recall: 94.39; f1: 91.63; loss: 00.63
2021-02-22 12:38:18,314:INFO: - Eval metrics: precison: 77.38; recall: 82.57; f1: 79.89
2021-02-22 12:38:18,404:INFO: Epoch 30/100
2021-02-22 12:38:21,705:INFO: - Train metrics: precison: 88.73; recall: 94.34; f1: 91.45; loss: 00.61
2021-02-22 12:38:21,910:INFO: - Eval metrics: precison: 77.30; recall: 83.10; f1: 80.09
2021-02-22 12:38:22,000:INFO: Epoch 31/100
2021-02-22 12:38:25,335:INFO: - Train metrics: precison: 89.22; recall: 94.57; f1: 91.82; loss: 00.61
2021-02-22 12:38:25,541:INFO: - Eval metrics: precison: 77.41; recall: 82.88; f1: 80.05
2021-02-22 12:38:25,631:INFO: Epoch 32/100
2021-02-22 12:38:28,935:INFO: - Train metrics: precison: 89.44; recall: 94.76; f1: 92.03; loss: 00.60
2021-02-22 12:38:29,141:INFO: - Eval metrics: precison: 77.63; recall: 83.01; f1: 80.23
2021-02-22 12:38:29,321:INFO: - Found new best F1
2021-02-22 12:38:29,321:INFO: Epoch 33/100
2021-02-22 12:38:32,618:INFO: - Train metrics: precison: 89.80; recall: 94.99; f1: 92.32; loss: 00.58
2021-02-22 12:38:32,827:INFO: - Eval metrics: precison: 77.98; recall: 83.46; f1: 80.63
2021-02-22 12:38:33,006:INFO: - Found new best F1
2021-02-22 12:38:33,006:INFO: Epoch 34/100
2021-02-22 12:38:36,337:INFO: - Train metrics: precison: 89.93; recall: 95.08; f1: 92.43; loss: 00.57
2021-02-22 12:38:36,544:INFO: - Eval metrics: precison: 77.40; recall: 83.01; f1: 80.11
2021-02-22 12:38:36,636:INFO: Epoch 35/100
2021-02-22 12:38:40,002:INFO: - Train metrics: precison: 89.84; recall: 95.16; f1: 92.42; loss: 00.57
2021-02-22 12:38:40,211:INFO: - Eval metrics: precison: 77.42; recall: 83.55; f1: 80.37
2021-02-22 12:38:40,339:INFO: Epoch 36/100
2021-02-22 12:38:43,619:INFO: - Train metrics: precison: 90.67; recall: 95.45; f1: 93.00; loss: 00.55
2021-02-22 12:38:43,831:INFO: - Eval metrics: precison: 77.70; recall: 82.75; f1: 80.15
2021-02-22 12:38:43,959:INFO: Epoch 37/100
2021-02-22 12:38:47,256:INFO: - Train metrics: precison: 90.81; recall: 95.40; f1: 93.05; loss: 00.55
2021-02-22 12:38:47,462:INFO: - Eval metrics: precison: 77.62; recall: 82.48; f1: 79.97
2021-02-22 12:38:47,577:INFO: Epoch 38/100
2021-02-22 12:38:50,854:INFO: - Train metrics: precison: 91.50; recall: 95.55; f1: 93.48; loss: 00.55
2021-02-22 12:38:51,065:INFO: - Eval metrics: precison: 77.87; recall: 82.44; f1: 80.09
2021-02-22 12:38:51,170:INFO: Epoch 39/100
2021-02-22 12:38:54,502:INFO: - Train metrics: precison: 91.23; recall: 95.78; f1: 93.45; loss: 00.55
2021-02-22 12:38:54,707:INFO: - Eval metrics: precison: 77.54; recall: 82.75; f1: 80.06
2021-02-22 12:38:54,797:INFO: Epoch 40/100
2021-02-22 12:38:58,145:INFO: - Train metrics: precison: 91.47; recall: 95.80; f1: 93.58; loss: 00.54
2021-02-22 12:38:58,350:INFO: - Eval metrics: precison: 77.69; recall: 83.01; f1: 80.27
2021-02-22 12:38:58,435:INFO: Epoch 41/100
2021-02-22 12:39:01,768:INFO: - Train metrics: precison: 91.91; recall: 95.96; f1: 93.89; loss: 00.53
2021-02-22 12:39:01,974:INFO: - Eval metrics: precison: 77.43; recall: 82.39; f1: 79.84
2021-02-22 12:39:02,063:INFO: Epoch 42/100
2021-02-22 12:39:05,387:INFO: - Train metrics: precison: 92.21; recall: 96.04; f1: 94.08; loss: 00.53
2021-02-22 12:39:05,595:INFO: - Eval metrics: precison: 77.85; recall: 82.53; f1: 80.12
2021-02-22 12:39:05,684:INFO: Epoch 43/100
2021-02-22 12:39:09,011:INFO: - Train metrics: precison: 92.46; recall: 96.15; f1: 94.26; loss: 00.51
2021-02-22 12:39:09,220:INFO: - Eval metrics: precison: 77.76; recall: 82.39; f1: 80.01
2021-02-22 12:39:09,311:INFO: Epoch 44/100
2021-02-22 12:39:12,640:INFO: - Train metrics: precison: 92.61; recall: 96.07; f1: 94.31; loss: 00.51
2021-02-22 12:39:12,847:INFO: - Eval metrics: precison: 77.73; recall: 81.95; f1: 79.78
2021-02-22 12:39:12,959:INFO: Epoch 45/100
2021-02-22 12:39:16,281:INFO: - Train metrics: precison: 92.43; recall: 96.31; f1: 94.33; loss: 00.51
2021-02-22 12:39:16,488:INFO: - Eval metrics: precison: 77.69; recall: 82.70; f1: 80.12
2021-02-22 12:39:16,601:INFO: Epoch 46/100
2021-02-22 12:39:19,924:INFO: - Train metrics: precison: 92.80; recall: 96.07; f1: 94.41; loss: 00.49
2021-02-22 12:39:20,133:INFO: - Eval metrics: precison: 78.11; recall: 82.48; f1: 80.23
2021-02-22 12:39:20,248:INFO: Epoch 47/100
2021-02-22 12:39:23,464:INFO: - Train metrics: precison: 92.65; recall: 96.36; f1: 94.47; loss: 00.50
2021-02-22 12:39:23,671:INFO: - Eval metrics: precison: 77.93; recall: 82.57; f1: 80.18
2021-02-22 12:39:23,786:INFO: Epoch 48/100
2021-02-22 12:39:27,076:INFO: - Train metrics: precison: 92.79; recall: 96.42; f1: 94.57; loss: 00.50
2021-02-22 12:39:27,286:INFO: - Eval metrics: precison: 78.01; recall: 82.79; f1: 80.33
2021-02-22 12:39:27,375:INFO: Epoch 49/100
2021-02-22 12:39:30,744:INFO: - Train metrics: precison: 93.67; recall: 96.54; f1: 95.08; loss: 00.48
2021-02-22 12:39:30,952:INFO: - Eval metrics: precison: 78.50; recall: 82.30; f1: 80.36
2021-02-22 12:39:31,045:INFO: Epoch 50/100
2021-02-22 12:39:34,390:INFO: - Train metrics: precison: 93.70; recall: 96.54; f1: 95.10; loss: 00.47
2021-02-22 12:39:34,601:INFO: - Eval metrics: precison: 78.14; recall: 81.99; f1: 80.02
2021-02-22 12:39:34,720:INFO: Epoch 51/100
2021-02-22 12:39:38,065:INFO: - Train metrics: precison: 93.87; recall: 96.65; f1: 95.24; loss: 00.45
2021-02-22 12:39:38,273:INFO: - Eval metrics: precison: 78.25; recall: 82.21; f1: 80.18
2021-02-22 12:39:38,396:INFO: Epoch 52/100
2021-02-22 12:39:41,718:INFO: - Train metrics: precison: 93.81; recall: 96.75; f1: 95.26; loss: 00.46
2021-02-22 12:39:41,925:INFO: - Eval metrics: precison: 77.97; recall: 82.13; f1: 79.99
2021-02-22 12:39:42,017:INFO: Epoch 53/100
2021-02-22 12:39:45,344:INFO: - Train metrics: precison: 93.98; recall: 96.90; f1: 95.42; loss: 00.46
2021-02-22 12:39:45,552:INFO: - Eval metrics: precison: 77.79; recall: 82.21; f1: 79.94
2021-02-22 12:39:45,643:INFO: Epoch 54/100
2021-02-22 12:39:48,973:INFO: - Train metrics: precison: 94.13; recall: 96.86; f1: 95.48; loss: 00.47
2021-02-22 12:39:49,184:INFO: - Eval metrics: precison: 77.74; recall: 81.68; f1: 79.66
2021-02-22 12:39:49,321:INFO: Epoch 55/100
2021-02-22 12:39:52,688:INFO: - Train metrics: precison: 94.30; recall: 96.98; f1: 95.62; loss: 00.44
2021-02-22 12:39:52,894:INFO: - Eval metrics: precison: 78.24; recall: 81.99; f1: 80.07
2021-02-22 12:39:53,029:INFO: Epoch 56/100
2021-02-22 12:39:56,377:INFO: - Train metrics: precison: 94.32; recall: 96.97; f1: 95.62; loss: 00.46
2021-02-22 12:39:56,586:INFO: - Eval metrics: precison: 77.79; recall: 81.77; f1: 79.73
2021-02-22 12:39:56,723:INFO: Epoch 57/100
2021-02-22 12:40:00,064:INFO: - Train metrics: precison: 94.32; recall: 96.98; f1: 95.63; loss: 00.44
2021-02-22 12:40:00,272:INFO: - Eval metrics: precison: 77.50; recall: 81.46; f1: 79.43
2021-02-22 12:40:00,385:INFO: Epoch 58/100
2021-02-22 12:40:03,723:INFO: - Train metrics: precison: 94.50; recall: 97.16; f1: 95.81; loss: 00.44
2021-02-22 12:40:03,932:INFO: - Eval metrics: precison: 77.65; recall: 81.55; f1: 79.55
2021-02-22 12:40:04,046:INFO: Epoch 59/100
2021-02-22 12:40:07,379:INFO: - Train metrics: precison: 94.38; recall: 97.13; f1: 95.74; loss: 00.44
2021-02-22 12:40:07,587:INFO: - Eval metrics: precison: 77.65; recall: 82.17; f1: 79.84
2021-02-22 12:40:07,672:INFO: Epoch 60/100
2021-02-22 12:40:10,966:INFO: - Train metrics: precison: 94.95; recall: 97.21; f1: 96.06; loss: 00.44
2021-02-22 12:40:11,173:INFO: - Eval metrics: precison: 78.10; recall: 81.50; f1: 79.77
2021-02-22 12:40:11,265:INFO: Epoch 61/100
2021-02-22 12:40:14,605:INFO: - Train metrics: precison: 94.77; recall: 97.28; f1: 96.01; loss: 00.42
2021-02-22 12:40:14,811:INFO: - Eval metrics: precison: 77.81; recall: 81.99; f1: 79.84
2021-02-22 12:40:14,954:INFO: Epoch 62/100
2021-02-22 12:40:18,266:INFO: - Train metrics: precison: 95.00; recall: 97.36; f1: 96.16; loss: 00.42
2021-02-22 12:40:18,475:INFO: - Eval metrics: precison: 77.93; recall: 81.50; f1: 79.68
2021-02-22 12:40:18,625:INFO: Epoch 63/100
2021-02-22 12:40:21,938:INFO: - Train metrics: precison: 95.29; recall: 97.42; f1: 96.35; loss: 00.42
2021-02-22 12:40:22,149:INFO: - Eval metrics: precison: 77.99; recall: 81.46; f1: 79.69
2021-02-22 12:40:22,239:INFO: best val f1: 80.63
