2021-02-04 18:41:57,098:INFO: Loading the datasets...
2021-02-04 18:50:05,786:INFO: - done.
2021-02-04 18:50:07,803:INFO: Starting training for 100 epoch(s)
2021-02-04 18:50:07,803:INFO: Epoch 1/100
2021-02-04 18:50:14,859:INFO: - Train metrics: precison: 71.62; recall: 69.32; f1: 70.45; loss: 02.11
2021-02-04 18:50:15,112:INFO: - Eval metrics: precison: 70.31; recall: 67.54; f1: 68.90
2021-02-04 18:50:15,211:INFO: - Found new best F1
2021-02-04 18:50:15,211:INFO: Epoch 2/100
2021-02-04 18:50:22,169:INFO: - Train metrics: precison: 72.17; recall: 80.83; f1: 76.26; loss: 01.56
2021-02-04 18:50:22,427:INFO: - Eval metrics: precison: 69.91; recall: 76.97; f1: 73.27
2021-02-04 18:50:22,620:INFO: - Found new best F1
2021-02-04 18:50:22,620:INFO: Epoch 3/100
2021-02-04 18:50:29,567:INFO: - Train metrics: precison: 76.87; recall: 82.93; f1: 79.79; loss: 01.39
2021-02-04 18:50:29,822:INFO: - Eval metrics: precison: 72.88; recall: 77.24; f1: 74.99
2021-02-04 18:50:30,013:INFO: - Found new best F1
2021-02-04 18:50:30,013:INFO: Epoch 4/100
2021-02-04 18:50:36,879:INFO: - Train metrics: precison: 79.97; recall: 83.29; f1: 81.60; loss: 01.29
2021-02-04 18:50:37,133:INFO: - Eval metrics: precison: 76.00; recall: 77.68; f1: 76.83
2021-02-04 18:50:37,310:INFO: - Found new best F1
2021-02-04 18:50:37,311:INFO: Epoch 5/100
2021-02-04 18:50:44,185:INFO: - Train metrics: precison: 77.88; recall: 86.93; f1: 82.16; loss: 01.21
2021-02-04 18:50:44,441:INFO: - Eval metrics: precison: 74.09; recall: 81.93; f1: 77.81
2021-02-04 18:50:44,703:INFO: - Found new best F1
2021-02-04 18:50:44,703:INFO: Epoch 6/100
2021-02-04 18:50:51,387:INFO: - Train metrics: precison: 80.87; recall: 87.28; f1: 83.95; loss: 01.15
2021-02-04 18:50:51,642:INFO: - Eval metrics: precison: 75.34; recall: 80.38; f1: 77.78
2021-02-04 18:50:51,765:INFO: Epoch 7/100
2021-02-04 18:50:58,751:INFO: - Train metrics: precison: 81.88; recall: 88.47; f1: 85.05; loss: 01.10
2021-02-04 18:50:59,007:INFO: - Eval metrics: precison: 76.24; recall: 81.13; f1: 78.61
2021-02-04 18:50:59,249:INFO: - Found new best F1
2021-02-04 18:50:59,250:INFO: Epoch 8/100
2021-02-04 18:51:06,207:INFO: - Train metrics: precison: 83.36; recall: 88.92; f1: 86.05; loss: 01.05
2021-02-04 18:51:06,465:INFO: - Eval metrics: precison: 77.26; recall: 81.27; f1: 79.21
2021-02-04 18:51:06,647:INFO: - Found new best F1
2021-02-04 18:51:06,647:INFO: Epoch 9/100
2021-02-04 18:51:13,572:INFO: - Train metrics: precison: 84.77; recall: 90.14; f1: 87.37; loss: 01.00
2021-02-04 18:51:13,828:INFO: - Eval metrics: precison: 76.89; recall: 81.93; f1: 79.33
2021-02-04 18:51:14,007:INFO: - Found new best F1
2021-02-04 18:51:14,007:INFO: Epoch 10/100
2021-02-04 18:51:20,976:INFO: - Train metrics: precison: 86.21; recall: 90.50; f1: 88.30; loss: 00.96
2021-02-04 18:51:21,236:INFO: - Eval metrics: precison: 78.70; recall: 81.98; f1: 80.30
2021-02-04 18:51:21,496:INFO: - Found new best F1
2021-02-04 18:51:21,497:INFO: Epoch 11/100
2021-02-04 18:51:28,443:INFO: - Train metrics: precison: 87.19; recall: 91.08; f1: 89.09; loss: 00.92
2021-02-04 18:51:28,697:INFO: - Eval metrics: precison: 78.46; recall: 81.80; f1: 80.10
2021-02-04 18:51:28,835:INFO: Epoch 12/100
2021-02-04 18:51:35,769:INFO: - Train metrics: precison: 88.19; recall: 91.29; f1: 89.71; loss: 00.89
2021-02-04 18:51:36,028:INFO: - Eval metrics: precison: 79.32; recall: 81.05; f1: 80.18
2021-02-04 18:51:36,117:INFO: Epoch 13/100
2021-02-04 18:51:43,113:INFO: - Train metrics: precison: 88.66; recall: 92.19; f1: 90.39; loss: 00.86
2021-02-04 18:51:43,371:INFO: - Eval metrics: precison: 79.84; recall: 81.93; f1: 80.87
2021-02-04 18:51:43,549:INFO: - Found new best F1
2021-02-04 18:51:43,549:INFO: Epoch 14/100
2021-02-04 18:51:50,486:INFO: - Train metrics: precison: 89.28; recall: 92.75; f1: 90.98; loss: 00.83
2021-02-04 18:51:50,742:INFO: - Eval metrics: precison: 80.17; recall: 82.55; f1: 81.34
2021-02-04 18:51:50,920:INFO: - Found new best F1
2021-02-04 18:51:50,920:INFO: Epoch 15/100
2021-02-04 18:51:57,917:INFO: - Train metrics: precison: 89.52; recall: 93.28; f1: 91.36; loss: 00.81
2021-02-04 18:51:58,179:INFO: - Eval metrics: precison: 79.88; recall: 82.46; f1: 81.15
2021-02-04 18:51:58,274:INFO: Epoch 16/100
2021-02-04 18:52:05,221:INFO: - Train metrics: precison: 89.29; recall: 93.88; f1: 91.53; loss: 00.78
2021-02-04 18:52:05,482:INFO: - Eval metrics: precison: 79.05; recall: 84.23; f1: 81.56
2021-02-04 18:52:05,737:INFO: - Found new best F1
2021-02-04 18:52:05,737:INFO: Epoch 17/100
2021-02-04 18:52:12,844:INFO: - Train metrics: precison: 89.92; recall: 94.52; f1: 92.17; loss: 00.76
2021-02-04 18:52:13,125:INFO: - Eval metrics: precison: 78.65; recall: 83.88; f1: 81.18
2021-02-04 18:52:13,252:INFO: Epoch 18/100
2021-02-04 18:52:20,145:INFO: - Train metrics: precison: 91.67; recall: 94.84; f1: 93.23; loss: 00.70
2021-02-04 18:52:20,405:INFO: - Eval metrics: precison: 80.91; recall: 83.92; f1: 82.39
2021-02-04 18:52:20,631:INFO: - Found new best F1
2021-02-04 18:52:20,631:INFO: Epoch 19/100
2021-02-04 18:52:27,398:INFO: - Train metrics: precison: 90.80; recall: 94.86; f1: 92.79; loss: 00.72
2021-02-04 18:52:27,658:INFO: - Eval metrics: precison: 80.57; recall: 84.46; f1: 82.46
2021-02-04 18:52:27,838:INFO: - Found new best F1
2021-02-04 18:52:27,838:INFO: Epoch 20/100
2021-02-04 18:52:34,799:INFO: - Train metrics: precison: 92.52; recall: 94.84; f1: 93.67; loss: 00.68
2021-02-04 18:52:35,060:INFO: - Eval metrics: precison: 81.26; recall: 82.60; f1: 81.92
2021-02-04 18:52:35,152:INFO: Epoch 21/100
2021-02-04 18:52:42,136:INFO: - Train metrics: precison: 92.24; recall: 95.43; f1: 93.81; loss: 00.66
2021-02-04 18:52:42,396:INFO: - Eval metrics: precison: 80.79; recall: 84.54; f1: 82.62
2021-02-04 18:52:42,602:INFO: - Found new best F1
2021-02-04 18:52:42,602:INFO: Epoch 22/100
2021-02-04 18:52:49,494:INFO: - Train metrics: precison: 93.81; recall: 95.45; f1: 94.62; loss: 00.63
2021-02-04 18:52:49,752:INFO: - Eval metrics: precison: 82.19; recall: 82.60; f1: 82.39
2021-02-04 18:52:49,879:INFO: Epoch 23/100
2021-02-04 18:52:56,710:INFO: - Train metrics: precison: 92.97; recall: 96.46; f1: 94.68; loss: 00.61
2021-02-04 18:52:56,971:INFO: - Eval metrics: precison: 80.25; recall: 84.41; f1: 82.28
2021-02-04 18:52:57,096:INFO: Epoch 24/100
2021-02-04 18:53:03,965:INFO: - Train metrics: precison: 94.55; recall: 96.04; f1: 95.29; loss: 00.59
2021-02-04 18:53:04,223:INFO: - Eval metrics: precison: 81.59; recall: 82.64; f1: 82.11
2021-02-04 18:53:04,311:INFO: Epoch 25/100
2021-02-04 18:53:10,985:INFO: - Train metrics: precison: 94.19; recall: 96.66; f1: 95.41; loss: 00.58
2021-02-04 18:53:11,248:INFO: - Eval metrics: precison: 81.40; recall: 83.70; f1: 82.53
2021-02-04 18:53:11,341:INFO: Epoch 26/100
2021-02-04 18:53:18,068:INFO: - Train metrics: precison: 94.30; recall: 96.81; f1: 95.54; loss: 00.54
2021-02-04 18:53:18,329:INFO: - Eval metrics: precison: 80.58; recall: 83.44; f1: 81.98
2021-02-04 18:53:18,412:INFO: Epoch 27/100
2021-02-04 18:53:25,138:INFO: - Train metrics: precison: 94.55; recall: 97.18; f1: 95.85; loss: 00.54
2021-02-04 18:53:25,395:INFO: - Eval metrics: precison: 81.07; recall: 84.23; f1: 82.62
2021-02-04 18:53:25,593:INFO: - Found new best F1
2021-02-04 18:53:25,594:INFO: Epoch 28/100
2021-02-04 18:53:32,579:INFO: - Train metrics: precison: 94.98; recall: 97.25; f1: 96.10; loss: 00.51
2021-02-04 18:53:32,842:INFO: - Eval metrics: precison: 81.48; recall: 84.37; f1: 82.90
2021-02-04 18:53:33,022:INFO: - Found new best F1
2021-02-04 18:53:33,022:INFO: Epoch 29/100
2021-02-04 18:53:40,015:INFO: - Train metrics: precison: 95.63; recall: 97.22; f1: 96.42; loss: 00.51
2021-02-04 18:53:40,273:INFO: - Eval metrics: precison: 81.53; recall: 83.48; f1: 82.49
2021-02-04 18:53:40,364:INFO: Epoch 30/100
2021-02-04 18:53:47,350:INFO: - Train metrics: precison: 95.91; recall: 97.56; f1: 96.73; loss: 00.48
2021-02-04 18:53:47,608:INFO: - Eval metrics: precison: 81.33; recall: 83.70; f1: 82.50
2021-02-04 18:53:47,729:INFO: Epoch 31/100
2021-02-04 18:53:54,733:INFO: - Train metrics: precison: 96.41; recall: 97.51; f1: 96.96; loss: 00.48
2021-02-04 18:53:54,996:INFO: - Eval metrics: precison: 82.09; recall: 82.64; f1: 82.37
2021-02-04 18:53:55,125:INFO: Epoch 32/100
2021-02-04 18:54:02,147:INFO: - Train metrics: precison: 96.08; recall: 98.19; f1: 97.13; loss: 00.45
2021-02-04 18:54:02,405:INFO: - Eval metrics: precison: 81.34; recall: 84.77; f1: 83.02
2021-02-04 18:54:02,642:INFO: - Found new best F1
2021-02-04 18:54:02,642:INFO: Epoch 33/100
2021-02-04 18:54:09,604:INFO: - Train metrics: precison: 96.79; recall: 97.95; f1: 97.37; loss: 00.44
2021-02-04 18:54:09,866:INFO: - Eval metrics: precison: 82.06; recall: 83.08; f1: 82.57
2021-02-04 18:54:09,956:INFO: Epoch 34/100
2021-02-04 18:54:16,905:INFO: - Train metrics: precison: 97.02; recall: 98.27; f1: 97.64; loss: 00.42
2021-02-04 18:54:17,167:INFO: - Eval metrics: precison: 81.52; recall: 82.64; f1: 82.08
2021-02-04 18:54:17,259:INFO: Epoch 35/100
2021-02-04 18:54:24,269:INFO: - Train metrics: precison: 96.83; recall: 98.41; f1: 97.61; loss: 00.40
2021-02-04 18:54:24,528:INFO: - Eval metrics: precison: 81.43; recall: 84.28; f1: 82.83
2021-02-04 18:54:24,637:INFO: Epoch 36/100
2021-02-04 18:54:31,560:INFO: - Train metrics: precison: 97.09; recall: 98.38; f1: 97.73; loss: 00.41
2021-02-04 18:54:31,818:INFO: - Eval metrics: precison: 81.81; recall: 84.28; f1: 83.03
2021-02-04 18:54:32,031:INFO: - Found new best F1
2021-02-04 18:54:32,032:INFO: Epoch 37/100
2021-02-04 18:54:38,825:INFO: - Train metrics: precison: 97.23; recall: 98.60; f1: 97.91; loss: 00.39
2021-02-04 18:54:39,083:INFO: - Eval metrics: precison: 81.45; recall: 84.59; f1: 82.99
2021-02-04 18:54:39,174:INFO: Epoch 38/100
2021-02-04 18:54:46,102:INFO: - Train metrics: precison: 97.90; recall: 98.53; f1: 98.22; loss: 00.37
2021-02-04 18:54:46,361:INFO: - Eval metrics: precison: 82.32; recall: 82.51; f1: 82.42
2021-02-04 18:54:46,483:INFO: Epoch 39/100
2021-02-04 18:54:53,412:INFO: - Train metrics: precison: 97.72; recall: 98.94; f1: 98.33; loss: 00.34
2021-02-04 18:54:53,673:INFO: - Eval metrics: precison: 81.39; recall: 84.81; f1: 83.06
2021-02-04 18:54:53,919:INFO: - Found new best F1
2021-02-04 18:54:53,919:INFO: Epoch 40/100
2021-02-04 18:55:00,927:INFO: - Train metrics: precison: 97.62; recall: 98.91; f1: 98.26; loss: 00.35
2021-02-04 18:55:01,187:INFO: - Eval metrics: precison: 81.67; recall: 84.85; f1: 83.23
2021-02-04 18:55:01,432:INFO: - Found new best F1
2021-02-04 18:55:01,432:INFO: Epoch 41/100
2021-02-04 18:55:08,298:INFO: - Train metrics: precison: 98.12; recall: 98.97; f1: 98.54; loss: 00.34
2021-02-04 18:55:08,557:INFO: - Eval metrics: precison: 82.43; recall: 83.53; f1: 82.97
2021-02-04 18:55:08,652:INFO: Epoch 42/100
2021-02-04 18:55:15,531:INFO: - Train metrics: precison: 98.12; recall: 98.98; f1: 98.55; loss: 00.33
2021-02-04 18:55:15,794:INFO: - Eval metrics: precison: 82.42; recall: 83.04; f1: 82.73
2021-02-04 18:55:15,924:INFO: Epoch 43/100
2021-02-04 18:55:22,799:INFO: - Train metrics: precison: 98.39; recall: 99.04; f1: 98.71; loss: 00.31
2021-02-04 18:55:23,058:INFO: - Eval metrics: precison: 82.38; recall: 83.22; f1: 82.79
2021-02-04 18:55:23,189:INFO: Epoch 44/100
2021-02-04 18:55:30,067:INFO: - Train metrics: precison: 98.49; recall: 99.07; f1: 98.78; loss: 00.30
2021-02-04 18:55:30,327:INFO: - Eval metrics: precison: 82.36; recall: 83.53; f1: 82.94
2021-02-04 18:55:30,416:INFO: Epoch 45/100
2021-02-04 18:55:37,273:INFO: - Train metrics: precison: 98.29; recall: 99.27; f1: 98.78; loss: 00.30
2021-02-04 18:55:37,531:INFO: - Eval metrics: precison: 81.74; recall: 85.43; f1: 83.54
2021-02-04 18:55:37,712:INFO: - Found new best F1
2021-02-04 18:55:37,712:INFO: Epoch 46/100
2021-02-04 18:55:44,598:INFO: - Train metrics: precison: 98.72; recall: 99.32; f1: 99.02; loss: 00.28
2021-02-04 18:55:44,857:INFO: - Eval metrics: precison: 82.14; recall: 84.72; f1: 83.41
2021-02-04 18:55:44,991:INFO: Epoch 47/100
2021-02-04 18:55:51,857:INFO: - Train metrics: precison: 98.53; recall: 99.36; f1: 98.94; loss: 00.27
2021-02-04 18:55:52,117:INFO: - Eval metrics: precison: 81.66; recall: 85.16; f1: 83.37
2021-02-04 18:55:52,243:INFO: Epoch 48/100
2021-02-04 18:55:59,224:INFO: - Train metrics: precison: 98.94; recall: 99.51; f1: 99.23; loss: 00.25
2021-02-04 18:55:59,484:INFO: - Eval metrics: precison: 81.92; recall: 84.68; f1: 83.28
2021-02-04 18:55:59,614:INFO: Epoch 49/100
2021-02-04 18:56:06,446:INFO: - Train metrics: precison: 99.03; recall: 99.45; f1: 99.24; loss: 00.24
2021-02-04 18:56:06,706:INFO: - Eval metrics: precison: 82.52; recall: 83.44; f1: 82.98
2021-02-04 18:56:06,797:INFO: Epoch 50/100
2021-02-04 18:56:13,682:INFO: - Train metrics: precison: 99.11; recall: 99.59; f1: 99.35; loss: 00.23
2021-02-04 18:56:13,941:INFO: - Eval metrics: precison: 82.23; recall: 85.47; f1: 83.82
2021-02-04 18:56:14,115:INFO: - Found new best F1
2021-02-04 18:56:14,115:INFO: Epoch 51/100
2021-02-04 18:56:20,765:INFO: - Train metrics: precison: 99.29; recall: 99.59; f1: 99.44; loss: 00.22
2021-02-04 18:56:21,023:INFO: - Eval metrics: precison: 83.38; recall: 83.97; f1: 83.67
2021-02-04 18:56:21,144:INFO: Epoch 52/100
2021-02-04 18:56:27,976:INFO: - Train metrics: precison: 99.29; recall: 99.65; f1: 99.47; loss: 00.24
2021-02-04 18:56:28,239:INFO: - Eval metrics: precison: 81.71; recall: 84.10; f1: 82.89
2021-02-04 18:56:28,331:INFO: Epoch 53/100
2021-02-04 18:56:35,278:INFO: - Train metrics: precison: 99.35; recall: 99.74; f1: 99.55; loss: 00.21
2021-02-04 18:56:35,539:INFO: - Eval metrics: precison: 81.62; recall: 84.19; f1: 82.89
2021-02-04 18:56:35,633:INFO: Epoch 54/100
2021-02-04 18:56:42,416:INFO: - Train metrics: precison: 99.38; recall: 99.83; f1: 99.61; loss: 00.21
2021-02-04 18:56:42,675:INFO: - Eval metrics: precison: 81.84; recall: 85.43; f1: 83.60
2021-02-04 18:56:42,817:INFO: Epoch 55/100
2021-02-04 18:56:49,590:INFO: - Train metrics: precison: 99.47; recall: 99.77; f1: 99.62; loss: 00.18
2021-02-04 18:56:49,849:INFO: - Eval metrics: precison: 82.36; recall: 83.75; f1: 83.05
2021-02-04 18:56:49,984:INFO: Epoch 56/100
2021-02-04 18:56:56,731:INFO: - Train metrics: precison: 99.59; recall: 99.80; f1: 99.70; loss: 00.18
2021-02-04 18:56:56,991:INFO: - Eval metrics: precison: 82.67; recall: 83.44; f1: 83.05
2021-02-04 18:56:57,083:INFO: Epoch 57/100
2021-02-04 18:57:03,923:INFO: - Train metrics: precison: 99.53; recall: 99.83; f1: 99.68; loss: 00.18
2021-02-04 18:57:04,206:INFO: - Eval metrics: precison: 82.14; recall: 85.12; f1: 83.60
2021-02-04 18:57:04,299:INFO: Epoch 58/100
2021-02-04 18:57:11,141:INFO: - Train metrics: precison: 99.65; recall: 99.85; f1: 99.75; loss: 00.17
2021-02-04 18:57:11,403:INFO: - Eval metrics: precison: 82.86; recall: 82.86; f1: 82.86
2021-02-04 18:57:11,495:INFO: Epoch 59/100
2021-02-04 18:57:18,405:INFO: - Train metrics: precison: 99.68; recall: 99.86; f1: 99.77; loss: 00.18
2021-02-04 18:57:18,663:INFO: - Eval metrics: precison: 81.96; recall: 84.32; f1: 83.13
2021-02-04 18:57:18,761:INFO: Epoch 60/100
2021-02-04 18:57:25,748:INFO: - Train metrics: precison: 99.59; recall: 99.86; f1: 99.73; loss: 00.17
2021-02-04 18:57:26,006:INFO: - Eval metrics: precison: 81.41; recall: 83.61; f1: 82.50
2021-02-04 18:57:26,129:INFO: Epoch 61/100
2021-02-04 18:57:33,013:INFO: - Train metrics: precison: 99.68; recall: 99.89; f1: 99.79; loss: 00.17
2021-02-04 18:57:33,279:INFO: - Eval metrics: precison: 81.76; recall: 84.37; f1: 83.04
2021-02-04 18:57:33,408:INFO: Epoch 62/100
2021-02-04 18:57:40,349:INFO: - Train metrics: precison: 99.71; recall: 99.85; f1: 99.78; loss: 00.15
2021-02-04 18:57:40,611:INFO: - Eval metrics: precison: 82.30; recall: 83.39; f1: 82.84
2021-02-04 18:57:40,703:INFO: Epoch 63/100
2021-02-04 18:57:47,619:INFO: - Train metrics: precison: 99.83; recall: 99.94; f1: 99.89; loss: 00.15
2021-02-04 18:57:47,878:INFO: - Eval metrics: precison: 82.09; recall: 84.01; f1: 83.04
2021-02-04 18:57:47,976:INFO: Epoch 64/100
2021-02-04 18:57:54,842:INFO: - Train metrics: precison: 99.83; recall: 99.92; f1: 99.88; loss: 00.14
2021-02-04 18:57:55,100:INFO: - Eval metrics: precison: 82.20; recall: 83.84; f1: 83.01
2021-02-04 18:57:55,233:INFO: Epoch 65/100
2021-02-04 18:58:02,069:INFO: - Train metrics: precison: 99.76; recall: 99.94; f1: 99.85; loss: 00.14
2021-02-04 18:58:02,328:INFO: - Eval metrics: precison: 81.44; recall: 84.32; f1: 82.85
2021-02-04 18:58:02,466:INFO: Epoch 66/100
2021-02-04 18:58:09,262:INFO: - Train metrics: precison: 99.82; recall: 99.94; f1: 99.88; loss: 00.14
2021-02-04 18:58:09,521:INFO: - Eval metrics: precison: 81.78; recall: 83.88; f1: 82.82
2021-02-04 18:58:09,645:INFO: Epoch 67/100
2021-02-04 18:58:16,522:INFO: - Train metrics: precison: 99.83; recall: 99.94; f1: 99.89; loss: 00.14
2021-02-04 18:58:16,780:INFO: - Eval metrics: precison: 81.90; recall: 83.75; f1: 82.81
2021-02-04 18:58:16,910:INFO: Epoch 68/100
2021-02-04 18:58:24,470:INFO: - Train metrics: precison: 99.83; recall: 99.95; f1: 99.89; loss: 00.12
2021-02-04 18:58:24,728:INFO: - Eval metrics: precison: 81.31; recall: 84.19; f1: 82.72
2021-02-04 18:58:24,820:INFO: Epoch 69/100
2021-02-04 18:58:31,706:INFO: - Train metrics: precison: 99.86; recall: 99.95; f1: 99.91; loss: 00.11
2021-02-04 18:58:31,965:INFO: - Eval metrics: precison: 82.20; recall: 83.26; f1: 82.73
2021-02-04 18:58:32,057:INFO: Epoch 70/100
2021-02-04 18:58:38,974:INFO: - Train metrics: precison: 99.91; recall: 99.95; f1: 99.93; loss: 00.12
2021-02-04 18:58:39,238:INFO: - Eval metrics: precison: 82.88; recall: 82.99; f1: 82.94
2021-02-04 18:58:39,365:INFO: best val f1: 83.82
