2021-02-05 13:11:16,587:INFO: Loading the datasets...
2021-02-05 13:19:35,536:INFO: - done.
2021-02-05 13:19:37,525:INFO: Starting training for 100 epoch(s)
2021-02-05 13:19:37,525:INFO: Epoch 1/100
2021-02-05 13:19:44,582:INFO: - Train metrics: precison: 71.54; recall: 69.56; f1: 70.53; loss: 02.10
2021-02-05 13:19:44,865:INFO: - Eval metrics: precison: 70.57; recall: 67.54; f1: 69.02
2021-02-05 13:19:44,974:INFO: - Found new best F1
2021-02-05 13:19:44,974:INFO: Epoch 2/100
2021-02-05 13:19:51,779:INFO: - Train metrics: precison: 73.70; recall: 79.79; f1: 76.62; loss: 01.54
2021-02-05 13:19:52,038:INFO: - Eval metrics: precison: 71.44; recall: 76.00; f1: 73.65
2021-02-05 13:19:52,200:INFO: - Found new best F1
2021-02-05 13:19:52,201:INFO: Epoch 3/100
2021-02-05 13:19:58,732:INFO: - Train metrics: precison: 77.61; recall: 81.96; f1: 79.73; loss: 01.38
2021-02-05 13:19:58,994:INFO: - Eval metrics: precison: 74.13; recall: 77.02; f1: 75.54
2021-02-05 13:19:59,249:INFO: - Found new best F1
2021-02-05 13:19:59,249:INFO: Epoch 4/100
2021-02-05 13:20:05,804:INFO: - Train metrics: precison: 77.69; recall: 85.22; f1: 81.28; loss: 01.30
2021-02-05 13:20:06,062:INFO: - Eval metrics: precison: 73.33; recall: 79.89; f1: 76.47
2021-02-05 13:20:06,322:INFO: - Found new best F1
2021-02-05 13:20:06,322:INFO: Epoch 5/100
2021-02-05 13:20:12,888:INFO: - Train metrics: precison: 81.33; recall: 85.10; f1: 83.17; loss: 01.21
2021-02-05 13:20:13,157:INFO: - Eval metrics: precison: 75.67; recall: 78.26; f1: 76.94
2021-02-05 13:20:13,323:INFO: - Found new best F1
2021-02-05 13:20:13,324:INFO: Epoch 6/100
2021-02-05 13:20:19,900:INFO: - Train metrics: precison: 82.77; recall: 85.34; f1: 84.03; loss: 01.16
2021-02-05 13:20:20,158:INFO: - Eval metrics: precison: 77.34; recall: 78.43; f1: 77.88
2021-02-05 13:20:20,328:INFO: - Found new best F1
2021-02-05 13:20:20,329:INFO: Epoch 7/100
2021-02-05 13:20:26,972:INFO: - Train metrics: precison: 83.18; recall: 87.71; f1: 85.38; loss: 01.11
2021-02-05 13:20:27,226:INFO: - Eval metrics: precison: 77.99; recall: 80.65; f1: 79.29
2021-02-05 13:20:27,488:INFO: - Found new best F1
2021-02-05 13:20:27,488:INFO: Epoch 8/100
2021-02-05 13:20:34,065:INFO: - Train metrics: precison: 83.90; recall: 89.27; f1: 86.50; loss: 01.06
2021-02-05 13:20:34,349:INFO: - Eval metrics: precison: 77.58; recall: 82.29; f1: 79.86
2021-02-05 13:20:34,572:INFO: - Found new best F1
2021-02-05 13:20:34,572:INFO: Epoch 9/100
2021-02-05 13:20:41,294:INFO: - Train metrics: precison: 86.91; recall: 87.86; f1: 87.38; loss: 01.01
2021-02-05 13:20:41,549:INFO: - Eval metrics: precison: 79.84; recall: 78.74; f1: 79.29
2021-02-05 13:20:41,658:INFO: Epoch 10/100
2021-02-05 13:20:48,362:INFO: - Train metrics: precison: 85.62; recall: 90.41; f1: 87.95; loss: 00.96
2021-02-05 13:20:48,628:INFO: - Eval metrics: precison: 77.77; recall: 81.98; f1: 79.82
2021-02-05 13:20:48,749:INFO: Epoch 11/100
2021-02-05 13:20:55,496:INFO: - Train metrics: precison: 86.44; recall: 91.05; f1: 88.69; loss: 00.93
2021-02-05 13:20:55,757:INFO: - Eval metrics: precison: 77.86; recall: 81.93; f1: 79.84
2021-02-05 13:20:55,849:INFO: Epoch 12/100
2021-02-05 13:21:02,696:INFO: - Train metrics: precison: 86.71; recall: 92.29; f1: 89.41; loss: 00.90
2021-02-05 13:21:02,960:INFO: - Eval metrics: precison: 77.76; recall: 82.06; f1: 79.85
2021-02-05 13:21:03,055:INFO: Epoch 13/100
2021-02-05 13:21:09,753:INFO: - Train metrics: precison: 87.82; recall: 91.94; f1: 89.84; loss: 00.85
2021-02-05 13:21:10,021:INFO: - Eval metrics: precison: 79.49; recall: 82.20; f1: 80.82
2021-02-05 13:21:10,166:INFO: - Found new best F1
2021-02-05 13:21:10,166:INFO: Epoch 14/100
2021-02-05 13:21:16,828:INFO: - Train metrics: precison: 87.63; recall: 93.19; f1: 90.32; loss: 00.82
2021-02-05 13:21:17,103:INFO: - Eval metrics: precison: 78.75; recall: 84.37; f1: 81.46
2021-02-05 13:21:17,361:INFO: - Found new best F1
2021-02-05 13:21:17,361:INFO: Epoch 15/100
2021-02-05 13:21:24,120:INFO: - Train metrics: precison: 89.07; recall: 93.38; f1: 91.18; loss: 00.80
2021-02-05 13:21:24,384:INFO: - Eval metrics: precison: 79.31; recall: 83.17; f1: 81.19
2021-02-05 13:21:24,477:INFO: Epoch 16/100
2021-02-05 13:21:31,115:INFO: - Train metrics: precison: 89.82; recall: 93.58; f1: 91.66; loss: 00.80
2021-02-05 13:21:31,378:INFO: - Eval metrics: precison: 80.40; recall: 83.75; f1: 82.04
2021-02-05 13:21:31,527:INFO: - Found new best F1
2021-02-05 13:21:31,527:INFO: Epoch 17/100
2021-02-05 13:21:38,209:INFO: - Train metrics: precison: 90.17; recall: 94.34; f1: 92.21; loss: 00.74
2021-02-05 13:21:38,475:INFO: - Eval metrics: precison: 79.45; recall: 83.88; f1: 81.60
2021-02-05 13:21:38,598:INFO: Epoch 18/100
2021-02-05 13:21:45,166:INFO: - Train metrics: precison: 90.26; recall: 94.46; f1: 92.31; loss: 00.73
2021-02-05 13:21:45,427:INFO: - Eval metrics: precison: 79.23; recall: 83.79; f1: 81.45
2021-02-05 13:21:45,520:INFO: Epoch 19/100
2021-02-05 13:21:52,205:INFO: - Train metrics: precison: 92.20; recall: 94.90; f1: 93.53; loss: 00.71
2021-02-05 13:21:52,514:INFO: - Eval metrics: precison: 80.79; recall: 83.79; f1: 82.26
2021-02-05 13:21:52,672:INFO: - Found new best F1
2021-02-05 13:21:52,672:INFO: Epoch 20/100
2021-02-05 13:21:59,187:INFO: - Train metrics: precison: 92.65; recall: 94.92; f1: 93.77; loss: 00.66
2021-02-05 13:21:59,449:INFO: - Eval metrics: precison: 81.25; recall: 82.73; f1: 81.98
2021-02-05 13:21:59,575:INFO: Epoch 21/100
2021-02-05 13:22:06,218:INFO: - Train metrics: precison: 92.23; recall: 95.77; f1: 93.96; loss: 00.64
2021-02-05 13:22:06,493:INFO: - Eval metrics: precison: 80.78; recall: 85.08; f1: 82.87
2021-02-05 13:22:06,742:INFO: - Found new best F1
2021-02-05 13:22:06,742:INFO: Epoch 22/100
2021-02-05 13:22:13,518:INFO: - Train metrics: precison: 92.25; recall: 96.04; f1: 94.10; loss: 00.63
2021-02-05 13:22:13,797:INFO: - Eval metrics: precison: 80.04; recall: 84.54; f1: 82.23
2021-02-05 13:22:13,927:INFO: Epoch 23/100
2021-02-05 13:22:20,533:INFO: - Train metrics: precison: 93.47; recall: 95.96; f1: 94.70; loss: 00.61
2021-02-05 13:22:20,793:INFO: - Eval metrics: precison: 81.17; recall: 84.01; f1: 82.57
2021-02-05 13:22:20,928:INFO: Epoch 24/100
2021-02-05 13:22:27,547:INFO: - Train metrics: precison: 93.69; recall: 95.95; f1: 94.80; loss: 00.60
2021-02-05 13:22:27,807:INFO: - Eval metrics: precison: 81.61; recall: 82.95; f1: 82.28
2021-02-05 13:22:27,902:INFO: Epoch 25/100
2021-02-05 13:22:34,456:INFO: - Train metrics: precison: 93.59; recall: 96.68; f1: 95.11; loss: 00.57
2021-02-05 13:22:34,716:INFO: - Eval metrics: precison: 79.97; recall: 84.19; f1: 82.03
2021-02-05 13:22:34,846:INFO: Epoch 26/100
2021-02-05 13:22:41,428:INFO: - Train metrics: precison: 93.85; recall: 96.87; f1: 95.34; loss: 00.55
2021-02-05 13:22:41,686:INFO: - Eval metrics: precison: 80.79; recall: 84.72; f1: 82.71
2021-02-05 13:22:41,829:INFO: Epoch 27/100
2021-02-05 13:22:48,396:INFO: - Train metrics: precison: 95.17; recall: 96.92; f1: 96.04; loss: 00.53
2021-02-05 13:22:48,660:INFO: - Eval metrics: precison: 81.27; recall: 83.61; f1: 82.43
2021-02-05 13:22:48,792:INFO: Epoch 28/100
2021-02-05 13:22:55,330:INFO: - Train metrics: precison: 94.72; recall: 97.45; f1: 96.07; loss: 00.52
2021-02-05 13:22:55,592:INFO: - Eval metrics: precison: 80.41; recall: 84.90; f1: 82.59
2021-02-05 13:22:55,718:INFO: Epoch 29/100
2021-02-05 13:23:02,275:INFO: - Train metrics: precison: 94.76; recall: 97.44; f1: 96.08; loss: 00.48
2021-02-05 13:23:02,541:INFO: - Eval metrics: precison: 80.45; recall: 84.54; f1: 82.44
2021-02-05 13:23:02,675:INFO: Epoch 30/100
2021-02-05 13:23:09,234:INFO: - Train metrics: precison: 95.65; recall: 97.65; f1: 96.64; loss: 00.49
2021-02-05 13:23:09,500:INFO: - Eval metrics: precison: 80.81; recall: 84.46; f1: 82.59
2021-02-05 13:23:09,633:INFO: Epoch 31/100
2021-02-05 13:23:16,182:INFO: - Train metrics: precison: 96.46; recall: 97.53; f1: 96.99; loss: 00.46
2021-02-05 13:23:16,443:INFO: - Eval metrics: precison: 82.52; recall: 83.44; f1: 82.98
2021-02-05 13:23:16,688:INFO: - Found new best F1
2021-02-05 13:23:16,688:INFO: Epoch 32/100
2021-02-05 13:23:23,276:INFO: - Train metrics: precison: 96.26; recall: 97.95; f1: 97.10; loss: 00.44
2021-02-05 13:23:23,543:INFO: - Eval metrics: precison: 80.88; recall: 84.28; f1: 82.54
2021-02-05 13:23:23,679:INFO: Epoch 33/100
2021-02-05 13:23:30,239:INFO: - Train metrics: precison: 96.58; recall: 98.12; f1: 97.34; loss: 00.43
2021-02-05 13:23:30,505:INFO: - Eval metrics: precison: 80.98; recall: 83.70; f1: 82.32
2021-02-05 13:23:30,643:INFO: Epoch 34/100
2021-02-05 13:23:37,154:INFO: - Train metrics: precison: 97.35; recall: 98.16; f1: 97.76; loss: 00.42
2021-02-05 13:23:37,412:INFO: - Eval metrics: precison: 82.72; recall: 83.13; f1: 82.92
2021-02-05 13:23:37,505:INFO: Epoch 35/100
2021-02-05 13:23:44,022:INFO: - Train metrics: precison: 97.13; recall: 98.54; f1: 97.83; loss: 00.39
2021-02-05 13:23:44,285:INFO: - Eval metrics: precison: 81.44; recall: 84.94; f1: 83.16
2021-02-05 13:23:44,512:INFO: - Found new best F1
2021-02-05 13:23:44,512:INFO: Epoch 36/100
2021-02-05 13:23:51,046:INFO: - Train metrics: precison: 97.41; recall: 98.59; f1: 97.99; loss: 00.39
2021-02-05 13:23:51,306:INFO: - Eval metrics: precison: 81.97; recall: 84.15; f1: 83.04
2021-02-05 13:23:51,434:INFO: Epoch 37/100
2021-02-05 13:23:57,941:INFO: - Train metrics: precison: 97.57; recall: 98.56; f1: 98.06; loss: 00.38
2021-02-05 13:23:58,203:INFO: - Eval metrics: precison: 82.58; recall: 84.59; f1: 83.57
2021-02-05 13:23:58,479:INFO: - Found new best F1
2021-02-05 13:23:58,480:INFO: Epoch 38/100
2021-02-05 13:24:05,020:INFO: - Train metrics: precison: 97.84; recall: 98.77; f1: 98.30; loss: 00.37
2021-02-05 13:24:05,278:INFO: - Eval metrics: precison: 82.85; recall: 83.66; f1: 83.25
2021-02-05 13:24:05,412:INFO: Epoch 39/100
2021-02-05 13:24:11,919:INFO: - Train metrics: precison: 97.82; recall: 98.94; f1: 98.38; loss: 00.35
2021-02-05 13:24:12,180:INFO: - Eval metrics: precison: 81.93; recall: 84.72; f1: 83.30
2021-02-05 13:24:12,318:INFO: Epoch 40/100
2021-02-05 13:24:18,820:INFO: - Train metrics: precison: 97.87; recall: 98.80; f1: 98.33; loss: 00.34
2021-02-05 13:24:19,083:INFO: - Eval metrics: precison: 81.96; recall: 84.10; f1: 83.02
2021-02-05 13:24:19,173:INFO: Epoch 41/100
2021-02-05 13:24:25,709:INFO: - Train metrics: precison: 98.04; recall: 99.18; f1: 98.60; loss: 00.31
2021-02-05 13:24:25,972:INFO: - Eval metrics: precison: 81.40; recall: 84.90; f1: 83.11
2021-02-05 13:24:26,068:INFO: Epoch 42/100
2021-02-05 13:24:32,592:INFO: - Train metrics: precison: 98.03; recall: 99.15; f1: 98.59; loss: 00.32
2021-02-05 13:24:32,855:INFO: - Eval metrics: precison: 81.58; recall: 83.92; f1: 82.73
2021-02-05 13:24:32,952:INFO: Epoch 43/100
2021-02-05 13:24:39,461:INFO: - Train metrics: precison: 98.33; recall: 99.29; f1: 98.81; loss: 00.29
2021-02-05 13:24:39,725:INFO: - Eval metrics: precison: 82.11; recall: 84.15; f1: 83.11
2021-02-05 13:24:39,855:INFO: Epoch 44/100
2021-02-05 13:24:46,340:INFO: - Train metrics: precison: 98.54; recall: 99.32; f1: 98.93; loss: 00.29
2021-02-05 13:24:46,603:INFO: - Eval metrics: precison: 81.66; recall: 84.19; f1: 82.90
2021-02-05 13:24:46,734:INFO: Epoch 45/100
2021-02-05 13:24:53,248:INFO: - Train metrics: precison: 98.57; recall: 99.41; f1: 98.99; loss: 00.29
2021-02-05 13:24:53,509:INFO: - Eval metrics: precison: 81.57; recall: 84.68; f1: 83.09
2021-02-05 13:24:53,635:INFO: Epoch 46/100
2021-02-05 13:25:00,114:INFO: - Train metrics: precison: 98.42; recall: 99.38; f1: 98.90; loss: 00.27
2021-02-05 13:25:00,373:INFO: - Eval metrics: precison: 81.96; recall: 85.12; f1: 83.51
2021-02-05 13:25:00,513:INFO: Epoch 47/100
2021-02-05 13:25:07,002:INFO: - Train metrics: precison: 99.17; recall: 99.53; f1: 99.35; loss: 00.26
2021-02-05 13:25:07,267:INFO: - Eval metrics: precison: 82.91; recall: 82.95; f1: 82.93
2021-02-05 13:25:07,364:INFO: Epoch 48/100
2021-02-05 13:25:13,999:INFO: - Train metrics: precison: 98.96; recall: 99.58; f1: 99.27; loss: 00.26
2021-02-05 13:25:14,267:INFO: - Eval metrics: precison: 81.89; recall: 85.30; f1: 83.56
2021-02-05 13:25:14,403:INFO: Epoch 49/100
2021-02-05 13:25:21,107:INFO: - Train metrics: precison: 99.05; recall: 99.51; f1: 99.28; loss: 00.24
2021-02-05 13:25:21,367:INFO: - Eval metrics: precison: 82.53; recall: 83.70; f1: 83.11
2021-02-05 13:25:21,464:INFO: Epoch 50/100
2021-02-05 13:25:27,953:INFO: - Train metrics: precison: 99.05; recall: 99.59; f1: 99.32; loss: 00.24
2021-02-05 13:25:28,212:INFO: - Eval metrics: precison: 82.23; recall: 84.41; f1: 83.30
2021-02-05 13:25:28,346:INFO: Epoch 51/100
2021-02-05 13:25:34,782:INFO: - Train metrics: precison: 99.26; recall: 99.62; f1: 99.44; loss: 00.23
2021-02-05 13:25:35,047:INFO: - Eval metrics: precison: 83.00; recall: 83.44; f1: 83.22
2021-02-05 13:25:35,177:INFO: Epoch 52/100
2021-02-05 13:25:41,775:INFO: - Train metrics: precison: 99.29; recall: 99.67; f1: 99.48; loss: 00.22
2021-02-05 13:25:42,045:INFO: - Eval metrics: precison: 82.97; recall: 83.26; f1: 83.11
2021-02-05 13:25:42,177:INFO: Epoch 53/100
2021-02-05 13:25:48,863:INFO: - Train metrics: precison: 99.26; recall: 99.77; f1: 99.52; loss: 00.21
2021-02-05 13:25:49,127:INFO: - Eval metrics: precison: 81.71; recall: 84.68; f1: 83.17
2021-02-05 13:25:49,251:INFO: Epoch 54/100
2021-02-05 13:25:55,856:INFO: - Train metrics: precison: 99.28; recall: 99.77; f1: 99.52; loss: 00.20
2021-02-05 13:25:56,124:INFO: - Eval metrics: precison: 81.59; recall: 85.56; f1: 83.53
2021-02-05 13:25:56,218:INFO: Epoch 55/100
2021-02-05 13:26:02,738:INFO: - Train metrics: precison: 99.38; recall: 99.82; f1: 99.60; loss: 00.20
2021-02-05 13:26:03,005:INFO: - Eval metrics: precison: 82.42; recall: 85.34; f1: 83.86
2021-02-05 13:26:03,187:INFO: - Found new best F1
2021-02-05 13:26:03,188:INFO: Epoch 56/100
2021-02-05 13:26:09,693:INFO: - Train metrics: precison: 99.49; recall: 99.82; f1: 99.65; loss: 00.20
2021-02-05 13:26:09,959:INFO: - Eval metrics: precison: 81.83; recall: 84.77; f1: 83.27
2021-02-05 13:26:10,081:INFO: Epoch 57/100
2021-02-05 13:26:16,632:INFO: - Train metrics: precison: 99.49; recall: 99.77; f1: 99.63; loss: 00.18
2021-02-05 13:26:16,897:INFO: - Eval metrics: precison: 82.24; recall: 83.26; f1: 82.75
2021-02-05 13:26:17,023:INFO: Epoch 58/100
2021-02-05 13:26:23,516:INFO: - Train metrics: precison: 99.46; recall: 99.82; f1: 99.64; loss: 00.19
2021-02-05 13:26:23,773:INFO: - Eval metrics: precison: 81.18; recall: 85.03; f1: 83.06
2021-02-05 13:26:23,897:INFO: Epoch 59/100
2021-02-05 13:26:30,402:INFO: - Train metrics: precison: 99.59; recall: 99.83; f1: 99.71; loss: 00.17
2021-02-05 13:26:30,669:INFO: - Eval metrics: precison: 82.80; recall: 82.91; f1: 82.85
2021-02-05 13:26:30,795:INFO: Epoch 60/100
2021-02-05 13:26:37,299:INFO: - Train metrics: precison: 99.65; recall: 99.89; f1: 99.77; loss: 00.18
2021-02-05 13:26:37,564:INFO: - Eval metrics: precison: 82.08; recall: 83.97; f1: 83.01
2021-02-05 13:26:37,661:INFO: Epoch 61/100
2021-02-05 13:26:44,161:INFO: - Train metrics: precison: 99.64; recall: 99.86; f1: 99.75; loss: 00.17
2021-02-05 13:26:44,419:INFO: - Eval metrics: precison: 82.18; recall: 84.15; f1: 83.15
2021-02-05 13:26:44,549:INFO: Epoch 62/100
2021-02-05 13:26:51,065:INFO: - Train metrics: precison: 99.68; recall: 99.89; f1: 99.79; loss: 00.15
2021-02-05 13:26:51,339:INFO: - Eval metrics: precison: 82.37; recall: 84.01; f1: 83.18
2021-02-05 13:26:51,476:INFO: Epoch 63/100
2021-02-05 13:26:58,006:INFO: - Train metrics: precison: 99.74; recall: 99.89; f1: 99.82; loss: 00.15
2021-02-05 13:26:58,268:INFO: - Eval metrics: precison: 81.71; recall: 84.28; f1: 82.97
2021-02-05 13:26:58,363:INFO: Epoch 64/100
2021-02-05 13:27:04,845:INFO: - Train metrics: precison: 99.68; recall: 99.91; f1: 99.80; loss: 00.14
2021-02-05 13:27:05,107:INFO: - Eval metrics: precison: 81.39; recall: 84.81; f1: 83.06
2021-02-05 13:27:05,204:INFO: Epoch 65/100
2021-02-05 13:27:11,901:INFO: - Train metrics: precison: 99.74; recall: 99.92; f1: 99.83; loss: 00.13
2021-02-05 13:27:12,178:INFO: - Eval metrics: precison: 81.98; recall: 83.44; f1: 82.70
2021-02-05 13:27:12,272:INFO: Epoch 66/100
2021-02-05 13:27:18,771:INFO: - Train metrics: precison: 99.82; recall: 99.92; f1: 99.87; loss: 00.14
2021-02-05 13:27:19,035:INFO: - Eval metrics: precison: 82.71; recall: 83.04; f1: 82.87
2021-02-05 13:27:19,178:INFO: Epoch 67/100
2021-02-05 13:27:25,866:INFO: - Train metrics: precison: 99.67; recall: 99.91; f1: 99.79; loss: 00.13
2021-02-05 13:27:26,128:INFO: - Eval metrics: precison: 81.79; recall: 85.34; f1: 83.53
2021-02-05 13:27:26,274:INFO: Epoch 68/100
2021-02-05 13:27:33,031:INFO: - Train metrics: precison: 99.86; recall: 99.94; f1: 99.90; loss: 00.11
2021-02-05 13:27:33,322:INFO: - Eval metrics: precison: 81.97; recall: 83.57; f1: 82.76
2021-02-05 13:27:33,419:INFO: Epoch 69/100
2021-02-05 13:27:39,948:INFO: - Train metrics: precison: 99.83; recall: 99.94; f1: 99.89; loss: 00.12
2021-02-05 13:27:40,208:INFO: - Eval metrics: precison: 81.58; recall: 84.54; f1: 83.04
2021-02-05 13:27:40,341:INFO: Epoch 70/100
2021-02-05 13:27:46,853:INFO: - Train metrics: precison: 99.85; recall: 99.94; f1: 99.89; loss: 00.11
2021-02-05 13:27:47,115:INFO: - Eval metrics: precison: 81.94; recall: 84.19; f1: 83.05
2021-02-05 13:27:47,253:INFO: Epoch 71/100
2021-02-05 13:27:53,790:INFO: - Train metrics: precison: 99.94; recall: 99.95; f1: 99.95; loss: 00.12
2021-02-05 13:27:54,052:INFO: - Eval metrics: precison: 82.44; recall: 83.39; f1: 82.92
2021-02-05 13:27:54,148:INFO: Epoch 72/100
2021-02-05 13:28:00,588:INFO: - Train metrics: precison: 99.91; recall: 99.94; f1: 99.92; loss: 00.11
2021-02-05 13:28:00,853:INFO: - Eval metrics: precison: 82.46; recall: 83.92; f1: 83.19
2021-02-05 13:28:00,950:INFO: Epoch 73/100
2021-02-05 13:28:07,413:INFO: - Train metrics: precison: 99.91; recall: 99.95; f1: 99.93; loss: 00.10
2021-02-05 13:28:07,677:INFO: - Eval metrics: precison: 82.89; recall: 83.26; f1: 83.08
2021-02-05 13:28:07,767:INFO: Epoch 74/100
2021-02-05 13:28:14,455:INFO: - Train metrics: precison: 99.91; recall: 99.97; f1: 99.94; loss: 00.10
2021-02-05 13:28:14,752:INFO: - Eval metrics: precison: 82.85; recall: 83.22; f1: 83.03
2021-02-05 13:28:14,897:INFO: Epoch 75/100
2021-02-05 13:28:21,524:INFO: - Train metrics: precison: 99.92; recall: 99.95; f1: 99.94; loss: 00.10
2021-02-05 13:28:21,796:INFO: - Eval metrics: precison: 82.78; recall: 83.26; f1: 83.02
2021-02-05 13:28:21,939:INFO: best val f1: 83.86
