2021-02-21 09:12:52,108:INFO: Loading the datasets...
2021-02-21 09:17:42,025:INFO: - done.
2021-02-21 09:17:43,468:INFO: Starting training for 100 epoch(s)
2021-02-21 09:17:43,468:INFO: Epoch 1/100
2021-02-21 09:17:46,796:INFO: - Train metrics: precison: 59.58; recall: 67.44; f1: 63.26; loss: 02.02
2021-02-21 09:17:47,008:INFO: - Eval metrics: precison: 61.05; recall: 68.95; f1: 64.76
2021-02-21 09:17:47,117:INFO: - Found new best F1
2021-02-21 09:17:47,117:INFO: Epoch 2/100
2021-02-21 09:17:50,426:INFO: - Train metrics: precison: 65.76; recall: 75.55; f1: 70.32; loss: 01.51
2021-02-21 09:17:50,642:INFO: - Eval metrics: precison: 66.08; recall: 74.78; f1: 70.16
2021-02-21 09:17:50,770:INFO: - Found new best F1
2021-02-21 09:17:50,770:INFO: Epoch 3/100
2021-02-21 09:17:54,184:INFO: - Train metrics: precison: 67.61; recall: 77.48; f1: 72.21; loss: 01.34
2021-02-21 09:17:54,412:INFO: - Eval metrics: precison: 68.17; recall: 76.87; f1: 72.26
2021-02-21 09:17:54,545:INFO: - Found new best F1
2021-02-21 09:17:54,545:INFO: Epoch 4/100
2021-02-21 09:17:57,898:INFO: - Train metrics: precison: 70.05; recall: 79.56; f1: 74.50; loss: 01.25
2021-02-21 09:17:58,111:INFO: - Eval metrics: precison: 70.19; recall: 78.65; f1: 74.18
2021-02-21 09:17:58,248:INFO: - Found new best F1
2021-02-21 09:17:58,248:INFO: Epoch 5/100
2021-02-21 09:18:01,636:INFO: - Train metrics: precison: 72.07; recall: 81.97; f1: 76.70; loss: 01.18
2021-02-21 09:18:01,858:INFO: - Eval metrics: precison: 71.29; recall: 79.76; f1: 75.29
2021-02-21 09:18:01,986:INFO: - Found new best F1
2021-02-21 09:18:01,986:INFO: Epoch 6/100
2021-02-21 09:18:05,364:INFO: - Train metrics: precison: 72.61; recall: 82.56; f1: 77.27; loss: 01.11
2021-02-21 09:18:05,581:INFO: - Eval metrics: precison: 71.79; recall: 80.25; f1: 75.78
2021-02-21 09:18:05,713:INFO: - Found new best F1
2021-02-21 09:18:05,713:INFO: Epoch 7/100
2021-02-21 09:18:09,089:INFO: - Train metrics: precison: 74.78; recall: 83.87; f1: 79.06; loss: 01.08
2021-02-21 09:18:09,301:INFO: - Eval metrics: precison: 73.63; recall: 81.36; f1: 77.30
2021-02-21 09:18:09,438:INFO: - Found new best F1
2021-02-21 09:18:09,438:INFO: Epoch 8/100
2021-02-21 09:18:12,722:INFO: - Train metrics: precison: 76.14; recall: 84.99; f1: 80.32; loss: 01.05
2021-02-21 09:18:12,951:INFO: - Eval metrics: precison: 73.54; recall: 80.96; f1: 77.07
2021-02-21 09:18:13,018:INFO: Epoch 9/100
2021-02-21 09:18:16,466:INFO: - Train metrics: precison: 77.26; recall: 85.81; f1: 81.31; loss: 01.00
2021-02-21 09:18:16,688:INFO: - Eval metrics: precison: 74.65; recall: 82.12; f1: 78.20
2021-02-21 09:18:16,824:INFO: - Found new best F1
2021-02-21 09:18:16,824:INFO: Epoch 10/100
2021-02-21 09:18:20,373:INFO: - Train metrics: precison: 77.99; recall: 86.71; f1: 82.12; loss: 00.98
2021-02-21 09:18:20,595:INFO: - Eval metrics: precison: 74.94; recall: 82.21; f1: 78.40
2021-02-21 09:18:20,737:INFO: - Found new best F1
2021-02-21 09:18:20,737:INFO: Epoch 11/100
2021-02-21 09:18:24,191:INFO: - Train metrics: precison: 77.87; recall: 87.50; f1: 82.40; loss: 00.94
2021-02-21 09:18:24,401:INFO: - Eval metrics: precison: 74.07; recall: 82.61; f1: 78.11
2021-02-21 09:18:24,465:INFO: Epoch 12/100
2021-02-21 09:18:27,952:INFO: - Train metrics: precison: 79.37; recall: 87.75; f1: 83.35; loss: 00.94
2021-02-21 09:18:28,188:INFO: - Eval metrics: precison: 75.29; recall: 82.25; f1: 78.61
2021-02-21 09:18:28,359:INFO: - Found new best F1
2021-02-21 09:18:28,359:INFO: Epoch 13/100
2021-02-21 09:18:31,842:INFO: - Train metrics: precison: 79.64; recall: 88.57; f1: 83.87; loss: 00.90
2021-02-21 09:18:32,077:INFO: - Eval metrics: precison: 75.26; recall: 83.23; f1: 79.05
2021-02-21 09:18:32,324:INFO: - Found new best F1
2021-02-21 09:18:32,324:INFO: Epoch 14/100
2021-02-21 09:18:35,767:INFO: - Train metrics: precison: 80.34; recall: 89.18; f1: 84.53; loss: 00.87
2021-02-21 09:18:35,991:INFO: - Eval metrics: precison: 75.46; recall: 82.87; f1: 78.99
2021-02-21 09:18:36,056:INFO: Epoch 15/100
2021-02-21 09:18:39,441:INFO: - Train metrics: precison: 81.53; recall: 89.44; f1: 85.30; loss: 00.85
2021-02-21 09:18:39,656:INFO: - Eval metrics: precison: 75.76; recall: 82.61; f1: 79.04
2021-02-21 09:18:39,721:INFO: Epoch 16/100
2021-02-21 09:18:43,158:INFO: - Train metrics: precison: 81.58; recall: 90.38; f1: 85.75; loss: 00.85
2021-02-21 09:18:43,370:INFO: - Eval metrics: precison: 75.89; recall: 83.45; f1: 79.49
2021-02-21 09:18:43,502:INFO: - Found new best F1
2021-02-21 09:18:43,502:INFO: Epoch 17/100
2021-02-21 09:18:46,982:INFO: - Train metrics: precison: 82.07; recall: 90.23; f1: 85.96; loss: 00.79
2021-02-21 09:18:47,218:INFO: - Eval metrics: precison: 75.94; recall: 83.14; f1: 79.38
2021-02-21 09:18:47,283:INFO: Epoch 18/100
2021-02-21 09:18:50,798:INFO: - Train metrics: precison: 83.46; recall: 90.68; f1: 86.92; loss: 00.81
2021-02-21 09:18:51,040:INFO: - Eval metrics: precison: 77.07; recall: 83.27; f1: 80.05
2021-02-21 09:18:51,175:INFO: - Found new best F1
2021-02-21 09:18:51,175:INFO: Epoch 19/100
2021-02-21 09:18:54,748:INFO: - Train metrics: precison: 83.23; recall: 90.93; f1: 86.91; loss: 00.78
2021-02-21 09:18:54,967:INFO: - Eval metrics: precison: 76.70; recall: 83.63; f1: 80.02
2021-02-21 09:18:55,032:INFO: Epoch 20/100
2021-02-21 09:18:58,364:INFO: - Train metrics: precison: 84.39; recall: 91.50; f1: 87.80; loss: 00.76
2021-02-21 09:18:58,580:INFO: - Eval metrics: precison: 77.07; recall: 83.45; f1: 80.14
2021-02-21 09:18:58,720:INFO: - Found new best F1
2021-02-21 09:18:58,720:INFO: Epoch 21/100
2021-02-21 09:19:02,164:INFO: - Train metrics: precison: 85.01; recall: 91.93; f1: 88.33; loss: 00.75
2021-02-21 09:19:02,376:INFO: - Eval metrics: precison: 76.96; recall: 82.61; f1: 79.68
2021-02-21 09:19:02,439:INFO: Epoch 22/100
2021-02-21 09:19:05,939:INFO: - Train metrics: precison: 84.82; recall: 92.23; f1: 88.37; loss: 00.74
2021-02-21 09:19:06,183:INFO: - Eval metrics: precison: 76.40; recall: 83.36; f1: 79.73
2021-02-21 09:19:06,250:INFO: Epoch 23/100
2021-02-21 09:19:09,678:INFO: - Train metrics: precison: 85.92; recall: 92.44; f1: 89.06; loss: 00.72
2021-02-21 09:19:09,918:INFO: - Eval metrics: precison: 77.24; recall: 83.05; f1: 80.04
2021-02-21 09:19:09,984:INFO: Epoch 24/100
2021-02-21 09:19:13,454:INFO: - Train metrics: precison: 85.63; recall: 92.63; f1: 88.99; loss: 00.72
2021-02-21 09:19:13,664:INFO: - Eval metrics: precison: 76.95; recall: 83.45; f1: 80.07
2021-02-21 09:19:13,729:INFO: Epoch 25/100
2021-02-21 09:19:17,173:INFO: - Train metrics: precison: 86.10; recall: 92.75; f1: 89.30; loss: 00.69
2021-02-21 09:19:17,405:INFO: - Eval metrics: precison: 77.22; recall: 83.10; f1: 80.05
2021-02-21 09:19:17,480:INFO: Epoch 26/100
2021-02-21 09:19:20,938:INFO: - Train metrics: precison: 86.52; recall: 93.23; f1: 89.75; loss: 00.68
2021-02-21 09:19:21,176:INFO: - Eval metrics: precison: 76.89; recall: 83.50; f1: 80.06
2021-02-21 09:19:21,241:INFO: Epoch 27/100
2021-02-21 09:19:24,674:INFO: - Train metrics: precison: 86.44; recall: 93.44; f1: 89.81; loss: 00.68
2021-02-21 09:19:24,893:INFO: - Eval metrics: precison: 76.80; recall: 83.94; f1: 80.21
2021-02-21 09:19:25,028:INFO: - Found new best F1
2021-02-21 09:19:25,028:INFO: Epoch 28/100
2021-02-21 09:19:28,475:INFO: - Train metrics: precison: 87.24; recall: 93.72; f1: 90.37; loss: 00.67
2021-02-21 09:19:28,704:INFO: - Eval metrics: precison: 76.94; recall: 83.54; f1: 80.10
2021-02-21 09:19:28,769:INFO: Epoch 29/100
2021-02-21 09:19:32,235:INFO: - Train metrics: precison: 88.09; recall: 93.90; f1: 90.90; loss: 00.67
2021-02-21 09:19:32,476:INFO: - Eval metrics: precison: 77.25; recall: 82.92; f1: 79.98
2021-02-21 09:19:32,542:INFO: Epoch 30/100
2021-02-21 09:19:35,970:INFO: - Train metrics: precison: 87.49; recall: 94.05; f1: 90.65; loss: 00.65
2021-02-21 09:19:36,182:INFO: - Eval metrics: precison: 76.73; recall: 83.63; f1: 80.03
2021-02-21 09:19:36,247:INFO: Epoch 31/100
2021-02-21 09:19:39,697:INFO: - Train metrics: precison: 88.38; recall: 94.02; f1: 91.11; loss: 00.63
2021-02-21 09:19:39,918:INFO: - Eval metrics: precison: 77.22; recall: 82.92; f1: 79.97
2021-02-21 09:19:40,053:INFO: Epoch 32/100
2021-02-21 09:19:43,445:INFO: - Train metrics: precison: 88.42; recall: 94.34; f1: 91.29; loss: 00.64
2021-02-21 09:19:43,685:INFO: - Eval metrics: precison: 76.89; recall: 83.01; f1: 79.83
2021-02-21 09:19:43,816:INFO: Epoch 33/100
2021-02-21 09:19:47,216:INFO: - Train metrics: precison: 88.92; recall: 94.60; f1: 91.67; loss: 00.63
2021-02-21 09:19:47,447:INFO: - Eval metrics: precison: 77.37; recall: 83.19; f1: 80.17
2021-02-21 09:19:47,572:INFO: Epoch 34/100
2021-02-21 09:19:51,045:INFO: - Train metrics: precison: 89.92; recall: 94.64; f1: 92.22; loss: 00.61
2021-02-21 09:19:51,258:INFO: - Eval metrics: precison: 77.83; recall: 82.92; f1: 80.29
2021-02-21 09:19:51,526:INFO: - Found new best F1
2021-02-21 09:19:51,528:INFO: Epoch 35/100
2021-02-21 09:19:54,941:INFO: - Train metrics: precison: 89.56; recall: 94.80; f1: 92.10; loss: 00.61
2021-02-21 09:19:55,153:INFO: - Eval metrics: precison: 77.79; recall: 83.67; f1: 80.63
2021-02-21 09:19:55,416:INFO: - Found new best F1
2021-02-21 09:19:55,416:INFO: Epoch 36/100
2021-02-21 09:19:58,812:INFO: - Train metrics: precison: 90.20; recall: 94.57; f1: 92.33; loss: 00.60
2021-02-21 09:19:59,039:INFO: - Eval metrics: precison: 77.97; recall: 82.52; f1: 80.18
2021-02-21 09:19:59,182:INFO: Epoch 37/100
2021-02-21 09:20:02,588:INFO: - Train metrics: precison: 90.10; recall: 95.04; f1: 92.50; loss: 00.57
2021-02-21 09:20:02,829:INFO: - Eval metrics: precison: 77.81; recall: 83.27; f1: 80.45
2021-02-21 09:20:02,973:INFO: Epoch 38/100
2021-02-21 09:20:06,401:INFO: - Train metrics: precison: 90.21; recall: 95.08; f1: 92.58; loss: 00.57
2021-02-21 09:20:06,624:INFO: - Eval metrics: precison: 77.51; recall: 82.96; f1: 80.15
2021-02-21 09:20:06,754:INFO: Epoch 39/100
2021-02-21 09:20:10,183:INFO: - Train metrics: precison: 90.25; recall: 95.22; f1: 92.67; loss: 00.58
2021-02-21 09:20:10,392:INFO: - Eval metrics: precison: 77.05; recall: 82.87; f1: 79.85
2021-02-21 09:20:10,524:INFO: Epoch 40/100
2021-02-21 09:20:13,949:INFO: - Train metrics: precison: 90.64; recall: 95.34; f1: 92.93; loss: 00.57
2021-02-21 09:20:14,186:INFO: - Eval metrics: precison: 77.72; recall: 83.01; f1: 80.28
2021-02-21 09:20:14,285:INFO: Epoch 41/100
2021-02-21 09:20:17,757:INFO: - Train metrics: precison: 90.78; recall: 95.37; f1: 93.02; loss: 00.55
2021-02-21 09:20:17,996:INFO: - Eval metrics: precison: 77.80; recall: 83.23; f1: 80.42
2021-02-21 09:20:18,096:INFO: Epoch 42/100
2021-02-21 09:20:21,545:INFO: - Train metrics: precison: 90.90; recall: 95.66; f1: 93.22; loss: 00.56
2021-02-21 09:20:21,755:INFO: - Eval metrics: precison: 77.71; recall: 83.14; f1: 80.34
2021-02-21 09:20:21,848:INFO: Epoch 43/100
2021-02-21 09:20:25,305:INFO: - Train metrics: precison: 90.88; recall: 95.74; f1: 93.25; loss: 00.56
2021-02-21 09:20:25,516:INFO: - Eval metrics: precison: 77.57; recall: 83.67; f1: 80.51
2021-02-21 09:20:25,646:INFO: Epoch 44/100
2021-02-21 09:20:29,035:INFO: - Train metrics: precison: 91.24; recall: 95.66; f1: 93.40; loss: 00.54
2021-02-21 09:20:29,280:INFO: - Eval metrics: precison: 78.14; recall: 83.14; f1: 80.56
2021-02-21 09:20:29,412:INFO: Epoch 45/100
2021-02-21 09:20:32,831:INFO: - Train metrics: precison: 91.30; recall: 95.71; f1: 93.45; loss: 00.53
2021-02-21 09:20:33,057:INFO: - Eval metrics: precison: 77.99; recall: 83.23; f1: 80.53
2021-02-21 09:20:33,152:INFO: Epoch 46/100
2021-02-21 09:20:36,567:INFO: - Train metrics: precison: 91.86; recall: 95.87; f1: 93.82; loss: 00.53
2021-02-21 09:20:36,784:INFO: - Eval metrics: precison: 78.00; recall: 82.96; f1: 80.41
2021-02-21 09:20:36,887:INFO: Epoch 47/100
2021-02-21 09:20:40,298:INFO: - Train metrics: precison: 92.04; recall: 95.93; f1: 93.94; loss: 00.53
2021-02-21 09:20:40,535:INFO: - Eval metrics: precison: 78.16; recall: 82.92; f1: 80.47
2021-02-21 09:20:40,684:INFO: Epoch 48/100
2021-02-21 09:20:44,180:INFO: - Train metrics: precison: 92.36; recall: 96.10; f1: 94.19; loss: 00.51
2021-02-21 09:20:44,423:INFO: - Eval metrics: precison: 78.13; recall: 82.96; f1: 80.47
2021-02-21 09:20:44,514:INFO: Epoch 49/100
2021-02-21 09:20:47,921:INFO: - Train metrics: precison: 92.57; recall: 96.18; f1: 94.34; loss: 00.53
2021-02-21 09:20:48,144:INFO: - Eval metrics: precison: 78.04; recall: 82.70; f1: 80.30
2021-02-21 09:20:48,237:INFO: Epoch 50/100
2021-02-21 09:20:51,680:INFO: - Train metrics: precison: 92.58; recall: 96.15; f1: 94.33; loss: 00.53
2021-02-21 09:20:51,899:INFO: - Eval metrics: precison: 78.18; recall: 83.05; f1: 80.54
2021-02-21 09:20:51,992:INFO: Epoch 51/100
2021-02-21 09:20:55,456:INFO: - Train metrics: precison: 92.82; recall: 96.31; f1: 94.53; loss: 00.51
2021-02-21 09:20:55,678:INFO: - Eval metrics: precison: 78.32; recall: 82.74; f1: 80.47
2021-02-21 09:20:55,815:INFO: Epoch 52/100
2021-02-21 09:20:59,305:INFO: - Train metrics: precison: 92.61; recall: 96.25; f1: 94.40; loss: 00.51
2021-02-21 09:20:59,534:INFO: - Eval metrics: precison: 78.36; recall: 83.10; f1: 80.66
2021-02-21 09:20:59,799:INFO: - Found new best F1
2021-02-21 09:20:59,800:INFO: Epoch 53/100
2021-02-21 09:21:03,132:INFO: - Train metrics: precison: 92.98; recall: 96.46; f1: 94.69; loss: 00.49
2021-02-21 09:21:03,364:INFO: - Eval metrics: precison: 78.13; recall: 82.78; f1: 80.39
2021-02-21 09:21:03,458:INFO: Epoch 54/100
2021-02-21 09:21:06,875:INFO: - Train metrics: precison: 93.12; recall: 96.60; f1: 94.83; loss: 00.49
2021-02-21 09:21:07,103:INFO: - Eval metrics: precison: 77.62; recall: 82.25; f1: 79.87
2021-02-21 09:21:07,221:INFO: Epoch 55/100
2021-02-21 09:21:10,661:INFO: - Train metrics: precison: 92.96; recall: 96.72; f1: 94.80; loss: 00.49
2021-02-21 09:21:10,893:INFO: - Eval metrics: precison: 77.89; recall: 82.92; f1: 80.33
2021-02-21 09:21:11,018:INFO: Epoch 56/100
2021-02-21 09:21:14,111:INFO: - Train metrics: precison: 93.06; recall: 96.60; f1: 94.80; loss: 00.47
2021-02-21 09:21:14,346:INFO: - Eval metrics: precison: 78.13; recall: 83.10; f1: 80.53
2021-02-21 09:21:14,481:INFO: Epoch 57/100
2021-02-21 09:21:17,836:INFO: - Train metrics: precison: 93.33; recall: 96.68; f1: 94.98; loss: 00.49
2021-02-21 09:21:18,051:INFO: - Eval metrics: precison: 78.33; recall: 82.96; f1: 80.58
2021-02-21 09:21:18,153:INFO: Epoch 58/100
2021-02-21 09:21:21,548:INFO: - Train metrics: precison: 93.55; recall: 96.80; f1: 95.15; loss: 00.47
2021-02-21 09:21:21,793:INFO: - Eval metrics: precison: 78.24; recall: 82.87; f1: 80.49
2021-02-21 09:21:21,935:INFO: Epoch 59/100
2021-02-21 09:21:25,369:INFO: - Train metrics: precison: 93.23; recall: 96.90; f1: 95.03; loss: 00.47
2021-02-21 09:21:25,610:INFO: - Eval metrics: precison: 77.42; recall: 82.83; f1: 80.03
2021-02-21 09:21:25,751:INFO: Epoch 60/100
2021-02-21 09:21:29,322:INFO: - Train metrics: precison: 93.91; recall: 97.03; f1: 95.44; loss: 00.46
2021-02-21 09:21:29,598:INFO: - Eval metrics: precison: 78.31; recall: 82.87; f1: 80.53
2021-02-21 09:21:29,688:INFO: Epoch 61/100
2021-02-21 09:21:33,107:INFO: - Train metrics: precison: 93.85; recall: 97.04; f1: 95.42; loss: 00.48
2021-02-21 09:21:33,330:INFO: - Eval metrics: precison: 78.11; recall: 83.01; f1: 80.48
2021-02-21 09:21:33,410:INFO: Epoch 62/100
2021-02-21 09:21:36,971:INFO: - Train metrics: precison: 93.77; recall: 97.09; f1: 95.40; loss: 00.46
2021-02-21 09:21:37,186:INFO: - Eval metrics: precison: 77.61; recall: 82.96; f1: 80.20
2021-02-21 09:21:37,320:INFO: Epoch 63/100
2021-02-21 09:21:40,790:INFO: - Train metrics: precison: 94.28; recall: 97.13; f1: 95.69; loss: 00.46
2021-02-21 09:21:41,010:INFO: - Eval metrics: precison: 78.04; recall: 83.01; f1: 80.45
2021-02-21 09:21:41,145:INFO: Epoch 64/100
2021-02-21 09:21:44,587:INFO: - Train metrics: precison: 94.40; recall: 97.18; f1: 95.77; loss: 00.44
2021-02-21 09:21:44,813:INFO: - Eval metrics: precison: 78.02; recall: 82.74; f1: 80.31
2021-02-21 09:21:44,922:INFO: Epoch 65/100
2021-02-21 09:21:48,394:INFO: - Train metrics: precison: 94.51; recall: 97.22; f1: 95.85; loss: 00.45
2021-02-21 09:21:48,635:INFO: - Eval metrics: precison: 78.35; recall: 82.12; f1: 80.19
2021-02-21 09:21:48,721:INFO: Epoch 66/100
2021-02-21 09:21:52,078:INFO: - Train metrics: precison: 94.69; recall: 97.22; f1: 95.94; loss: 00.44
2021-02-21 09:21:52,316:INFO: - Eval metrics: precison: 78.12; recall: 82.43; f1: 80.22
2021-02-21 09:21:52,426:INFO: Epoch 67/100
2021-02-21 09:21:55,853:INFO: - Train metrics: precison: 94.76; recall: 97.37; f1: 96.05; loss: 00.44
2021-02-21 09:21:56,084:INFO: - Eval metrics: precison: 77.88; recall: 82.07; f1: 79.92
2021-02-21 09:21:56,152:INFO: Epoch 68/100
2021-02-21 09:21:59,495:INFO: - Train metrics: precison: 94.65; recall: 97.41; f1: 96.01; loss: 00.43
2021-02-21 09:21:59,716:INFO: - Eval metrics: precison: 78.22; recall: 82.30; f1: 80.21
2021-02-21 09:21:59,803:INFO: Epoch 69/100
2021-02-21 09:22:03,142:INFO: - Train metrics: precison: 94.74; recall: 97.56; f1: 96.13; loss: 00.43
2021-02-21 09:22:03,376:INFO: - Eval metrics: precison: 77.84; recall: 82.21; f1: 79.97
2021-02-21 09:22:03,506:INFO: Epoch 70/100
2021-02-21 09:22:06,887:INFO: - Train metrics: precison: 95.03; recall: 97.50; f1: 96.25; loss: 00.43
2021-02-21 09:22:07,111:INFO: - Eval metrics: precison: 78.31; recall: 82.25; f1: 80.23
2021-02-21 09:22:07,232:INFO: Epoch 71/100
2021-02-21 09:22:10,566:INFO: - Train metrics: precison: 95.01; recall: 97.56; f1: 96.26; loss: 00.42
2021-02-21 09:22:10,789:INFO: - Eval metrics: precison: 78.24; recall: 82.52; f1: 80.32
2021-02-21 09:22:10,883:INFO: Epoch 72/100
2021-02-21 09:22:14,193:INFO: - Train metrics: precison: 95.29; recall: 97.68; f1: 96.47; loss: 00.43
2021-02-21 09:22:14,413:INFO: - Eval metrics: precison: 78.45; recall: 82.25; f1: 80.30
2021-02-21 09:22:14,505:INFO: Epoch 73/100
2021-02-21 09:22:17,836:INFO: - Train metrics: precison: 95.18; recall: 97.77; f1: 96.46; loss: 00.41
2021-02-21 09:22:18,062:INFO: - Eval metrics: precison: 78.27; recall: 82.21; f1: 80.19
2021-02-21 09:22:18,175:INFO: Epoch 74/100
2021-02-21 09:22:21,498:INFO: - Train metrics: precison: 95.33; recall: 97.85; f1: 96.57; loss: 00.42
2021-02-21 09:22:21,718:INFO: - Eval metrics: precison: 77.90; recall: 82.16; f1: 79.97
2021-02-21 09:22:21,833:INFO: Epoch 75/100
2021-02-21 09:22:25,142:INFO: - Train metrics: precison: 95.41; recall: 97.80; f1: 96.59; loss: 00.42
2021-02-21 09:22:25,359:INFO: - Eval metrics: precison: 77.50; recall: 82.12; f1: 79.74
2021-02-21 09:22:25,490:INFO: Epoch 76/100
2021-02-21 09:22:28,786:INFO: - Train metrics: precison: 95.61; recall: 97.86; f1: 96.72; loss: 00.41
2021-02-21 09:22:28,997:INFO: - Eval metrics: precison: 77.74; recall: 81.90; f1: 79.77
2021-02-21 09:22:29,145:INFO: Epoch 77/100
2021-02-21 09:22:32,378:INFO: - Train metrics: precison: 95.74; recall: 97.91; f1: 96.81; loss: 00.41
2021-02-21 09:22:32,589:INFO: - Eval metrics: precison: 77.88; recall: 81.76; f1: 79.77
2021-02-21 09:22:32,709:INFO: Epoch 78/100
2021-02-21 09:22:35,911:INFO: - Train metrics: precison: 95.81; recall: 97.94; f1: 96.86; loss: 00.41
2021-02-21 09:22:36,127:INFO: - Eval metrics: precison: 78.09; recall: 82.12; f1: 80.05
2021-02-21 09:22:36,220:INFO: Epoch 79/100
2021-02-21 09:22:39,563:INFO: - Train metrics: precison: 95.83; recall: 97.88; f1: 96.84; loss: 00.41
2021-02-21 09:22:39,791:INFO: - Eval metrics: precison: 78.15; recall: 81.94; f1: 80.00
2021-02-21 09:22:39,888:INFO: Epoch 80/100
2021-02-21 09:22:43,234:INFO: - Train metrics: precison: 95.73; recall: 98.00; f1: 96.85; loss: 00.40
2021-02-21 09:22:43,461:INFO: - Eval metrics: precison: 77.75; recall: 82.25; f1: 79.94
2021-02-21 09:22:43,557:INFO: Epoch 81/100
2021-02-21 09:22:46,835:INFO: - Train metrics: precison: 95.98; recall: 98.07; f1: 97.01; loss: 00.40
2021-02-21 09:22:47,056:INFO: - Eval metrics: precison: 77.85; recall: 81.94; f1: 79.84
2021-02-21 09:22:47,151:INFO: Epoch 82/100
2021-02-21 09:22:50,403:INFO: - Train metrics: precison: 96.22; recall: 98.06; f1: 97.13; loss: 00.40
2021-02-21 09:22:50,635:INFO: - Eval metrics: precison: 78.49; recall: 81.98; f1: 80.20
2021-02-21 09:22:50,782:INFO: best val f1: 80.66
