2021-02-21 10:02:22,354:INFO: Loading the datasets...
2021-02-21 10:07:04,214:INFO: - done.
2021-02-21 10:07:05,640:INFO: Starting training for 100 epoch(s)
2021-02-21 10:07:05,640:INFO: Epoch 1/100
2021-02-21 10:07:09,123:INFO: - Train metrics: precison: 56.16; recall: 64.87; f1: 60.20; loss: 02.03
2021-02-21 10:07:09,337:INFO: - Eval metrics: precison: 58.75; recall: 67.19; f1: 62.68
2021-02-21 10:07:09,460:INFO: - Found new best F1
2021-02-21 10:07:09,460:INFO: Epoch 2/100
2021-02-21 10:07:12,820:INFO: - Train metrics: precison: 63.08; recall: 73.13; f1: 67.73; loss: 01.51
2021-02-21 10:07:13,045:INFO: - Eval metrics: precison: 64.54; recall: 73.90; f1: 68.91
2021-02-21 10:07:13,225:INFO: - Found new best F1
2021-02-21 10:07:13,225:INFO: Epoch 3/100
2021-02-21 10:07:16,581:INFO: - Train metrics: precison: 66.26; recall: 77.16; f1: 71.30; loss: 01.35
2021-02-21 10:07:16,791:INFO: - Eval metrics: precison: 67.02; recall: 76.88; f1: 71.61
2021-02-21 10:07:16,982:INFO: - Found new best F1
2021-02-21 10:07:16,982:INFO: Epoch 4/100
2021-02-21 10:07:20,293:INFO: - Train metrics: precison: 69.33; recall: 80.05; f1: 74.31; loss: 01.25
2021-02-21 10:07:20,505:INFO: - Eval metrics: precison: 69.92; recall: 79.59; f1: 74.44
2021-02-21 10:07:20,738:INFO: - Found new best F1
2021-02-21 10:07:20,738:INFO: Epoch 5/100
2021-02-21 10:07:24,067:INFO: - Train metrics: precison: 70.94; recall: 81.58; f1: 75.89; loss: 01.18
2021-02-21 10:07:24,281:INFO: - Eval metrics: precison: 70.95; recall: 80.26; f1: 75.32
2021-02-21 10:07:24,463:INFO: - Found new best F1
2021-02-21 10:07:24,463:INFO: Epoch 6/100
2021-02-21 10:07:27,844:INFO: - Train metrics: precison: 72.31; recall: 82.72; f1: 77.17; loss: 01.12
2021-02-21 10:07:28,055:INFO: - Eval metrics: precison: 72.57; recall: 81.41; f1: 76.74
2021-02-21 10:07:28,262:INFO: - Found new best F1
2021-02-21 10:07:28,262:INFO: Epoch 7/100
2021-02-21 10:07:31,605:INFO: - Train metrics: precison: 73.70; recall: 83.78; f1: 78.42; loss: 01.06
2021-02-21 10:07:31,816:INFO: - Eval metrics: precison: 72.63; recall: 81.41; f1: 76.77
2021-02-21 10:07:32,060:INFO: - Found new best F1
2021-02-21 10:07:32,060:INFO: Epoch 8/100
2021-02-21 10:07:35,389:INFO: - Train metrics: precison: 74.34; recall: 85.34; f1: 79.46; loss: 01.04
2021-02-21 10:07:35,600:INFO: - Eval metrics: precison: 72.60; recall: 82.57; f1: 77.26
2021-02-21 10:07:35,788:INFO: - Found new best F1
2021-02-21 10:07:35,788:INFO: Epoch 9/100
2021-02-21 10:07:39,032:INFO: - Train metrics: precison: 76.25; recall: 85.87; f1: 80.77; loss: 01.00
2021-02-21 10:07:39,248:INFO: - Eval metrics: precison: 74.34; recall: 83.33; f1: 78.57
2021-02-21 10:07:39,464:INFO: - Found new best F1
2021-02-21 10:07:39,464:INFO: Epoch 10/100
2021-02-21 10:07:42,813:INFO: - Train metrics: precison: 76.52; recall: 86.83; f1: 81.35; loss: 00.97
2021-02-21 10:07:43,025:INFO: - Eval metrics: precison: 73.58; recall: 83.10; f1: 78.05
2021-02-21 10:07:43,120:INFO: Epoch 11/100
2021-02-21 10:07:46,447:INFO: - Train metrics: precison: 77.35; recall: 86.84; f1: 81.82; loss: 00.95
2021-02-21 10:07:46,663:INFO: - Eval metrics: precison: 74.58; recall: 83.50; f1: 78.79
2021-02-21 10:07:46,847:INFO: - Found new best F1
2021-02-21 10:07:46,847:INFO: Epoch 12/100
2021-02-21 10:07:50,135:INFO: - Train metrics: precison: 78.80; recall: 87.88; f1: 83.09; loss: 00.92
2021-02-21 10:07:50,350:INFO: - Eval metrics: precison: 74.81; recall: 83.06; f1: 78.72
2021-02-21 10:07:50,474:INFO: Epoch 13/100
2021-02-21 10:07:53,776:INFO: - Train metrics: precison: 79.50; recall: 88.07; f1: 83.56; loss: 00.89
2021-02-21 10:07:53,993:INFO: - Eval metrics: precison: 75.54; recall: 83.50; f1: 79.32
2021-02-21 10:07:54,225:INFO: - Found new best F1
2021-02-21 10:07:54,225:INFO: Epoch 14/100
2021-02-21 10:07:57,458:INFO: - Train metrics: precison: 79.76; recall: 88.60; f1: 83.95; loss: 00.86
2021-02-21 10:07:57,671:INFO: - Eval metrics: precison: 75.72; recall: 83.64; f1: 79.48
2021-02-21 10:07:57,856:INFO: - Found new best F1
2021-02-21 10:07:57,856:INFO: Epoch 15/100
2021-02-21 10:08:01,229:INFO: - Train metrics: precison: 80.21; recall: 89.24; f1: 84.48; loss: 00.84
2021-02-21 10:08:01,440:INFO: - Eval metrics: precison: 75.25; recall: 83.55; f1: 79.18
2021-02-21 10:08:01,529:INFO: Epoch 16/100
2021-02-21 10:08:04,888:INFO: - Train metrics: precison: 80.64; recall: 90.12; f1: 85.12; loss: 00.81
2021-02-21 10:08:05,111:INFO: - Eval metrics: precison: 75.38; recall: 83.99; f1: 79.45
2021-02-21 10:08:05,231:INFO: Epoch 17/100
2021-02-21 10:08:08,579:INFO: - Train metrics: precison: 81.83; recall: 90.21; f1: 85.82; loss: 00.80
2021-02-21 10:08:08,791:INFO: - Eval metrics: precison: 76.05; recall: 84.13; f1: 79.88
2021-02-21 10:08:09,037:INFO: - Found new best F1
2021-02-21 10:08:09,037:INFO: Epoch 18/100
2021-02-21 10:08:12,397:INFO: - Train metrics: precison: 82.03; recall: 90.47; f1: 86.04; loss: 00.80
2021-02-21 10:08:12,608:INFO: - Eval metrics: precison: 75.82; recall: 83.95; f1: 79.68
2021-02-21 10:08:12,725:INFO: Epoch 19/100
2021-02-21 10:08:16,102:INFO: - Train metrics: precison: 82.53; recall: 90.62; f1: 86.39; loss: 00.78
2021-02-21 10:08:16,314:INFO: - Eval metrics: precison: 76.52; recall: 83.77; f1: 79.98
2021-02-21 10:08:16,541:INFO: - Found new best F1
2021-02-21 10:08:16,541:INFO: Epoch 20/100
2021-02-21 10:08:19,874:INFO: - Train metrics: precison: 83.66; recall: 91.14; f1: 87.24; loss: 00.77
2021-02-21 10:08:20,100:INFO: - Eval metrics: precison: 76.56; recall: 83.82; f1: 80.03
2021-02-21 10:08:20,331:INFO: - Found new best F1
2021-02-21 10:08:20,331:INFO: Epoch 21/100
2021-02-21 10:08:23,730:INFO: - Train metrics: precison: 83.84; recall: 91.58; f1: 87.54; loss: 00.76
2021-02-21 10:08:23,952:INFO: - Eval metrics: precison: 76.32; recall: 83.68; f1: 79.83
2021-02-21 10:08:24,038:INFO: Epoch 22/100
2021-02-21 10:08:27,388:INFO: - Train metrics: precison: 84.30; recall: 91.73; f1: 87.86; loss: 00.75
2021-02-21 10:08:27,606:INFO: - Eval metrics: precison: 76.44; recall: 83.55; f1: 79.84
2021-02-21 10:08:27,724:INFO: Epoch 23/100
2021-02-21 10:08:31,072:INFO: - Train metrics: precison: 85.08; recall: 92.23; f1: 88.51; loss: 00.72
2021-02-21 10:08:31,295:INFO: - Eval metrics: precison: 76.76; recall: 83.41; f1: 79.95
2021-02-21 10:08:31,404:INFO: Epoch 24/100
2021-02-21 10:08:34,767:INFO: - Train metrics: precison: 85.66; recall: 92.53; f1: 88.96; loss: 00.72
2021-02-21 10:08:34,977:INFO: - Eval metrics: precison: 77.20; recall: 83.55; f1: 80.25
2021-02-21 10:08:35,170:INFO: - Found new best F1
2021-02-21 10:08:35,170:INFO: Epoch 25/100
2021-02-21 10:08:38,566:INFO: - Train metrics: precison: 85.61; recall: 92.73; f1: 89.03; loss: 00.70
2021-02-21 10:08:38,783:INFO: - Eval metrics: precison: 76.64; recall: 83.59; f1: 79.97
2021-02-21 10:08:38,886:INFO: Epoch 26/100
2021-02-21 10:08:42,282:INFO: - Train metrics: precison: 86.07; recall: 92.91; f1: 89.36; loss: 00.68
2021-02-21 10:08:42,509:INFO: - Eval metrics: precison: 76.61; recall: 83.59; f1: 79.95
2021-02-21 10:08:42,609:INFO: Epoch 27/100
2021-02-21 10:08:46,037:INFO: - Train metrics: precison: 86.34; recall: 93.03; f1: 89.56; loss: 00.69
2021-02-21 10:08:46,252:INFO: - Eval metrics: precison: 76.55; recall: 83.33; f1: 79.80
2021-02-21 10:08:46,354:INFO: Epoch 28/100
2021-02-21 10:08:49,669:INFO: - Train metrics: precison: 87.42; recall: 93.57; f1: 90.39; loss: 00.67
2021-02-21 10:08:49,881:INFO: - Eval metrics: precison: 77.06; recall: 83.33; f1: 80.07
2021-02-21 10:08:49,991:INFO: Epoch 29/100
2021-02-21 10:08:53,328:INFO: - Train metrics: precison: 86.94; recall: 93.58; f1: 90.14; loss: 00.65
2021-02-21 10:08:53,541:INFO: - Eval metrics: precison: 76.68; recall: 83.50; f1: 79.95
2021-02-21 10:08:53,660:INFO: Epoch 30/100
2021-02-21 10:08:56,975:INFO: - Train metrics: precison: 87.52; recall: 93.67; f1: 90.49; loss: 00.65
2021-02-21 10:08:57,200:INFO: - Eval metrics: precison: 76.84; recall: 83.37; f1: 79.97
2021-02-21 10:08:57,294:INFO: Epoch 31/100
2021-02-21 10:09:00,593:INFO: - Train metrics: precison: 87.83; recall: 94.08; f1: 90.85; loss: 00.62
2021-02-21 10:09:00,811:INFO: - Eval metrics: precison: 76.90; recall: 83.50; f1: 80.07
2021-02-21 10:09:00,904:INFO: Epoch 32/100
2021-02-21 10:09:04,230:INFO: - Train metrics: precison: 88.16; recall: 94.42; f1: 91.18; loss: 00.63
2021-02-21 10:09:04,440:INFO: - Eval metrics: precison: 77.10; recall: 83.82; f1: 80.32
2021-02-21 10:09:04,627:INFO: - Found new best F1
2021-02-21 10:09:04,627:INFO: Epoch 33/100
2021-02-21 10:09:07,915:INFO: - Train metrics: precison: 88.71; recall: 94.23; f1: 91.39; loss: 00.62
2021-02-21 10:09:08,137:INFO: - Eval metrics: precison: 77.48; recall: 83.37; f1: 80.32
2021-02-21 10:09:08,382:INFO: - Found new best F1
2021-02-21 10:09:08,382:INFO: Epoch 34/100
2021-02-21 10:09:11,785:INFO: - Train metrics: precison: 89.52; recall: 94.64; f1: 92.01; loss: 00.62
2021-02-21 10:09:11,997:INFO: - Eval metrics: precison: 77.58; recall: 83.24; f1: 80.31
2021-02-21 10:09:12,106:INFO: Epoch 35/100
2021-02-21 10:09:15,438:INFO: - Train metrics: precison: 89.30; recall: 94.84; f1: 91.99; loss: 00.60
2021-02-21 10:09:15,669:INFO: - Eval metrics: precison: 77.08; recall: 82.70; f1: 79.79
2021-02-21 10:09:15,766:INFO: Epoch 36/100
2021-02-21 10:09:19,157:INFO: - Train metrics: precison: 88.96; recall: 94.75; f1: 91.76; loss: 00.60
2021-02-21 10:09:19,377:INFO: - Eval metrics: precison: 77.47; recall: 83.33; f1: 80.29
2021-02-21 10:09:19,467:INFO: Epoch 37/100
2021-02-21 10:09:22,802:INFO: - Train metrics: precison: 89.06; recall: 94.92; f1: 91.90; loss: 00.59
2021-02-21 10:09:23,030:INFO: - Eval metrics: precison: 77.36; recall: 83.73; f1: 80.42
2021-02-21 10:09:23,224:INFO: - Found new best F1
2021-02-21 10:09:23,224:INFO: Epoch 38/100
2021-02-21 10:09:26,612:INFO: - Train metrics: precison: 89.69; recall: 95.05; f1: 92.29; loss: 00.59
2021-02-21 10:09:26,827:INFO: - Eval metrics: precison: 77.18; recall: 83.46; f1: 80.20
2021-02-21 10:09:26,919:INFO: Epoch 39/100
2021-02-21 10:09:30,283:INFO: - Train metrics: precison: 89.77; recall: 95.22; f1: 92.42; loss: 00.57
2021-02-21 10:09:30,498:INFO: - Eval metrics: precison: 77.04; recall: 83.55; f1: 80.16
2021-02-21 10:09:30,583:INFO: Epoch 40/100
2021-02-21 10:09:33,989:INFO: - Train metrics: precison: 89.88; recall: 95.25; f1: 92.49; loss: 00.57
2021-02-21 10:09:34,213:INFO: - Eval metrics: precison: 77.08; recall: 83.46; f1: 80.15
2021-02-21 10:09:34,326:INFO: Epoch 41/100
2021-02-21 10:09:37,700:INFO: - Train metrics: precison: 90.59; recall: 95.36; f1: 92.91; loss: 00.55
2021-02-21 10:09:37,915:INFO: - Eval metrics: precison: 77.38; recall: 83.06; f1: 80.12
2021-02-21 10:09:38,038:INFO: Epoch 42/100
2021-02-21 10:09:41,423:INFO: - Train metrics: precison: 90.59; recall: 95.42; f1: 92.94; loss: 00.55
2021-02-21 10:09:41,636:INFO: - Eval metrics: precison: 77.75; recall: 83.10; f1: 80.34
2021-02-21 10:09:41,728:INFO: Epoch 43/100
2021-02-21 10:09:45,099:INFO: - Train metrics: precison: 90.54; recall: 95.68; f1: 93.04; loss: 00.54
2021-02-21 10:09:45,326:INFO: - Eval metrics: precison: 77.36; recall: 83.41; f1: 80.27
2021-02-21 10:09:45,409:INFO: Epoch 44/100
2021-02-21 10:09:48,766:INFO: - Train metrics: precison: 91.07; recall: 95.74; f1: 93.34; loss: 00.53
2021-02-21 10:09:48,983:INFO: - Eval metrics: precison: 77.36; recall: 83.10; f1: 80.13
2021-02-21 10:09:49,091:INFO: Epoch 45/100
2021-02-21 10:09:52,454:INFO: - Train metrics: precison: 91.23; recall: 95.96; f1: 93.54; loss: 00.55
2021-02-21 10:09:52,669:INFO: - Eval metrics: precison: 77.90; recall: 83.55; f1: 80.63
2021-02-21 10:09:52,886:INFO: - Found new best F1
2021-02-21 10:09:52,886:INFO: Epoch 46/100
2021-02-21 10:09:56,160:INFO: - Train metrics: precison: 91.14; recall: 95.98; f1: 93.50; loss: 00.52
2021-02-21 10:09:56,378:INFO: - Eval metrics: precison: 77.58; recall: 83.41; f1: 80.39
2021-02-21 10:09:56,492:INFO: Epoch 47/100
2021-02-21 10:09:59,869:INFO: - Train metrics: precison: 91.54; recall: 96.02; f1: 93.73; loss: 00.52
2021-02-21 10:10:00,085:INFO: - Eval metrics: precison: 77.47; recall: 83.19; f1: 80.23
2021-02-21 10:10:00,204:INFO: Epoch 48/100
2021-02-21 10:10:03,591:INFO: - Train metrics: precison: 92.15; recall: 96.22; f1: 94.14; loss: 00.51
2021-02-21 10:10:03,803:INFO: - Eval metrics: precison: 77.51; recall: 82.44; f1: 79.90
2021-02-21 10:10:03,893:INFO: Epoch 49/100
2021-02-21 10:10:07,208:INFO: - Train metrics: precison: 92.16; recall: 96.28; f1: 94.17; loss: 00.51
2021-02-21 10:10:07,423:INFO: - Eval metrics: precison: 77.40; recall: 82.70; f1: 79.97
2021-02-21 10:10:07,516:INFO: Epoch 50/100
2021-02-21 10:10:10,751:INFO: - Train metrics: precison: 92.53; recall: 96.36; f1: 94.40; loss: 00.50
2021-02-21 10:10:10,965:INFO: - Eval metrics: precison: 77.79; recall: 82.39; f1: 80.03
2021-02-21 10:10:11,057:INFO: Epoch 51/100
2021-02-21 10:10:14,451:INFO: - Train metrics: precison: 92.60; recall: 96.66; f1: 94.59; loss: 00.51
2021-02-21 10:10:14,663:INFO: - Eval metrics: precison: 77.55; recall: 82.93; f1: 80.15
2021-02-21 10:10:14,753:INFO: Epoch 52/100
2021-02-21 10:10:18,055:INFO: - Train metrics: precison: 92.84; recall: 96.59; f1: 94.67; loss: 00.49
2021-02-21 10:10:18,271:INFO: - Eval metrics: precison: 77.81; recall: 82.66; f1: 80.16
2021-02-21 10:10:18,365:INFO: Epoch 53/100
2021-02-21 10:10:21,667:INFO: - Train metrics: precison: 92.84; recall: 96.57; f1: 94.67; loss: 00.49
2021-02-21 10:10:21,887:INFO: - Eval metrics: precison: 77.75; recall: 82.66; f1: 80.13
2021-02-21 10:10:21,975:INFO: Epoch 54/100
2021-02-21 10:10:25,300:INFO: - Train metrics: precison: 93.27; recall: 96.68; f1: 94.94; loss: 00.48
2021-02-21 10:10:25,520:INFO: - Eval metrics: precison: 77.68; recall: 82.17; f1: 79.86
2021-02-21 10:10:25,632:INFO: Epoch 55/100
2021-02-21 10:10:29,007:INFO: - Train metrics: precison: 92.84; recall: 96.81; f1: 94.79; loss: 00.48
2021-02-21 10:10:29,229:INFO: - Eval metrics: precison: 77.66; recall: 82.84; f1: 80.16
2021-02-21 10:10:29,323:INFO: Epoch 56/100
2021-02-21 10:10:32,711:INFO: - Train metrics: precison: 93.38; recall: 96.80; f1: 95.06; loss: 00.47
2021-02-21 10:10:32,929:INFO: - Eval metrics: precison: 78.02; recall: 82.88; f1: 80.38
2021-02-21 10:10:33,025:INFO: Epoch 57/100
2021-02-21 10:10:36,434:INFO: - Train metrics: precison: 93.84; recall: 96.92; f1: 95.36; loss: 00.47
2021-02-21 10:10:36,651:INFO: - Eval metrics: precison: 78.11; recall: 82.04; f1: 80.03
2021-02-21 10:10:36,752:INFO: Epoch 58/100
2021-02-21 10:10:40,194:INFO: - Train metrics: precison: 93.68; recall: 96.90; f1: 95.26; loss: 00.47
2021-02-21 10:10:40,417:INFO: - Eval metrics: precison: 77.96; recall: 82.75; f1: 80.28
2021-02-21 10:10:40,513:INFO: Epoch 59/100
2021-02-21 10:10:43,903:INFO: - Train metrics: precison: 93.50; recall: 96.97; f1: 95.20; loss: 00.46
2021-02-21 10:10:44,119:INFO: - Eval metrics: precison: 77.85; recall: 82.66; f1: 80.18
2021-02-21 10:10:44,214:INFO: Epoch 60/100
2021-02-21 10:10:47,599:INFO: - Train metrics: precison: 93.83; recall: 97.10; f1: 95.44; loss: 00.46
2021-02-21 10:10:47,815:INFO: - Eval metrics: precison: 77.67; recall: 82.75; f1: 80.13
2021-02-21 10:10:47,903:INFO: Epoch 61/100
2021-02-21 10:10:51,280:INFO: - Train metrics: precison: 93.68; recall: 97.16; f1: 95.39; loss: 00.45
2021-02-21 10:10:51,492:INFO: - Eval metrics: precison: 77.88; recall: 83.10; f1: 80.40
2021-02-21 10:10:51,585:INFO: Epoch 62/100
2021-02-21 10:10:54,913:INFO: - Train metrics: precison: 93.78; recall: 97.19; f1: 95.45; loss: 00.44
2021-02-21 10:10:55,131:INFO: - Eval metrics: precison: 77.95; recall: 82.84; f1: 80.32
2021-02-21 10:10:55,225:INFO: Epoch 63/100
2021-02-21 10:10:58,504:INFO: - Train metrics: precison: 94.12; recall: 97.31; f1: 95.69; loss: 00.44
2021-02-21 10:10:58,718:INFO: - Eval metrics: precison: 78.04; recall: 82.79; f1: 80.35
2021-02-21 10:10:58,816:INFO: Epoch 64/100
2021-02-21 10:11:02,215:INFO: - Train metrics: precison: 94.46; recall: 97.37; f1: 95.90; loss: 00.43
2021-02-21 10:11:02,431:INFO: - Eval metrics: precison: 77.75; recall: 82.21; f1: 79.92
2021-02-21 10:11:02,526:INFO: Epoch 65/100
2021-02-21 10:11:05,875:INFO: - Train metrics: precison: 94.36; recall: 97.50; f1: 95.90; loss: 00.44
2021-02-21 10:11:06,088:INFO: - Eval metrics: precison: 77.59; recall: 82.84; f1: 80.13
2021-02-21 10:11:06,181:INFO: Epoch 66/100
2021-02-21 10:11:09,542:INFO: - Train metrics: precison: 94.60; recall: 97.56; f1: 96.06; loss: 00.44
2021-02-21 10:11:09,754:INFO: - Eval metrics: precison: 77.83; recall: 82.75; f1: 80.22
2021-02-21 10:11:09,849:INFO: Epoch 67/100
2021-02-21 10:11:13,181:INFO: - Train metrics: precison: 94.92; recall: 97.56; f1: 96.22; loss: 00.41
2021-02-21 10:11:13,395:INFO: - Eval metrics: precison: 78.23; recall: 82.44; f1: 80.28
2021-02-21 10:11:13,483:INFO: Epoch 68/100
2021-02-21 10:11:16,768:INFO: - Train metrics: precison: 94.43; recall: 97.53; f1: 95.95; loss: 00.42
2021-02-21 10:11:16,982:INFO: - Eval metrics: precison: 77.53; recall: 82.70; f1: 80.03
2021-02-21 10:11:17,083:INFO: Epoch 69/100
2021-02-21 10:11:20,443:INFO: - Train metrics: precison: 94.65; recall: 97.51; f1: 96.06; loss: 00.43
2021-02-21 10:11:20,659:INFO: - Eval metrics: precison: 77.48; recall: 82.44; f1: 79.88
2021-02-21 10:11:20,768:INFO: Epoch 70/100
2021-02-21 10:11:24,091:INFO: - Train metrics: precison: 94.87; recall: 97.62; f1: 96.22; loss: 00.41
2021-02-21 10:11:24,306:INFO: - Eval metrics: precison: 77.64; recall: 82.61; f1: 80.05
2021-02-21 10:11:24,414:INFO: Epoch 71/100
2021-02-21 10:11:27,792:INFO: - Train metrics: precison: 95.12; recall: 97.68; f1: 96.38; loss: 00.41
2021-02-21 10:11:28,018:INFO: - Eval metrics: precison: 77.84; recall: 82.61; f1: 80.16
2021-02-21 10:11:28,104:INFO: Epoch 72/100
2021-02-21 10:11:31,506:INFO: - Train metrics: precison: 95.10; recall: 97.86; f1: 96.46; loss: 00.42
2021-02-21 10:11:31,732:INFO: - Eval metrics: precison: 77.81; recall: 82.97; f1: 80.31
2021-02-21 10:11:31,826:INFO: Epoch 73/100
2021-02-21 10:11:35,235:INFO: - Train metrics: precison: 95.34; recall: 97.80; f1: 96.55; loss: 00.41
2021-02-21 10:11:35,461:INFO: - Eval metrics: precison: 78.02; recall: 82.88; f1: 80.38
2021-02-21 10:11:35,563:INFO: Epoch 74/100
2021-02-21 10:11:38,883:INFO: - Train metrics: precison: 95.45; recall: 97.75; f1: 96.59; loss: 00.41
2021-02-21 10:11:39,112:INFO: - Eval metrics: precison: 78.09; recall: 82.88; f1: 80.41
2021-02-21 10:11:39,203:INFO: Epoch 75/100
2021-02-21 10:11:42,553:INFO: - Train metrics: precison: 95.56; recall: 97.94; f1: 96.73; loss: 00.40
2021-02-21 10:11:42,775:INFO: - Eval metrics: precison: 78.24; recall: 82.84; f1: 80.48
2021-02-21 10:11:42,868:INFO: best val f1: 80.63
