2021-02-04 21:49:03,678:INFO: Loading the datasets...
2021-02-04 21:57:21,267:INFO: - done.
2021-02-04 21:57:22,842:INFO: Starting training for 100 epoch(s)
2021-02-04 21:57:22,842:INFO: Epoch 1/100
2021-02-04 21:57:29,469:INFO: - Train metrics: precison: 68.77; recall: 69.48; f1: 69.13; loss: 02.16
2021-02-04 21:57:29,727:INFO: - Eval metrics: precison: 67.94; recall: 68.33; f1: 68.14
2021-02-04 21:57:29,823:INFO: - Found new best F1
2021-02-04 21:57:29,823:INFO: Epoch 2/100
2021-02-04 21:57:36,269:INFO: - Train metrics: precison: 73.43; recall: 78.21; f1: 75.74; loss: 01.59
2021-02-04 21:57:36,524:INFO: - Eval metrics: precison: 71.48; recall: 76.13; f1: 73.73
2021-02-04 21:57:36,692:INFO: - Found new best F1
2021-02-04 21:57:36,692:INFO: Epoch 3/100
2021-02-04 21:57:43,150:INFO: - Train metrics: precison: 76.49; recall: 81.14; f1: 78.75; loss: 01.43
2021-02-04 21:57:43,408:INFO: - Eval metrics: precison: 73.20; recall: 77.55; f1: 75.31
2021-02-04 21:57:43,625:INFO: - Found new best F1
2021-02-04 21:57:43,625:INFO: Epoch 4/100
2021-02-04 21:57:50,099:INFO: - Train metrics: precison: 78.15; recall: 83.16; f1: 80.58; loss: 01.34
2021-02-04 21:57:50,354:INFO: - Eval metrics: precison: 74.64; recall: 78.61; f1: 76.57
2021-02-04 21:57:50,523:INFO: - Found new best F1
2021-02-04 21:57:50,523:INFO: Epoch 5/100
2021-02-04 21:57:57,004:INFO: - Train metrics: precison: 81.13; recall: 84.66; f1: 82.85; loss: 01.25
2021-02-04 21:57:57,262:INFO: - Eval metrics: precison: 75.99; recall: 79.05; f1: 77.49
2021-02-04 21:57:57,497:INFO: - Found new best F1
2021-02-04 21:57:57,497:INFO: Epoch 6/100
2021-02-04 21:58:03,983:INFO: - Train metrics: precison: 83.14; recall: 85.51; f1: 84.31; loss: 01.17
2021-02-04 21:58:04,236:INFO: - Eval metrics: precison: 77.94; recall: 78.70; f1: 78.32
2021-02-04 21:58:04,470:INFO: - Found new best F1
2021-02-04 21:58:04,470:INFO: Epoch 7/100
2021-02-04 21:58:10,995:INFO: - Train metrics: precison: 82.99; recall: 88.45; f1: 85.63; loss: 01.11
2021-02-04 21:58:11,252:INFO: - Eval metrics: precison: 76.82; recall: 80.87; f1: 78.79
2021-02-04 21:58:11,420:INFO: - Found new best F1
2021-02-04 21:58:11,420:INFO: Epoch 8/100
2021-02-04 21:58:17,920:INFO: - Train metrics: precison: 84.14; recall: 88.01; f1: 86.03; loss: 01.05
2021-02-04 21:58:18,179:INFO: - Eval metrics: precison: 78.54; recall: 80.74; f1: 79.62
2021-02-04 21:58:18,390:INFO: - Found new best F1
2021-02-04 21:58:18,390:INFO: Epoch 9/100
2021-02-04 21:58:24,874:INFO: - Train metrics: precison: 85.55; recall: 89.50; f1: 87.48; loss: 01.03
2021-02-04 21:58:25,129:INFO: - Eval metrics: precison: 78.81; recall: 81.53; f1: 80.15
2021-02-04 21:58:25,296:INFO: - Found new best F1
2021-02-04 21:58:25,296:INFO: Epoch 10/100
2021-02-04 21:58:31,806:INFO: - Train metrics: precison: 85.38; recall: 90.71; f1: 87.96; loss: 01.01
2021-02-04 21:58:32,065:INFO: - Eval metrics: precison: 78.71; recall: 83.66; f1: 81.11
2021-02-04 21:58:32,239:INFO: - Found new best F1
2021-02-04 21:58:32,239:INFO: Epoch 11/100
2021-02-04 21:58:38,735:INFO: - Train metrics: precison: 86.12; recall: 91.50; f1: 88.73; loss: 00.95
2021-02-04 21:58:38,991:INFO: - Eval metrics: precison: 78.71; recall: 83.66; f1: 81.11
2021-02-04 21:58:39,115:INFO: Epoch 12/100
2021-02-04 21:58:45,624:INFO: - Train metrics: precison: 86.99; recall: 92.11; f1: 89.48; loss: 00.88
2021-02-04 21:58:45,882:INFO: - Eval metrics: precison: 78.57; recall: 82.82; f1: 80.64
2021-02-04 21:58:45,971:INFO: Epoch 13/100
2021-02-04 21:58:52,445:INFO: - Train metrics: precison: 86.18; recall: 93.03; f1: 89.48; loss: 00.88
2021-02-04 21:58:52,700:INFO: - Eval metrics: precison: 77.67; recall: 84.85; f1: 81.10
2021-02-04 21:58:52,792:INFO: Epoch 14/100
2021-02-04 21:58:59,292:INFO: - Train metrics: precison: 88.48; recall: 92.44; f1: 90.42; loss: 00.82
2021-02-04 21:58:59,547:INFO: - Eval metrics: precison: 80.56; recall: 83.13; f1: 81.82
2021-02-04 21:58:59,818:INFO: - Found new best F1
2021-02-04 21:58:59,818:INFO: Epoch 15/100
2021-02-04 21:59:06,318:INFO: - Train metrics: precison: 89.49; recall: 93.14; f1: 91.28; loss: 00.79
2021-02-04 21:59:06,575:INFO: - Eval metrics: precison: 80.36; recall: 82.82; f1: 81.57
2021-02-04 21:59:06,664:INFO: Epoch 16/100
2021-02-04 21:59:13,164:INFO: - Train metrics: precison: 89.71; recall: 93.66; f1: 91.64; loss: 00.77
2021-02-04 21:59:13,427:INFO: - Eval metrics: precison: 79.60; recall: 82.77; f1: 81.16
2021-02-04 21:59:13,520:INFO: Epoch 17/100
2021-02-04 21:59:20,045:INFO: - Train metrics: precison: 89.66; recall: 94.07; f1: 91.81; loss: 00.75
2021-02-04 21:59:20,304:INFO: - Eval metrics: precison: 79.94; recall: 84.01; f1: 81.93
2021-02-04 21:59:20,552:INFO: - Found new best F1
2021-02-04 21:59:20,552:INFO: Epoch 18/100
2021-02-04 21:59:27,058:INFO: - Train metrics: precison: 89.33; recall: 94.93; f1: 92.05; loss: 00.75
2021-02-04 21:59:27,318:INFO: - Eval metrics: precison: 79.02; recall: 85.25; f1: 82.02
2021-02-04 21:59:27,491:INFO: - Found new best F1
2021-02-04 21:59:27,491:INFO: Epoch 19/100
2021-02-04 21:59:33,961:INFO: - Train metrics: precison: 91.83; recall: 94.70; f1: 93.25; loss: 00.71
2021-02-04 21:59:34,219:INFO: - Eval metrics: precison: 81.08; recall: 83.70; f1: 82.37
2021-02-04 21:59:34,496:INFO: - Found new best F1
2021-02-04 21:59:34,496:INFO: Epoch 20/100
2021-02-04 21:59:40,992:INFO: - Train metrics: precison: 91.49; recall: 94.99; f1: 93.21; loss: 00.69
2021-02-04 21:59:41,251:INFO: - Eval metrics: precison: 79.98; recall: 83.70; f1: 81.80
2021-02-04 21:59:41,339:INFO: Epoch 21/100
2021-02-04 21:59:47,859:INFO: - Train metrics: precison: 91.75; recall: 95.71; f1: 93.69; loss: 00.66
2021-02-04 21:59:48,118:INFO: - Eval metrics: precison: 79.77; recall: 84.50; f1: 82.06
2021-02-04 21:59:48,210:INFO: Epoch 22/100
2021-02-04 21:59:54,683:INFO: - Train metrics: precison: 93.07; recall: 95.93; f1: 94.48; loss: 00.64
2021-02-04 21:59:54,943:INFO: - Eval metrics: precison: 81.41; recall: 83.97; f1: 82.67
2021-02-04 21:59:55,111:INFO: - Found new best F1
2021-02-04 21:59:55,111:INFO: Epoch 23/100
2021-02-04 22:00:01,600:INFO: - Train metrics: precison: 92.42; recall: 96.27; f1: 94.31; loss: 00.62
2021-02-04 22:00:01,857:INFO: - Eval metrics: precison: 80.07; recall: 85.03; f1: 82.47
2021-02-04 22:00:01,983:INFO: Epoch 24/100
2021-02-04 22:00:08,465:INFO: - Train metrics: precison: 93.57; recall: 96.22; f1: 94.88; loss: 00.57
2021-02-04 22:00:08,729:INFO: - Eval metrics: precison: 81.57; recall: 83.88; f1: 82.71
2021-02-04 22:00:08,986:INFO: - Found new best F1
2021-02-04 22:00:08,986:INFO: Epoch 25/100
2021-02-04 22:00:15,464:INFO: - Train metrics: precison: 94.27; recall: 96.45; f1: 95.35; loss: 00.58
2021-02-04 22:00:15,721:INFO: - Eval metrics: precison: 81.20; recall: 84.15; f1: 82.64
2021-02-04 22:00:15,813:INFO: Epoch 26/100
2021-02-04 22:00:22,311:INFO: - Train metrics: precison: 94.50; recall: 96.71; f1: 95.59; loss: 00.57
2021-02-04 22:00:22,573:INFO: - Eval metrics: precison: 81.27; recall: 83.61; f1: 82.43
2021-02-04 22:00:22,704:INFO: Epoch 27/100
2021-02-04 22:00:29,187:INFO: - Train metrics: precison: 94.66; recall: 97.01; f1: 95.82; loss: 00.55
2021-02-04 22:00:29,444:INFO: - Eval metrics: precison: 81.22; recall: 84.06; f1: 82.61
2021-02-04 22:00:29,584:INFO: Epoch 28/100
2021-02-04 22:00:36,050:INFO: - Train metrics: precison: 94.53; recall: 97.06; f1: 95.78; loss: 00.52
2021-02-04 22:00:36,310:INFO: - Eval metrics: precison: 81.39; recall: 84.23; f1: 82.79
2021-02-04 22:00:36,488:INFO: - Found new best F1
2021-02-04 22:00:36,488:INFO: Epoch 29/100
2021-02-04 22:00:42,951:INFO: - Train metrics: precison: 95.00; recall: 97.41; f1: 96.19; loss: 00.52
2021-02-04 22:00:43,208:INFO: - Eval metrics: precison: 81.38; recall: 84.37; f1: 82.84
2021-02-04 22:00:43,381:INFO: - Found new best F1
2021-02-04 22:00:43,382:INFO: Epoch 30/100
2021-02-04 22:00:49,850:INFO: - Train metrics: precison: 95.35; recall: 97.50; f1: 96.41; loss: 00.49
2021-02-04 22:00:50,112:INFO: - Eval metrics: precison: 81.28; recall: 84.41; f1: 82.82
2021-02-04 22:00:50,250:INFO: Epoch 31/100
2021-02-04 22:00:56,704:INFO: - Train metrics: precison: 95.46; recall: 98.01; f1: 96.72; loss: 00.46
2021-02-04 22:00:56,963:INFO: - Eval metrics: precison: 81.31; recall: 85.56; f1: 83.38
2021-02-04 22:00:57,222:INFO: - Found new best F1
2021-02-04 22:00:57,222:INFO: Epoch 32/100
2021-02-04 22:01:03,734:INFO: - Train metrics: precison: 96.03; recall: 97.92; f1: 96.96; loss: 00.47
2021-02-04 22:01:04,000:INFO: - Eval metrics: precison: 81.48; recall: 84.19; f1: 82.81
2021-02-04 22:01:04,092:INFO: Epoch 33/100
2021-02-04 22:01:10,599:INFO: - Train metrics: precison: 96.38; recall: 98.10; f1: 97.23; loss: 00.45
2021-02-04 22:01:10,857:INFO: - Eval metrics: precison: 81.88; recall: 84.28; f1: 83.06
2021-02-04 22:01:10,996:INFO: Epoch 34/100
2021-02-04 22:01:17,482:INFO: - Train metrics: precison: 96.36; recall: 98.44; f1: 97.39; loss: 00.42
2021-02-04 22:01:17,744:INFO: - Eval metrics: precison: 81.26; recall: 85.08; f1: 83.12
2021-02-04 22:01:17,884:INFO: Epoch 35/100
2021-02-04 22:01:24,386:INFO: - Train metrics: precison: 96.65; recall: 98.59; f1: 97.61; loss: 00.43
2021-02-04 22:01:24,644:INFO: - Eval metrics: precison: 81.80; recall: 84.81; f1: 83.28
2021-02-04 22:01:24,734:INFO: Epoch 36/100
2021-02-04 22:01:31,204:INFO: - Train metrics: precison: 97.03; recall: 98.51; f1: 97.76; loss: 00.41
2021-02-04 22:01:31,466:INFO: - Eval metrics: precison: 81.78; recall: 84.50; f1: 83.12
2021-02-04 22:01:31,559:INFO: Epoch 37/100
2021-02-04 22:01:38,052:INFO: - Train metrics: precison: 97.78; recall: 98.71; f1: 98.24; loss: 00.38
2021-02-04 22:01:38,311:INFO: - Eval metrics: precison: 82.00; recall: 83.53; f1: 82.76
2021-02-04 22:01:38,400:INFO: Epoch 38/100
2021-02-04 22:01:44,890:INFO: - Train metrics: precison: 97.88; recall: 98.62; f1: 98.25; loss: 00.38
2021-02-04 22:01:45,152:INFO: - Eval metrics: precison: 82.01; recall: 83.17; f1: 82.59
2021-02-04 22:01:45,244:INFO: Epoch 39/100
2021-02-04 22:01:51,711:INFO: - Train metrics: precison: 97.94; recall: 98.98; f1: 98.46; loss: 00.36
2021-02-04 22:01:51,973:INFO: - Eval metrics: precison: 82.01; recall: 84.41; f1: 83.20
2021-02-04 22:01:52,088:INFO: Epoch 40/100
2021-02-04 22:01:58,544:INFO: - Train metrics: precison: 97.96; recall: 99.04; f1: 98.50; loss: 00.35
2021-02-04 22:01:58,802:INFO: - Eval metrics: precison: 81.60; recall: 85.03; f1: 83.28
2021-02-04 22:01:58,896:INFO: Epoch 41/100
2021-02-04 22:02:05,343:INFO: - Train metrics: precison: 98.05; recall: 99.04; f1: 98.54; loss: 00.33
2021-02-04 22:02:05,603:INFO: - Eval metrics: precison: 81.85; recall: 84.28; f1: 83.05
2021-02-04 22:02:05,732:INFO: Epoch 42/100
2021-02-04 22:02:12,198:INFO: - Train metrics: precison: 98.25; recall: 99.01; f1: 98.63; loss: 00.31
2021-02-04 22:02:12,457:INFO: - Eval metrics: precison: 82.14; recall: 83.70; f1: 82.91
2021-02-04 22:02:12,579:INFO: Epoch 43/100
2021-02-04 22:02:19,074:INFO: - Train metrics: precison: 98.64; recall: 99.26; f1: 98.95; loss: 00.31
2021-02-04 22:02:19,332:INFO: - Eval metrics: precison: 82.00; recall: 84.32; f1: 83.14
2021-02-04 22:02:19,423:INFO: Epoch 44/100
2021-02-04 22:02:25,875:INFO: - Train metrics: precison: 98.60; recall: 99.32; f1: 98.96; loss: 00.31
2021-02-04 22:02:26,140:INFO: - Eval metrics: precison: 82.28; recall: 83.70; f1: 82.99
2021-02-04 22:02:26,232:INFO: Epoch 45/100
2021-02-04 22:02:32,694:INFO: - Train metrics: precison: 98.55; recall: 99.20; f1: 98.87; loss: 00.29
2021-02-04 22:02:32,952:INFO: - Eval metrics: precison: 82.19; recall: 83.79; f1: 82.98
2021-02-04 22:02:33,042:INFO: Epoch 46/100
2021-02-04 22:02:39,490:INFO: - Train metrics: precison: 98.63; recall: 99.36; f1: 98.99; loss: 00.27
2021-02-04 22:02:39,753:INFO: - Eval metrics: precison: 81.62; recall: 83.79; f1: 82.69
2021-02-04 22:02:39,845:INFO: Epoch 47/100
2021-02-04 22:02:46,363:INFO: - Train metrics: precison: 98.59; recall: 99.41; f1: 99.00; loss: 00.25
2021-02-04 22:02:46,626:INFO: - Eval metrics: precison: 81.70; recall: 84.01; f1: 82.84
2021-02-04 22:02:46,714:INFO: Epoch 48/100
2021-02-04 22:02:53,164:INFO: - Train metrics: precison: 98.82; recall: 99.44; f1: 99.13; loss: 00.26
2021-02-04 22:02:53,424:INFO: - Eval metrics: precison: 81.99; recall: 84.50; f1: 83.23
2021-02-04 22:02:53,516:INFO: Epoch 49/100
2021-02-04 22:02:59,987:INFO: - Train metrics: precison: 99.06; recall: 99.50; f1: 99.28; loss: 00.24
2021-02-04 22:03:00,248:INFO: - Eval metrics: precison: 82.17; recall: 84.10; f1: 83.13
2021-02-04 22:03:00,337:INFO: Epoch 50/100
2021-02-04 22:03:06,765:INFO: - Train metrics: precison: 99.08; recall: 99.56; f1: 99.32; loss: 00.24
2021-02-04 22:03:07,028:INFO: - Eval metrics: precison: 82.83; recall: 83.97; f1: 83.40
2021-02-04 22:03:07,200:INFO: - Found new best F1
2021-02-04 22:03:07,200:INFO: Epoch 51/100
2021-02-04 22:03:13,658:INFO: - Train metrics: precison: 99.02; recall: 99.59; f1: 99.30; loss: 00.24
2021-02-04 22:03:13,919:INFO: - Eval metrics: precison: 82.20; recall: 84.85; f1: 83.50
2021-02-04 22:03:14,160:INFO: - Found new best F1
2021-02-04 22:03:14,160:INFO: Epoch 52/100
2021-02-04 22:03:20,606:INFO: - Train metrics: precison: 99.10; recall: 99.70; f1: 99.39; loss: 00.22
2021-02-04 22:03:20,865:INFO: - Eval metrics: precison: 81.43; recall: 86.05; f1: 83.68
2021-02-04 22:03:21,099:INFO: - Found new best F1
2021-02-04 22:03:21,099:INFO: Epoch 53/100
2021-02-04 22:03:27,539:INFO: - Train metrics: precison: 99.29; recall: 99.74; f1: 99.52; loss: 00.22
2021-02-04 22:03:27,802:INFO: - Eval metrics: precison: 82.12; recall: 84.81; f1: 83.44
2021-02-04 22:03:27,893:INFO: Epoch 54/100
2021-02-04 22:03:34,342:INFO: - Train metrics: precison: 99.18; recall: 99.58; f1: 99.38; loss: 00.21
2021-02-04 22:03:34,603:INFO: - Eval metrics: precison: 82.02; recall: 85.03; f1: 83.50
2021-02-04 22:03:34,691:INFO: Epoch 55/100
2021-02-04 22:03:41,136:INFO: - Train metrics: precison: 99.35; recall: 99.64; f1: 99.49; loss: 00.19
2021-02-04 22:03:41,394:INFO: - Eval metrics: precison: 83.22; recall: 83.66; f1: 83.44
2021-02-04 22:03:41,483:INFO: Epoch 56/100
2021-02-04 22:03:47,932:INFO: - Train metrics: precison: 99.30; recall: 99.71; f1: 99.51; loss: 00.20
2021-02-04 22:03:48,191:INFO: - Eval metrics: precison: 82.47; recall: 84.19; f1: 83.32
2021-02-04 22:03:48,281:INFO: Epoch 57/100
2021-02-04 22:03:54,721:INFO: - Train metrics: precison: 99.43; recall: 99.82; f1: 99.62; loss: 00.18
2021-02-04 22:03:54,988:INFO: - Eval metrics: precison: 81.80; recall: 84.99; f1: 83.36
2021-02-04 22:03:55,078:INFO: Epoch 58/100
2021-02-04 22:04:01,553:INFO: - Train metrics: precison: 99.43; recall: 99.77; f1: 99.60; loss: 00.18
2021-02-04 22:04:01,813:INFO: - Eval metrics: precison: 81.78; recall: 84.90; f1: 83.31
2021-02-04 22:04:01,954:INFO: Epoch 59/100
2021-02-04 22:04:08,394:INFO: - Train metrics: precison: 99.67; recall: 99.82; f1: 99.74; loss: 00.17
2021-02-04 22:04:08,656:INFO: - Eval metrics: precison: 82.67; recall: 83.66; f1: 83.16
2021-02-04 22:04:08,791:INFO: Epoch 60/100
2021-02-04 22:04:15,245:INFO: - Train metrics: precison: 99.71; recall: 99.86; f1: 99.79; loss: 00.17
2021-02-04 22:04:15,504:INFO: - Eval metrics: precison: 82.20; recall: 84.23; f1: 83.20
2021-02-04 22:04:15,625:INFO: Epoch 61/100
2021-02-04 22:04:22,049:INFO: - Train metrics: precison: 99.79; recall: 99.89; f1: 99.84; loss: 00.16
2021-02-04 22:04:22,309:INFO: - Eval metrics: precison: 83.09; recall: 83.57; f1: 83.33
2021-02-04 22:04:22,432:INFO: Epoch 62/100
2021-02-04 22:04:28,865:INFO: - Train metrics: precison: 99.65; recall: 99.91; f1: 99.78; loss: 00.15
2021-02-04 22:04:29,131:INFO: - Eval metrics: precison: 81.90; recall: 84.99; f1: 83.42
2021-02-04 22:04:29,219:INFO: Epoch 63/100
2021-02-04 22:04:35,684:INFO: - Train metrics: precison: 99.62; recall: 99.88; f1: 99.75; loss: 00.16
2021-02-04 22:04:35,943:INFO: - Eval metrics: precison: 81.54; recall: 84.90; f1: 83.19
2021-02-04 22:04:36,033:INFO: Epoch 64/100
2021-02-04 22:04:42,441:INFO: - Train metrics: precison: 99.62; recall: 99.88; f1: 99.75; loss: 00.14
2021-02-04 22:04:42,700:INFO: - Eval metrics: precison: 81.89; recall: 84.72; f1: 83.28
2021-02-04 22:04:42,788:INFO: Epoch 65/100
2021-02-04 22:04:49,237:INFO: - Train metrics: precison: 99.80; recall: 99.92; f1: 99.86; loss: 00.14
2021-02-04 22:04:49,500:INFO: - Eval metrics: precison: 82.34; recall: 83.84; f1: 83.08
2021-02-04 22:04:49,592:INFO: Epoch 66/100
2021-02-04 22:04:56,041:INFO: - Train metrics: precison: 99.68; recall: 99.92; f1: 99.80; loss: 00.14
2021-02-04 22:04:56,299:INFO: - Eval metrics: precison: 82.01; recall: 84.77; f1: 83.36
2021-02-04 22:04:56,442:INFO: Epoch 67/100
2021-02-04 22:05:02,891:INFO: - Train metrics: precison: 99.79; recall: 99.94; f1: 99.86; loss: 00.13
2021-02-04 22:05:03,150:INFO: - Eval metrics: precison: 81.84; recall: 84.41; f1: 83.10
2021-02-04 22:05:03,295:INFO: Epoch 68/100
2021-02-04 22:05:09,743:INFO: - Train metrics: precison: 99.76; recall: 99.92; f1: 99.84; loss: 00.14
2021-02-04 22:05:10,008:INFO: - Eval metrics: precison: 81.25; recall: 84.46; f1: 82.82
2021-02-04 22:05:10,097:INFO: Epoch 69/100
2021-02-04 22:05:16,539:INFO: - Train metrics: precison: 99.89; recall: 99.94; f1: 99.92; loss: 00.10
2021-02-04 22:05:16,801:INFO: - Eval metrics: precison: 82.07; recall: 83.92; f1: 82.99
2021-02-04 22:05:16,893:INFO: Epoch 70/100
2021-02-04 22:05:23,341:INFO: - Train metrics: precison: 99.80; recall: 99.91; f1: 99.86; loss: 00.11
2021-02-04 22:05:23,603:INFO: - Eval metrics: precison: 81.22; recall: 84.10; f1: 82.64
2021-02-04 22:05:23,741:INFO: Epoch 71/100
2021-02-04 22:05:30,185:INFO: - Train metrics: precison: 99.95; recall: 99.95; f1: 99.95; loss: 00.12
2021-02-04 22:05:30,450:INFO: - Eval metrics: precison: 81.86; recall: 84.15; f1: 82.99
2021-02-04 22:05:30,587:INFO: Epoch 72/100
2021-02-04 22:05:37,043:INFO: - Train metrics: precison: 99.92; recall: 99.92; f1: 99.92; loss: 00.11
2021-02-04 22:05:37,305:INFO: - Eval metrics: precison: 82.24; recall: 83.04; f1: 82.64
2021-02-04 22:05:37,393:INFO: Epoch 73/100
2021-02-04 22:05:43,823:INFO: - Train metrics: precison: 99.92; recall: 99.94; f1: 99.93; loss: 00.11
2021-02-04 22:05:44,089:INFO: - Eval metrics: precison: 82.11; recall: 84.37; f1: 83.22
2021-02-04 22:05:44,180:INFO: Epoch 74/100
2021-02-04 22:05:50,615:INFO: - Train metrics: precison: 99.95; recall: 99.95; f1: 99.95; loss: 00.11
2021-02-04 22:05:50,878:INFO: - Eval metrics: precison: 82.45; recall: 83.61; f1: 83.03
2021-02-04 22:05:51,015:INFO: Epoch 75/100
2021-02-04 22:05:57,448:INFO: - Train metrics: precison: 99.97; recall: 99.95; f1: 99.96; loss: 00.11
2021-02-04 22:05:57,707:INFO: - Eval metrics: precison: 82.06; recall: 84.90; f1: 83.46
2021-02-04 22:05:57,850:INFO: Epoch 76/100
2021-02-04 22:06:04,276:INFO: - Train metrics: precison: 99.98; recall: 99.97; f1: 99.98; loss: 00.09
2021-02-04 22:06:04,538:INFO: - Eval metrics: precison: 81.97; recall: 85.16; f1: 83.54
2021-02-04 22:06:04,668:INFO: Epoch 77/100
2021-02-04 22:06:11,124:INFO: - Train metrics: precison: 99.97; recall: 99.97; f1: 99.97; loss: 00.10
2021-02-04 22:06:11,382:INFO: - Eval metrics: precison: 82.19; recall: 84.19; f1: 83.18
2021-02-04 22:06:11,515:INFO: best val f1: 83.68
