2021-02-04 20:39:11,140:INFO: Loading the datasets...
2021-02-04 20:54:44,610:INFO: Loading the datasets...
2021-02-04 21:02:55,883:INFO: - done.
2021-02-04 21:02:57,789:INFO: Starting training for 100 epoch(s)
2021-02-04 21:02:57,789:INFO: Epoch 1/100
2021-02-04 21:03:04,322:INFO: - Train metrics: precison: 68.44; recall: 72.87; f1: 70.59; loss: 02.12
2021-02-04 21:03:04,575:INFO: - Eval metrics: precison: 68.06; recall: 71.26; f1: 69.62
2021-02-04 21:03:04,672:INFO: - Found new best F1
2021-02-04 21:03:04,672:INFO: Epoch 2/100
2021-02-04 21:03:11,139:INFO: - Train metrics: precison: 75.59; recall: 77.07; f1: 76.32; loss: 01.58
2021-02-04 21:03:11,396:INFO: - Eval metrics: precison: 73.47; recall: 73.21; f1: 73.34
2021-02-04 21:03:11,675:INFO: - Found new best F1
2021-02-04 21:03:11,675:INFO: Epoch 3/100
2021-02-04 21:03:18,135:INFO: - Train metrics: precison: 75.76; recall: 82.11; f1: 78.81; loss: 01.41
2021-02-04 21:03:18,387:INFO: - Eval metrics: precison: 72.75; recall: 77.33; f1: 74.97
2021-02-04 21:03:18,559:INFO: - Found new best F1
2021-02-04 21:03:18,559:INFO: Epoch 4/100
2021-02-04 21:03:25,043:INFO: - Train metrics: precison: 79.44; recall: 83.79; f1: 81.56; loss: 01.31
2021-02-04 21:03:25,297:INFO: - Eval metrics: precison: 74.94; recall: 78.12; f1: 76.50
2021-02-04 21:03:25,470:INFO: - Found new best F1
2021-02-04 21:03:25,471:INFO: Epoch 5/100
2021-02-04 21:03:31,947:INFO: - Train metrics: precison: 80.54; recall: 85.10; f1: 82.76; loss: 01.25
2021-02-04 21:03:32,209:INFO: - Eval metrics: precison: 75.68; recall: 78.70; f1: 77.16
2021-02-04 21:03:32,477:INFO: - Found new best F1
2021-02-04 21:03:32,477:INFO: Epoch 6/100
2021-02-04 21:03:38,944:INFO: - Train metrics: precison: 83.52; recall: 85.01; f1: 84.26; loss: 01.16
2021-02-04 21:03:39,198:INFO: - Eval metrics: precison: 77.72; recall: 77.55; f1: 77.63
2021-02-04 21:03:39,427:INFO: - Found new best F1
2021-02-04 21:03:39,428:INFO: Epoch 7/100
2021-02-04 21:03:45,907:INFO: - Train metrics: precison: 81.92; recall: 88.41; f1: 85.04; loss: 01.11
2021-02-04 21:03:46,170:INFO: - Eval metrics: precison: 75.89; recall: 82.11; f1: 78.88
2021-02-04 21:03:46,401:INFO: - Found new best F1
2021-02-04 21:03:46,401:INFO: Epoch 8/100
2021-02-04 21:03:52,898:INFO: - Train metrics: precison: 82.90; recall: 89.33; f1: 86.00; loss: 01.03
2021-02-04 21:03:53,155:INFO: - Eval metrics: precison: 76.49; recall: 82.29; f1: 79.28
2021-02-04 21:03:53,328:INFO: - Found new best F1
2021-02-04 21:03:53,328:INFO: Epoch 9/100
2021-02-04 21:03:59,798:INFO: - Train metrics: precison: 85.50; recall: 89.67; f1: 87.53; loss: 01.02
2021-02-04 21:04:00,057:INFO: - Eval metrics: precison: 77.99; recall: 81.27; f1: 79.59
2021-02-04 21:04:00,321:INFO: - Found new best F1
2021-02-04 21:04:00,321:INFO: Epoch 10/100
2021-02-04 21:04:06,829:INFO: - Train metrics: precison: 84.22; recall: 90.86; f1: 87.42; loss: 00.96
2021-02-04 21:04:07,089:INFO: - Eval metrics: precison: 77.41; recall: 83.48; f1: 80.33
2021-02-04 21:04:07,353:INFO: - Found new best F1
2021-02-04 21:04:07,353:INFO: Epoch 11/100
2021-02-04 21:04:13,845:INFO: - Train metrics: precison: 86.39; recall: 91.14; f1: 88.70; loss: 00.93
2021-02-04 21:04:14,100:INFO: - Eval metrics: precison: 78.01; recall: 82.64; f1: 80.26
2021-02-04 21:04:14,190:INFO: Epoch 12/100
2021-02-04 21:04:20,710:INFO: - Train metrics: precison: 87.13; recall: 91.26; f1: 89.15; loss: 00.88
2021-02-04 21:04:20,970:INFO: - Eval metrics: precison: 78.96; recall: 82.42; f1: 80.65
2021-02-04 21:04:21,200:INFO: - Found new best F1
2021-02-04 21:04:21,200:INFO: Epoch 13/100
2021-02-04 21:04:27,714:INFO: - Train metrics: precison: 87.43; recall: 92.26; f1: 89.78; loss: 00.85
2021-02-04 21:04:27,969:INFO: - Eval metrics: precison: 78.29; recall: 82.73; f1: 80.45
2021-02-04 21:04:28,105:INFO: Epoch 14/100
2021-02-04 21:04:34,588:INFO: - Train metrics: precison: 88.38; recall: 93.11; f1: 90.68; loss: 00.83
2021-02-04 21:04:34,850:INFO: - Eval metrics: precison: 78.62; recall: 83.04; f1: 80.77
2021-02-04 21:04:35,102:INFO: - Found new best F1
2021-02-04 21:04:35,102:INFO: Epoch 15/100
2021-02-04 21:04:41,616:INFO: - Train metrics: precison: 89.37; recall: 93.49; f1: 91.38; loss: 00.83
2021-02-04 21:04:41,874:INFO: - Eval metrics: precison: 79.66; recall: 83.44; f1: 81.51
2021-02-04 21:04:42,119:INFO: - Found new best F1
2021-02-04 21:04:42,119:INFO: Epoch 16/100
2021-02-04 21:04:48,616:INFO: - Train metrics: precison: 90.14; recall: 93.61; f1: 91.84; loss: 00.78
2021-02-04 21:04:48,871:INFO: - Eval metrics: precison: 80.05; recall: 82.82; f1: 81.41
2021-02-04 21:04:49,007:INFO: Epoch 17/100
2021-02-04 21:04:55,497:INFO: - Train metrics: precison: 89.77; recall: 94.19; f1: 91.93; loss: 00.76
2021-02-04 21:04:55,761:INFO: - Eval metrics: precison: 78.92; recall: 83.75; f1: 81.26
2021-02-04 21:04:55,894:INFO: Epoch 18/100
2021-02-04 21:05:02,399:INFO: - Train metrics: precison: 90.26; recall: 94.23; f1: 92.20; loss: 00.73
2021-02-04 21:05:02,655:INFO: - Eval metrics: precison: 79.82; recall: 83.57; f1: 81.65
2021-02-04 21:05:02,910:INFO: - Found new best F1
2021-02-04 21:05:02,910:INFO: Epoch 19/100
2021-02-04 21:05:09,881:INFO: - Train metrics: precison: 90.89; recall: 94.61; f1: 92.71; loss: 00.71
2021-02-04 21:05:10,143:INFO: - Eval metrics: precison: 79.73; recall: 83.97; f1: 81.79
2021-02-04 21:05:10,317:INFO: - Found new best F1
2021-02-04 21:05:10,317:INFO: Epoch 20/100
2021-02-04 21:05:16,861:INFO: - Train metrics: precison: 91.23; recall: 95.14; f1: 93.14; loss: 00.69
2021-02-04 21:05:17,121:INFO: - Eval metrics: precison: 80.23; recall: 84.99; f1: 82.54
2021-02-04 21:05:17,295:INFO: - Found new best F1
2021-02-04 21:05:17,295:INFO: Epoch 21/100
2021-02-04 21:05:23,825:INFO: - Train metrics: precison: 92.03; recall: 95.36; f1: 93.67; loss: 00.65
2021-02-04 21:05:24,082:INFO: - Eval metrics: precison: 80.60; recall: 84.10; f1: 82.31
2021-02-04 21:05:24,205:INFO: Epoch 22/100
2021-02-04 21:05:30,702:INFO: - Train metrics: precison: 92.89; recall: 95.61; f1: 94.23; loss: 00.62
2021-02-04 21:05:30,958:INFO: - Eval metrics: precison: 80.71; recall: 83.75; f1: 82.20
2021-02-04 21:05:31,047:INFO: Epoch 23/100
2021-02-04 21:05:37,547:INFO: - Train metrics: precison: 93.24; recall: 95.83; f1: 94.51; loss: 00.61
2021-02-04 21:05:37,807:INFO: - Eval metrics: precison: 81.15; recall: 83.48; f1: 82.30
2021-02-04 21:05:37,896:INFO: Epoch 24/100
2021-02-04 21:05:44,391:INFO: - Train metrics: precison: 93.18; recall: 96.19; f1: 94.66; loss: 00.59
2021-02-04 21:05:44,648:INFO: - Eval metrics: precison: 80.93; recall: 83.84; f1: 82.36
2021-02-04 21:05:44,749:INFO: Epoch 25/100
2021-02-04 21:05:51,265:INFO: - Train metrics: precison: 94.28; recall: 96.22; f1: 95.24; loss: 00.59
2021-02-04 21:05:51,527:INFO: - Eval metrics: precison: 81.84; recall: 83.84; f1: 82.83
2021-02-04 21:05:51,723:INFO: - Found new best F1
2021-02-04 21:05:51,723:INFO: Epoch 26/100
2021-02-04 21:05:58,221:INFO: - Train metrics: precison: 92.92; recall: 96.93; f1: 94.88; loss: 00.57
2021-02-04 21:05:58,478:INFO: - Eval metrics: precison: 80.07; recall: 85.56; f1: 82.72
2021-02-04 21:05:58,569:INFO: Epoch 27/100
2021-02-04 21:06:05,067:INFO: - Train metrics: precison: 94.16; recall: 97.15; f1: 95.63; loss: 00.53
2021-02-04 21:06:05,329:INFO: - Eval metrics: precison: 80.61; recall: 85.25; f1: 82.87
2021-02-04 21:06:05,571:INFO: - Found new best F1
2021-02-04 21:06:05,571:INFO: Epoch 28/100
2021-02-04 21:06:12,074:INFO: - Train metrics: precison: 94.88; recall: 97.22; f1: 96.04; loss: 00.51
2021-02-04 21:06:12,331:INFO: - Eval metrics: precison: 81.03; recall: 84.94; f1: 82.94
2021-02-04 21:06:12,503:INFO: - Found new best F1
2021-02-04 21:06:12,503:INFO: Epoch 29/100
2021-02-04 21:06:19,012:INFO: - Train metrics: precison: 95.26; recall: 97.51; f1: 96.37; loss: 00.51
2021-02-04 21:06:19,270:INFO: - Eval metrics: precison: 81.39; recall: 84.85; f1: 83.09
2021-02-04 21:06:19,443:INFO: - Found new best F1
2021-02-04 21:06:19,443:INFO: Epoch 30/100
2021-02-04 21:06:25,961:INFO: - Train metrics: precison: 95.38; recall: 97.68; f1: 96.51; loss: 00.49
2021-02-04 21:06:26,223:INFO: - Eval metrics: precison: 81.28; recall: 85.39; f1: 83.28
2021-02-04 21:06:26,393:INFO: - Found new best F1
2021-02-04 21:06:26,393:INFO: Epoch 31/100
2021-02-04 21:06:32,905:INFO: - Train metrics: precison: 95.75; recall: 97.74; f1: 96.73; loss: 00.46
2021-02-04 21:06:33,166:INFO: - Eval metrics: precison: 81.45; recall: 84.99; f1: 83.18
2021-02-04 21:06:33,256:INFO: Epoch 32/100
2021-02-04 21:06:39,746:INFO: - Train metrics: precison: 96.05; recall: 97.86; f1: 96.95; loss: 00.45
2021-02-04 21:06:40,008:INFO: - Eval metrics: precison: 81.26; recall: 84.32; f1: 82.76
2021-02-04 21:06:40,095:INFO: Epoch 33/100
2021-02-04 21:06:46,608:INFO: - Train metrics: precison: 96.57; recall: 97.85; f1: 97.20; loss: 00.45
2021-02-04 21:06:46,871:INFO: - Eval metrics: precison: 82.38; recall: 83.88; f1: 83.12
2021-02-04 21:06:46,978:INFO: Epoch 34/100
2021-02-04 21:06:53,476:INFO: - Train metrics: precison: 96.56; recall: 98.35; f1: 97.44; loss: 00.42
2021-02-04 21:06:53,734:INFO: - Eval metrics: precison: 81.20; recall: 84.19; f1: 82.67
2021-02-04 21:06:53,842:INFO: Epoch 35/100
2021-02-04 21:07:00,307:INFO: - Train metrics: precison: 96.79; recall: 98.38; f1: 97.58; loss: 00.41
2021-02-04 21:07:00,568:INFO: - Eval metrics: precison: 81.41; recall: 84.77; f1: 83.05
2021-02-04 21:07:00,657:INFO: Epoch 36/100
2021-02-04 21:07:07,185:INFO: - Train metrics: precison: 97.39; recall: 98.50; f1: 97.94; loss: 00.40
2021-02-04 21:07:07,444:INFO: - Eval metrics: precison: 81.21; recall: 84.23; f1: 82.70
2021-02-04 21:07:07,532:INFO: Epoch 37/100
2021-02-04 21:07:14,058:INFO: - Train metrics: precison: 97.68; recall: 98.57; f1: 98.13; loss: 00.38
2021-02-04 21:07:14,320:INFO: - Eval metrics: precison: 81.99; recall: 83.66; f1: 82.81
2021-02-04 21:07:14,454:INFO: Epoch 38/100
2021-02-04 21:07:20,970:INFO: - Train metrics: precison: 97.83; recall: 98.69; f1: 98.26; loss: 00.37
2021-02-04 21:07:21,233:INFO: - Eval metrics: precison: 82.51; recall: 83.35; f1: 82.93
2021-02-04 21:07:21,365:INFO: Epoch 39/100
2021-02-04 21:07:27,899:INFO: - Train metrics: precison: 97.40; recall: 98.89; f1: 98.14; loss: 00.38
2021-02-04 21:07:28,161:INFO: - Eval metrics: precison: 80.97; recall: 84.63; f1: 82.76
2021-02-04 21:07:28,250:INFO: Epoch 40/100
2021-02-04 21:07:34,739:INFO: - Train metrics: precison: 97.96; recall: 98.98; f1: 98.47; loss: 00.36
2021-02-04 21:07:34,997:INFO: - Eval metrics: precison: 81.44; recall: 84.54; f1: 82.96
2021-02-04 21:07:35,087:INFO: Epoch 41/100
2021-02-04 21:07:41,562:INFO: - Train metrics: precison: 97.81; recall: 99.01; f1: 98.41; loss: 00.33
2021-02-04 21:07:41,827:INFO: - Eval metrics: precison: 81.58; recall: 84.94; f1: 83.23
2021-02-04 21:07:41,944:INFO: Epoch 42/100
2021-02-04 21:07:48,434:INFO: - Train metrics: precison: 98.34; recall: 99.04; f1: 98.69; loss: 00.33
2021-02-04 21:07:48,691:INFO: - Eval metrics: precison: 82.35; recall: 83.48; f1: 82.91
2021-02-04 21:07:48,808:INFO: Epoch 43/100
2021-02-04 21:07:55,278:INFO: - Train metrics: precison: 98.34; recall: 99.14; f1: 98.74; loss: 00.31
2021-02-04 21:07:55,536:INFO: - Eval metrics: precison: 82.06; recall: 84.28; f1: 83.15
2021-02-04 21:07:55,657:INFO: Epoch 44/100
2021-02-04 21:08:02,130:INFO: - Train metrics: precison: 98.49; recall: 99.24; f1: 98.87; loss: 00.31
2021-02-04 21:08:02,391:INFO: - Eval metrics: precison: 82.20; recall: 84.46; f1: 83.31
2021-02-04 21:08:02,636:INFO: - Found new best F1
2021-02-04 21:08:02,636:INFO: Epoch 45/100
2021-02-04 21:08:09,117:INFO: - Train metrics: precison: 98.63; recall: 99.29; f1: 98.96; loss: 00.29
2021-02-04 21:08:09,377:INFO: - Eval metrics: precison: 82.57; recall: 84.32; f1: 83.44
2021-02-04 21:08:09,612:INFO: - Found new best F1
2021-02-04 21:08:09,612:INFO: Epoch 46/100
2021-02-04 21:08:16,096:INFO: - Train metrics: precison: 98.56; recall: 99.36; f1: 98.96; loss: 00.26
2021-02-04 21:08:16,356:INFO: - Eval metrics: precison: 81.40; recall: 85.08; f1: 83.20
2021-02-04 21:08:16,447:INFO: Epoch 47/100
2021-02-04 21:08:22,934:INFO: - Train metrics: precison: 98.82; recall: 99.36; f1: 99.09; loss: 00.28
2021-02-04 21:08:23,194:INFO: - Eval metrics: precison: 81.95; recall: 83.84; f1: 82.88
2021-02-04 21:08:23,282:INFO: Epoch 48/100
2021-02-04 21:08:29,753:INFO: - Train metrics: precison: 98.90; recall: 99.44; f1: 99.17; loss: 00.26
2021-02-04 21:08:30,015:INFO: - Eval metrics: precison: 81.73; recall: 84.19; f1: 82.94
2021-02-04 21:08:30,105:INFO: Epoch 49/100
2021-02-04 21:08:36,572:INFO: - Train metrics: precison: 99.02; recall: 99.56; f1: 99.29; loss: 00.25
2021-02-04 21:08:36,829:INFO: - Eval metrics: precison: 81.58; recall: 84.54; f1: 83.04
2021-02-04 21:08:36,960:INFO: Epoch 50/100
2021-02-04 21:08:43,397:INFO: - Train metrics: precison: 98.97; recall: 99.44; f1: 99.21; loss: 00.24
2021-02-04 21:08:43,658:INFO: - Eval metrics: precison: 82.25; recall: 84.54; f1: 83.38
2021-02-04 21:08:43,781:INFO: Epoch 51/100
2021-02-04 21:08:50,267:INFO: - Train metrics: precison: 99.09; recall: 99.61; f1: 99.35; loss: 00.23
2021-02-04 21:08:50,524:INFO: - Eval metrics: precison: 81.50; recall: 83.88; f1: 82.67
2021-02-04 21:08:50,659:INFO: Epoch 52/100
2021-02-04 21:08:57,160:INFO: - Train metrics: precison: 99.33; recall: 99.68; f1: 99.51; loss: 00.23
2021-02-04 21:08:57,422:INFO: - Eval metrics: precison: 82.77; recall: 83.84; f1: 83.30
2021-02-04 21:08:57,551:INFO: Epoch 53/100
2021-02-04 21:09:04,048:INFO: - Train metrics: precison: 99.41; recall: 99.74; f1: 99.58; loss: 00.22
2021-02-04 21:09:04,306:INFO: - Eval metrics: precison: 82.77; recall: 82.77; f1: 82.77
2021-02-04 21:09:04,435:INFO: Epoch 54/100
2021-02-04 21:09:10,923:INFO: - Train metrics: precison: 99.32; recall: 99.77; f1: 99.55; loss: 00.21
2021-02-04 21:09:11,184:INFO: - Eval metrics: precison: 81.79; recall: 84.77; f1: 83.25
2021-02-04 21:09:11,324:INFO: Epoch 55/100
2021-02-04 21:09:17,780:INFO: - Train metrics: precison: 99.35; recall: 99.74; f1: 99.55; loss: 00.20
2021-02-04 21:09:18,043:INFO: - Eval metrics: precison: 82.13; recall: 84.68; f1: 83.38
2021-02-04 21:09:18,132:INFO: Epoch 56/100
2021-02-04 21:09:24,588:INFO: - Train metrics: precison: 99.32; recall: 99.79; f1: 99.55; loss: 00.19
2021-02-04 21:09:24,846:INFO: - Eval metrics: precison: 81.78; recall: 85.25; f1: 83.48
2021-02-04 21:09:25,018:INFO: - Found new best F1
2021-02-04 21:09:25,018:INFO: Epoch 57/100
2021-02-04 21:09:31,451:INFO: - Train metrics: precison: 99.47; recall: 99.80; f1: 99.64; loss: 00.17
2021-02-04 21:09:31,713:INFO: - Eval metrics: precison: 81.97; recall: 84.54; f1: 83.24
2021-02-04 21:09:31,803:INFO: Epoch 58/100
2021-02-04 21:09:38,252:INFO: - Train metrics: precison: 99.50; recall: 99.80; f1: 99.65; loss: 00.18
2021-02-04 21:09:38,509:INFO: - Eval metrics: precison: 81.25; recall: 84.63; f1: 82.91
2021-02-04 21:09:38,639:INFO: Epoch 59/100
2021-02-04 21:09:45,085:INFO: - Train metrics: precison: 99.61; recall: 99.85; f1: 99.73; loss: 00.17
2021-02-04 21:09:45,345:INFO: - Eval metrics: precison: 81.80; recall: 84.41; f1: 83.09
2021-02-04 21:09:45,483:INFO: Epoch 60/100
2021-02-04 21:09:51,922:INFO: - Train metrics: precison: 99.68; recall: 99.89; f1: 99.79; loss: 00.16
2021-02-04 21:09:52,185:INFO: - Eval metrics: precison: 81.74; recall: 84.28; f1: 82.99
2021-02-04 21:09:52,325:INFO: Epoch 61/100
2021-02-04 21:09:58,783:INFO: - Train metrics: precison: 99.65; recall: 99.85; f1: 99.75; loss: 00.15
2021-02-04 21:09:59,043:INFO: - Eval metrics: precison: 81.14; recall: 84.99; f1: 83.02
2021-02-04 21:09:59,178:INFO: Epoch 62/100
2021-02-04 21:10:05,606:INFO: - Train metrics: precison: 99.74; recall: 99.89; f1: 99.82; loss: 00.15
2021-02-04 21:10:05,867:INFO: - Eval metrics: precison: 82.31; recall: 84.10; f1: 83.20
2021-02-04 21:10:05,996:INFO: Epoch 63/100
2021-02-04 21:10:12,456:INFO: - Train metrics: precison: 99.71; recall: 99.88; f1: 99.80; loss: 00.14
2021-02-04 21:10:12,715:INFO: - Eval metrics: precison: 81.64; recall: 84.10; f1: 82.85
2021-02-04 21:10:12,807:INFO: Epoch 64/100
2021-02-04 21:10:19,251:INFO: - Train metrics: precison: 99.77; recall: 99.91; f1: 99.84; loss: 00.14
2021-02-04 21:10:19,512:INFO: - Eval metrics: precison: 82.05; recall: 84.41; f1: 83.21
2021-02-04 21:10:19,602:INFO: Epoch 65/100
2021-02-04 21:10:26,055:INFO: - Train metrics: precison: 99.80; recall: 99.91; f1: 99.86; loss: 00.15
2021-02-04 21:10:26,321:INFO: - Eval metrics: precison: 82.31; recall: 82.64; f1: 82.48
2021-02-04 21:10:26,411:INFO: Epoch 66/100
2021-02-04 21:10:32,875:INFO: - Train metrics: precison: 99.77; recall: 99.91; f1: 99.84; loss: 00.14
2021-02-04 21:10:33,136:INFO: - Eval metrics: precison: 81.32; recall: 85.43; f1: 83.33
2021-02-04 21:10:33,228:INFO: Epoch 67/100
2021-02-04 21:10:39,674:INFO: - Train metrics: precison: 99.80; recall: 99.92; f1: 99.86; loss: 00.13
2021-02-04 21:10:39,932:INFO: - Eval metrics: precison: 81.88; recall: 84.23; f1: 83.04
2021-02-04 21:10:40,022:INFO: Epoch 68/100
2021-02-04 21:10:46,463:INFO: - Train metrics: precison: 99.89; recall: 99.94; f1: 99.92; loss: 00.12
2021-02-04 21:10:46,726:INFO: - Eval metrics: precison: 82.80; recall: 83.17; f1: 82.99
2021-02-04 21:10:46,842:INFO: Epoch 69/100
2021-02-04 21:10:53,300:INFO: - Train metrics: precison: 99.80; recall: 99.94; f1: 99.87; loss: 00.13
2021-02-04 21:10:53,558:INFO: - Eval metrics: precison: 81.09; recall: 84.72; f1: 82.87
2021-02-04 21:10:53,680:INFO: Epoch 70/100
2021-02-04 21:11:00,126:INFO: - Train metrics: precison: 99.89; recall: 99.94; f1: 99.92; loss: 00.12
2021-02-04 21:11:00,384:INFO: - Eval metrics: precison: 82.34; recall: 84.06; f1: 83.19
2021-02-04 21:11:00,493:INFO: Epoch 71/100
2021-02-04 21:11:06,942:INFO: - Train metrics: precison: 99.92; recall: 99.94; f1: 99.93; loss: 00.12
2021-02-04 21:11:07,204:INFO: - Eval metrics: precison: 81.67; recall: 84.46; f1: 83.04
2021-02-04 21:11:07,331:INFO: Epoch 72/100
2021-02-04 21:11:13,776:INFO: - Train metrics: precison: 99.89; recall: 99.94; f1: 99.92; loss: 00.11
2021-02-04 21:11:14,034:INFO: - Eval metrics: precison: 80.99; recall: 84.15; f1: 82.54
2021-02-04 21:11:14,165:INFO: Epoch 73/100
2021-02-04 21:11:20,638:INFO: - Train metrics: precison: 99.92; recall: 99.95; f1: 99.94; loss: 00.12
2021-02-04 21:11:20,901:INFO: - Eval metrics: precison: 81.96; recall: 84.28; f1: 83.10
2021-02-04 21:11:20,992:INFO: Epoch 74/100
2021-02-04 21:11:27,437:INFO: - Train metrics: precison: 99.88; recall: 99.92; f1: 99.90; loss: 00.11
2021-02-04 21:11:27,696:INFO: - Eval metrics: precison: 81.45; recall: 84.37; f1: 82.88
2021-02-04 21:11:27,786:INFO: Epoch 75/100
2021-02-04 21:11:34,241:INFO: - Train metrics: precison: 99.89; recall: 99.95; f1: 99.92; loss: 00.10
2021-02-04 21:11:34,499:INFO: - Eval metrics: precison: 81.58; recall: 84.15; f1: 82.84
2021-02-04 21:11:34,591:INFO: Epoch 76/100
2021-02-04 21:11:41,004:INFO: - Train metrics: precison: 99.94; recall: 99.95; f1: 99.95; loss: 00.10
2021-02-04 21:11:41,268:INFO: - Eval metrics: precison: 81.00; recall: 84.59; f1: 82.76
2021-02-04 21:11:41,360:INFO: Epoch 77/100
2021-02-04 21:11:47,821:INFO: - Train metrics: precison: 99.92; recall: 99.95; f1: 99.94; loss: 00.09
2021-02-04 21:11:48,080:INFO: - Eval metrics: precison: 81.74; recall: 83.84; f1: 82.77
2021-02-04 21:11:48,168:INFO: Epoch 78/100
2021-02-04 21:11:54,619:INFO: - Train metrics: precison: 99.94; recall: 99.95; f1: 99.95; loss: 00.08
2021-02-04 21:11:54,877:INFO: - Eval metrics: precison: 82.29; recall: 83.53; f1: 82.90
2021-02-04 21:11:55,007:INFO: Epoch 79/100
2021-02-04 21:12:01,463:INFO: - Train metrics: precison: 99.95; recall: 99.97; f1: 99.96; loss: 00.09
2021-02-04 21:12:01,726:INFO: - Eval metrics: precison: 80.96; recall: 84.54; f1: 82.71
2021-02-04 21:12:01,861:INFO: Epoch 80/100
2021-02-04 21:12:08,302:INFO: - Train metrics: precison: 99.95; recall: 99.97; f1: 99.96; loss: 00.09
2021-02-04 21:12:08,561:INFO: - Eval metrics: precison: 81.82; recall: 83.53; f1: 82.66
2021-02-04 21:12:08,653:INFO: Epoch 81/100
2021-02-04 21:12:15,108:INFO: - Train metrics: precison: 99.97; recall: 99.97; f1: 99.97; loss: 00.09
2021-02-04 21:12:15,368:INFO: - Eval metrics: precison: 81.75; recall: 83.30; f1: 82.52
2021-02-04 21:12:15,488:INFO: best val f1: 83.48
